Job started:  Wed Apr 15 09:34:17 EDT 2026
Node:         rg32201
Array task:   2  (seed=0  scale=1.0  eta=0.3)
Loading model from models/ldm/stable-diffusion-v1/model.ckpt
Global Step: 470000
LatentDiffusion: Running in eps-prediction mode
DiffusionWrapper has 859.52 M params.
making attention of type 'vanilla' with 512 in_channels
Working with z of shape (1, 4, 32, 32) = 4096 dimensions.
making attention of type 'vanilla' with 512 in_channels
Creating invisible watermark encoder (see https://github.com/ShieldMnt/invisible-watermark)...
Subtracting 1 from DDIM time indices to match the dimension.
Data shape for DDIM sampling is (1, 4, 64, 64), eta 0.3
Running DDIM Sampling with 1000 timesteps
Loss:  231.5996856689453
Loss:  348.1614074707031
Loss:  292.6217956542969
Loss:  269.1568908691406
Loss:  280.64178466796875
Loss:  278.68914794921875
Loss:  300.07476806640625
Loss:  277.361328125
Loss:  238.8629150390625
Loss:  249.2756805419922
Loss:  297.3905334472656
Loss:  235.5736846923828
Loss:  218.72610473632812
Loss:  228.40203857421875
Loss:  207.72239685058594
Loss:  208.78831481933594
Loss:  303.9067687988281
Loss:  276.97027587890625
Loss:  239.81845092773438
Loss:  226.8392333984375
Loss:  220.56796264648438
Loss:  229.2894287109375
Loss:  206.86032104492188
Loss:  207.15867614746094
Loss:  207.41714477539062
Loss:  279.531494140625
Loss:  179.32305908203125
Loss:  184.17337036132812
Loss:  241.51573181152344
Loss:  206.5155029296875
Loss:  180.58883666992188
Loss:  161.10610961914062
Loss:  149.6341094970703
Loss:  158.75042724609375
Loss:  194.21328735351562
Loss:  187.87374877929688
Loss:  164.024169921875
Loss:  203.0177764892578
Loss:  200.18409729003906
Loss:  141.13548278808594
Loss:  144.5091094970703
Loss:  162.20567321777344
Loss:  180.9598846435547
Loss:  157.05352783203125
Loss:  168.5122528076172
Loss:  156.69378662109375
Loss:  145.8441925048828
Loss:  153.25840759277344
Loss:  164.64549255371094
Loss:  142.7722930908203
Loss:  129.80429077148438
Loss:  122.5001449584961
Loss:  141.7388458251953
Loss:  145.75198364257812
Loss:  135.65911865234375
Loss:  132.95689392089844
Loss:  121.16487884521484
Loss:  128.79286193847656
Loss:  128.96420288085938
Loss:  114.966064453125
Loss:  121.41293334960938
Loss:  124.83271026611328
Loss:  111.54668426513672
Loss:  112.14517974853516
Loss:  116.35629272460938
Loss:  109.50431823730469
Loss:  108.60623168945312
Loss:  109.44805908203125
Loss:  103.7724838256836
Loss:  103.75236511230469
Loss:  103.6596450805664
Loss:  100.06629180908203
Loss:  98.30892181396484
Loss:  97.40026092529297
Loss:  99.0127182006836
Loss:  97.03660583496094
Loss:  94.83982849121094
Loss:  94.26245880126953
Loss:  91.94644165039062
Loss:  90.68206024169922
Loss:  89.9369125366211
Loss:  89.9195785522461
Loss:  87.7926025390625
Loss:  88.27722930908203
Loss:  85.74706268310547
Loss:  85.7078857421875
Loss:  83.39314270019531
Loss:  84.00923156738281
Loss:  82.67008209228516
Loss:  82.38497161865234
Loss:  80.94427490234375
Loss:  80.99767303466797
Loss:  79.53398895263672
Loss:  79.6874771118164
Loss:  78.11695861816406
Loss:  78.15241241455078
Loss:  76.79585266113281
Loss:  77.3066177368164
Loss:  76.62716674804688
Loss:  75.88643646240234
Loss:  74.45539093017578
Loss:  74.7918701171875
Loss:  74.46004486083984
Loss:  74.6948013305664
Loss:  73.62531280517578
Loss:  73.88138580322266
Loss:  72.8060302734375
Loss:  72.59447479248047
Loss:  71.31507110595703
Loss:  71.5334243774414
Loss:  71.0732192993164
Loss:  69.91436004638672
Loss:  69.72135162353516
Loss:  69.66661834716797
Loss:  69.13665008544922
Loss:  68.95507049560547
Loss:  68.62511444091797
Loss:  68.23734283447266
Loss:  67.82386779785156
Loss:  67.56501770019531
Loss:  67.22237396240234
Loss:  67.13343048095703
Loss:  67.2686996459961
Loss:  66.64625549316406
Loss:  66.25172424316406
Loss:  66.11378479003906
Loss:  66.05180358886719
Loss:  65.67948150634766
Loss:  65.52731323242188
Loss:  65.60678100585938
Loss:  65.36549377441406
Loss:  65.25167083740234
Loss:  64.75621795654297
Loss:  64.53983306884766
Loss:  64.47750091552734
Loss:  64.61878204345703
Loss:  64.84834289550781
Loss:  64.33965301513672
Loss:  63.74918746948242
Loss:  63.55288314819336
Loss:  63.4326171875
Loss:  63.1971435546875
Loss:  62.85199737548828
Loss:  63.06613540649414
Loss:  62.894317626953125
Loss:  62.87464141845703
Loss:  62.687068939208984
Loss:  62.634864807128906
Loss:  62.07496643066406
Loss:  62.20527267456055
Loss:  61.6291389465332
Loss:  61.48212814331055
Loss:  61.111934661865234
Loss:  61.04376220703125
Loss:  60.88033676147461
Loss:  61.1629638671875
Loss:  61.20479202270508
Loss:  60.9865608215332
Loss:  60.606258392333984
Loss:  60.287147521972656
Loss:  59.88352584838867
Loss:  59.71044158935547
Loss:  59.52122116088867
Loss:  59.3871955871582
Loss:  59.143714904785156
Loss:  59.14430618286133
Loss:  58.92886734008789
Loss:  58.65619659423828
Loss:  58.727073669433594
Loss:  58.46397399902344
Loss:  58.50925064086914
Loss:  58.29368209838867
Loss:  58.2711181640625
Loss:  58.133216857910156
Loss:  58.639495849609375
Loss:  58.41059875488281
Loss:  58.88640594482422
Loss:  57.81126403808594
Loss:  57.47004699707031
Loss:  57.32203674316406
Loss:  57.16008377075195
Loss:  57.212982177734375
Loss:  57.10271453857422
Loss:  56.69009780883789
Loss:  56.712310791015625
Loss:  56.42436981201172
Loss:  56.409427642822266
Loss:  56.334564208984375
Loss:  56.54151916503906
Loss:  56.00442123413086
Loss:  55.89620590209961
Loss:  55.9621696472168
Loss:  56.02707290649414
Loss:  55.77297592163086
Loss:  56.04051971435547
Loss:  55.40565872192383
Loss:  55.225467681884766
Loss:  55.13307571411133
Loss:  55.782562255859375
Loss:  54.99219512939453
Loss:  54.877140045166016
Loss:  54.76254653930664
Loss:  55.243717193603516
Loss:  54.577484130859375
Loss:  54.51559829711914
Loss:  54.574222564697266
Loss:  55.34577560424805
Loss:  54.298065185546875
Loss:  53.9647331237793
Loss:  54.3045539855957
Loss:  55.09043502807617
Loss:  54.155372619628906
Loss:  54.066951751708984
Loss:  54.299800872802734
Loss:  55.2971076965332
Loss:  54.054473876953125
Loss:  53.826690673828125
Loss:  53.93897247314453
Loss:  54.51683044433594
Loss:  53.91876983642578
Loss:  54.33766174316406
Loss:  54.00711441040039
Loss:  54.23868179321289
Loss:  53.385093688964844
Loss:  53.32630920410156
Loss:  53.40633010864258
Loss:  53.69601821899414
Loss:  52.98377227783203
Loss:  52.9261589050293
Loss:  53.05738067626953
Loss:  53.59420394897461
Loss:  52.74528884887695
Loss:  52.44782257080078
Loss:  52.562557220458984
Loss:  53.29500198364258
Loss:  52.50542449951172
Loss:  52.08586883544922
Loss:  52.03261184692383
Loss:  52.18256759643555
Loss:  52.10997772216797
Loss:  52.7713623046875
Loss:  52.15264892578125
Loss:  52.17979431152344
Loss:  51.825138092041016
Loss:  52.07951736450195
Loss:  51.869876861572266
Loss:  52.03449630737305
Loss:  51.64555740356445
Loss:  52.17300796508789
Loss:  51.63114929199219
Loss:  51.55949783325195
Loss:  51.53450012207031
Loss:  52.35662841796875
Loss:  51.4398307800293
Loss:  51.2613639831543
Loss:  50.98662567138672
Loss:  51.03324890136719
Loss:  51.03562927246094
Loss:  51.466407775878906
Loss:  50.97263717651367
Loss:  50.98000717163086
Loss:  51.161842346191406
Loss:  52.15925598144531
Loss:  51.209083557128906
Loss:  50.819671630859375
Loss:  50.65885543823242
Loss:  50.577049255371094
Loss:  50.5374755859375
Loss:  50.50880813598633
Loss:  50.52143096923828
Loss:  50.651432037353516
Loss:  50.61369705200195
Loss:  50.905460357666016
Loss:  50.82719421386719
Loss:  51.21235656738281
Loss:  50.67780303955078
Loss:  50.565460205078125
Loss:  50.437255859375
Loss:  50.383079528808594
Loss:  50.17833709716797
Loss:  50.11880111694336
Loss:  50.07071304321289
Loss:  50.01448059082031
Loss:  49.880733489990234
Loss:  49.864280700683594
Loss:  49.77912902832031
Loss:  49.767398834228516
Loss:  49.62863540649414
Loss:  49.62670135498047
Loss:  49.5800895690918
Loss:  49.63861083984375
Loss:  49.46037292480469
Loss:  49.46489334106445
Loss:  49.4523811340332
Loss:  49.53564453125
Loss:  49.38089370727539
Loss:  49.415592193603516
Loss:  49.41524124145508
Loss:  49.488006591796875
Loss:  49.432132720947266
Loss:  49.650630950927734
Loss:  49.3323974609375
Loss:  49.36201477050781
Loss:  49.28790283203125
Loss:  49.307395935058594
Loss:  49.335418701171875
Loss:  49.32600021362305
Loss:  49.16619110107422
Loss:  49.203922271728516
Loss:  49.08062744140625
Loss:  48.97782897949219
Loss:  48.97121047973633
Loss:  48.975128173828125
Loss:  48.90081024169922
Loss:  49.0645866394043
Loss:  48.971954345703125
Loss:  48.978759765625
Loss:  48.798091888427734
Loss:  48.76606369018555
Loss:  48.67377471923828
Loss:  48.69562530517578
Loss:  48.617244720458984
Loss:  48.61073303222656
Loss:  48.55231475830078
Loss:  48.69118881225586
Loss:  48.473472595214844
Loss:  48.43540954589844
Loss:  48.41720962524414
Loss:  48.42826461791992
Loss:  48.387184143066406
Loss:  48.36473083496094
Loss:  48.326690673828125
Loss:  48.28688049316406
Loss:  48.20895767211914
Loss:  48.26707077026367
Loss:  48.15744400024414
Loss:  48.11742401123047
Loss:  48.1858024597168
Loss:  48.2236213684082
Loss:  48.199440002441406
Loss:  48.245025634765625
Loss:  48.15461349487305
Loss:  48.07466125488281
Loss:  47.98551940917969
Loss:  48.0085334777832
Loss:  47.88417053222656
Loss:  47.927650451660156
Loss:  47.84101486206055
Loss:  47.832847595214844
Loss:  47.77030563354492
Loss:  47.8011474609375
Loss:  47.73196792602539
Loss:  47.828304290771484
Loss:  47.64930725097656
Loss:  47.62009811401367
Loss:  47.62384033203125
Loss:  47.624351501464844
Loss:  47.537109375
Loss:  47.52942657470703
Loss:  47.46056365966797
Loss:  47.41447830200195
Loss:  47.37180709838867
Loss:  47.347816467285156
Loss:  47.33993148803711
Loss:  47.36793518066406
Loss:  47.325767517089844
Loss:  47.275299072265625
Loss:  47.383670806884766
Loss:  47.311431884765625
Loss:  47.24494552612305
Loss:  47.273319244384766
Loss:  47.24956130981445
Loss:  47.165592193603516
Loss:  47.08378601074219
Loss:  47.08185958862305
Loss:  47.03367233276367
Loss:  47.029701232910156
Loss:  46.960453033447266
Loss:  47.055458068847656
Loss:  47.009300231933594
Loss:  47.020992279052734
Loss:  47.00440979003906
Loss:  47.08056640625
Loss:  46.924278259277344
Loss:  46.94985580444336
Loss:  46.810482025146484
Loss:  46.790252685546875
Loss:  46.78752899169922
Loss:  46.77059555053711
Loss:  46.74534606933594
Loss:  46.70295333862305
Loss:  46.71029281616211
Loss:  46.73017883300781
Loss:  46.7002067565918
Loss:  46.69056701660156
Loss:  46.65207290649414
Loss:  46.679603576660156
Loss:  46.649112701416016
Loss:  46.66808319091797
Loss:  46.62924575805664
Loss:  46.654571533203125
Loss:  46.539859771728516
Loss:  46.513084411621094
Loss:  46.443565368652344
Loss:  46.42359924316406
Loss:  46.41987228393555
Loss:  46.389774322509766
Loss:  46.36967086791992
Loss:  46.37997817993164
Loss:  46.326629638671875
Loss:  46.301170349121094
Loss:  46.314544677734375
Loss:  46.281227111816406
Loss:  46.21538543701172
Loss:  46.25399398803711
Loss:  46.16520690917969
Loss:  46.143775939941406
Loss:  46.128021240234375
Loss:  46.07304382324219
Loss:  46.07859420776367
Loss:  46.073463439941406
Loss:  46.069915771484375
Loss:  45.98046112060547
Loss:  46.0143928527832
Loss:  45.983585357666016
Loss:  45.96288299560547
Loss:  45.99056625366211
Loss:  45.98695755004883
Loss:  45.979984283447266
Loss:  45.93952941894531
Loss:  45.89674377441406
Loss:  45.940582275390625
Loss:  45.92423629760742
Loss:  45.90919876098633
Loss:  45.7963981628418
Loss:  45.74525451660156
Loss:  45.79046630859375
Loss:  45.745853424072266
Loss:  45.7303581237793
Loss:  45.75727844238281
Loss:  45.7579231262207
Loss:  45.655494689941406
Loss:  45.691734313964844
Loss:  45.673866271972656
Loss:  45.66505813598633
Loss:  45.65509796142578
Loss:  45.61775207519531
Loss:  45.544769287109375
Loss:  45.55862045288086
Loss:  45.5462646484375
Loss:  45.564697265625
Loss:  45.530296325683594
Loss:  45.47560119628906
Loss:  45.51457214355469
Loss:  45.575172424316406
Loss:  45.49175262451172
Loss:  45.45586395263672
Loss:  45.43686294555664
Loss:  45.450782775878906
Loss:  45.3941650390625
Loss:  45.41965866088867
Loss:  45.40070724487305
Loss:  45.3761100769043
Loss:  45.34782028198242
Loss:  45.3199462890625
Loss:  45.31903076171875
Loss:  45.298667907714844
Loss:  45.24170684814453
Loss:  45.28660202026367
Loss:  45.30061721801758
Loss:  45.26997375488281
Loss:  45.23709487915039
Loss:  45.23986053466797
Loss:  45.23321533203125
Loss:  45.32403564453125
Loss:  45.1920166015625
Loss:  45.16984558105469
Loss:  45.17376708984375
Loss:  45.16748046875
Loss:  45.12557601928711
Loss:  45.14500427246094
Loss:  45.14285659790039
Loss:  45.115943908691406
Loss:  45.1036491394043
Loss:  45.09519577026367
Loss:  45.083072662353516
Loss:  45.04415512084961
Loss:  45.053993225097656
Loss:  45.022220611572266
Loss:  45.01639175415039
Loss:  45.01358413696289
Loss:  45.01512145996094
Loss:  44.97334289550781
Loss:  45.00380325317383
Loss:  44.983680725097656
Loss:  44.980533599853516
Loss:  44.94222640991211
Loss:  44.938865661621094
Loss:  44.87399673461914
Loss:  44.91978073120117
Loss:  44.87758255004883
Loss:  44.86616516113281
Loss:  44.897911071777344
Loss:  44.886653900146484
Loss:  44.849578857421875
Loss:  44.833290100097656
Loss:  44.805152893066406
Loss:  44.8271484375
Loss:  44.76026153564453
Loss:  44.78179931640625
Loss:  44.79706954956055
Loss:  44.75204086303711
Loss:  44.74861145019531
Loss:  44.75521469116211
Loss:  44.70843505859375
Loss:  44.70750427246094
Loss:  44.69428634643555
Loss:  44.671241760253906
Loss:  44.663795471191406
Loss:  44.666446685791016
Loss:  44.62113571166992
Loss:  44.6298713684082
Loss:  44.59992218017578
Loss:  44.603065490722656
Loss:  44.595802307128906
Loss:  44.5433235168457
Loss:  44.5590705871582
Loss:  44.572975158691406
Loss:  44.523033142089844
Loss:  44.51393508911133
Loss:  44.49629592895508
Loss:  44.495079040527344
Loss:  44.524654388427734
Loss:  44.51515579223633
Loss:  44.4939079284668
Loss:  44.48731231689453
Loss:  44.463165283203125
Loss:  44.422935485839844
Loss:  44.47821807861328
Loss:  44.436920166015625
Loss:  44.42501449584961
Loss:  44.351924896240234
Loss:  44.37230682373047
Loss:  44.37479782104492
Loss:  44.35417938232422
Loss:  44.34455490112305
Loss:  44.35773849487305
Loss:  44.27873611450195
Loss:  44.343536376953125
Loss:  44.323387145996094
Loss:  44.28739929199219
Loss:  44.28421401977539
Loss:  44.254276275634766
Loss:  44.2910041809082
Loss:  44.27703857421875
Loss:  44.2706184387207
Loss:  44.27080535888672
Loss:  44.22305679321289
Loss:  44.26569366455078
Loss:  44.238800048828125
Loss:  44.23429870605469
Loss:  44.22568893432617
Loss:  44.191402435302734
Loss:  44.149940490722656
Loss:  44.22749710083008
Loss:  44.14248275756836
Loss:  44.14918518066406
Loss:  44.15448760986328
Loss:  44.14047622680664
Loss:  44.13663101196289
Loss:  44.11220169067383
Loss:  44.12833023071289
Loss:  44.15114974975586
Loss:  44.108516693115234
Loss:  44.130340576171875
Loss:  44.06389617919922
Loss:  44.064632415771484
Loss:  44.04306411743164
Loss:  44.07417297363281
Loss:  44.02723693847656
Loss:  44.03268051147461
Loss:  44.09358596801758
Loss:  43.99878692626953
Loss:  44.02360916137695
Loss:  44.00670623779297
Loss:  43.98687744140625
Loss:  44.0196418762207
Loss:  44.00365447998047
Loss:  43.92921829223633
Loss:  43.94818878173828
Loss:  43.95077133178711
Loss:  43.94490051269531
Loss:  43.928245544433594
Loss:  43.92848587036133
Loss:  43.88242721557617
Loss:  43.854129791259766
Loss:  43.86275100708008
Loss:  43.85499572753906
Loss:  43.83720016479492
Loss:  43.86013412475586
Loss:  43.86286926269531
Loss:  43.83001708984375
Loss:  43.81986618041992
Loss:  43.807952880859375
Loss:  43.798336029052734
Loss:  43.80245590209961
Loss:  43.76534652709961
Loss:  43.78200912475586
Loss:  43.74403762817383
Loss:  43.75330352783203
Loss:  43.75741958618164
Loss:  43.78153991699219
Loss:  43.73246765136719
Loss:  43.73377990722656
Loss:  43.72265625
Loss:  43.718265533447266
Loss:  43.68168258666992
Loss:  43.72142028808594
Loss:  43.693904876708984
Loss:  43.71621322631836
Loss:  43.699623107910156
Loss:  43.67119598388672
Loss:  43.67783737182617
Loss:  43.63822555541992
Loss:  43.65714645385742
Loss:  43.654808044433594
Loss:  43.67236328125
Loss:  43.5991325378418
Loss:  43.617698669433594
Loss:  43.604888916015625
Loss:  43.57166290283203
Loss:  43.55732345581055
Loss:  43.582096099853516
Loss:  43.55845642089844
Loss:  43.53325653076172
Loss:  43.554603576660156
Loss:  43.55056381225586
Loss:  43.56962203979492
Loss:  43.55963134765625
Loss:  43.55698776245117
Loss:  43.50333023071289
Loss:  43.54025650024414
Loss:  43.513702392578125
Loss:  43.521461486816406
Loss:  43.51557922363281
Loss:  43.5397834777832
Loss:  43.49467849731445
Loss:  43.48058319091797
Loss:  43.48725128173828
Loss:  43.42292785644531
Loss:  43.44829559326172
Loss:  43.48527526855469
Loss:  43.422149658203125
Loss:  43.48518371582031
Loss:  43.44976043701172
Loss:  43.39216613769531
Loss:  43.38565444946289
Loss:  43.44422912597656
Loss:  43.46768569946289
Loss:  43.385765075683594
Loss:  43.40702819824219
Loss:  43.420650482177734
Loss:  43.393489837646484
Loss:  43.35319900512695
Loss:  43.32659912109375
Loss:  43.34805679321289
Loss:  43.364906311035156
Loss:  43.35279846191406
Loss:  43.35984420776367
Loss:  43.34487533569336
Loss:  43.323551177978516
Loss:  43.303245544433594
Loss:  43.29061508178711
Loss:  43.32218551635742
Loss:  43.321250915527344
Loss:  43.280826568603516
Loss:  43.26807403564453
Loss:  43.239768981933594
Loss:  43.24929428100586
Loss:  43.27767562866211
Loss:  43.232688903808594
Loss:  43.18836975097656
Loss:  43.21241760253906
Loss:  43.18314743041992
Loss:  43.169166564941406
Loss:  43.18193817138672
Loss:  43.13508605957031
Loss:  43.175010681152344
Loss:  43.11250305175781
Loss:  43.14275360107422
Loss:  43.125511169433594
Loss:  43.10536193847656
Loss:  43.11857223510742
Loss:  43.1121711730957
Loss:  43.08902359008789
Loss:  43.080692291259766
Loss:  43.12010192871094
Loss:  43.13267517089844
Loss:  43.15319061279297
Loss:  43.05649185180664
Loss:  43.106910705566406
Loss:  43.03056716918945
Loss:  43.02963638305664
Loss:  43.11191177368164
Loss:  43.044071197509766
Loss:  43.02366638183594
Loss:  43.08317184448242
Loss:  43.06052780151367
Loss:  43.06011199951172
Loss:  43.042274475097656
Loss:  43.05474853515625
Loss:  43.0567626953125
Loss:  43.027000427246094
Loss:  43.051509857177734
Loss:  43.014957427978516
Loss:  42.96272277832031
Loss:  42.964111328125
Loss:  42.997169494628906
Loss:  42.96681213378906
Loss:  43.02524185180664
Loss:  42.98277282714844
Loss:  42.93512725830078
Loss:  42.947994232177734
Loss:  42.9603385925293
Loss:  42.98488998413086
Loss:  42.890113830566406
Loss:  42.98140335083008
Loss:  42.91083908081055
Loss:  42.91222381591797
Loss:  42.9273681640625
Loss:  42.90798568725586
Loss:  42.9049186706543
Loss:  42.91835403442383
Loss:  42.87657928466797
Loss:  42.88627624511719
Loss:  42.879459381103516
Loss:  42.888980865478516
Loss:  42.853485107421875
Loss:  42.87226867675781
Loss:  42.86141586303711
Loss:  42.834754943847656
Loss:  42.88374710083008
Loss:  42.87440872192383
Loss:  42.82612991333008
Loss:  42.84429931640625
Loss:  42.83045959472656
Loss:  42.80699157714844
Loss:  42.83333206176758
Loss:  42.8060302734375
Loss:  42.81574630737305
Loss:  42.790252685546875
Loss:  42.79362106323242
Loss:  42.78767776489258
Loss:  42.78829574584961
Loss:  42.80545425415039
Loss:  42.810184478759766
Loss:  42.79582214355469
Loss:  42.77556610107422
Loss:  42.82441711425781
Loss:  42.74519729614258
Loss:  42.759578704833984
Loss:  42.747406005859375
Loss:  42.72320556640625
Loss:  42.731590270996094
Loss:  42.71873474121094
Loss:  42.72599411010742
Loss:  42.72745132446289
Loss:  42.73539733886719
Loss:  42.67292404174805
Loss:  42.64235305786133
Loss:  42.70830154418945
Loss:  42.70012664794922
Loss:  42.68531799316406
Loss:  42.67142868041992
Loss:  42.666812896728516
Loss:  42.63864517211914
Loss:  42.65731430053711
Loss:  42.641109466552734
Loss:  42.67005157470703
Loss:  42.67311477661133
Loss:  42.671417236328125
Loss:  42.580596923828125
Loss:  42.604461669921875
Loss:  42.589393615722656
Loss:  42.56657409667969
Loss:  42.58209228515625
Loss:  42.57239532470703
Loss:  42.51248550415039
Loss:  42.52936553955078
Loss:  42.50988006591797
Loss:  42.488983154296875
Loss:  42.4674186706543
Loss:  42.51032257080078
Loss:  42.47364807128906
Loss:  42.465538024902344
Loss:  42.45212936401367
Loss:  42.4510498046875
Loss:  42.45758819580078
Loss:  42.41017532348633
Loss:  42.366146087646484
Loss:  42.4140739440918
Loss:  42.35956573486328
Loss:  42.4141731262207
Loss:  42.39192199707031
Loss:  42.31692123413086
Loss:  42.34198760986328
Loss:  42.321495056152344
Loss:  42.34976577758789
Loss:  42.28335189819336
Loss:  42.2515754699707
Loss:  42.26725769042969
Loss:  42.23395919799805
Loss:  42.260833740234375
Loss:  42.21086120605469
Loss:  42.21028137207031
Loss:  42.212406158447266
Loss:  42.207584381103516
Loss:  42.18287658691406
Loss:  42.17503356933594
Loss:  42.17365646362305
Loss:  42.097782135009766
Loss:  42.09396743774414
Loss:  42.1048469543457
Loss:  42.071258544921875
Loss:  42.03160858154297
Loss:  42.023887634277344
Loss:  41.980655670166016
Loss:  41.96702194213867
Loss:  42.00410461425781
Loss:  41.90458297729492
Loss:  41.88134002685547
Loss:  41.881961822509766
Loss:  41.837894439697266
Loss:  41.83732986450195
Loss:  41.81237030029297
Loss:  41.77158737182617
Loss:  41.73886489868164
Loss:  41.7261962890625
Loss:  41.66408920288086
Loss:  41.6390495300293
Loss:  41.56725311279297
Loss:  41.51654052734375
Loss:  41.507568359375
Loss:  41.46699523925781
Loss:  41.37604904174805
Loss:  41.32979965209961
Loss:  41.34328842163086
Loss:  41.28403854370117
Loss:  41.22023010253906
Loss:  41.19478225708008
Loss:  41.14582824707031
Loss:  41.08596420288086
Loss:  41.06155776977539
Loss:  41.0120735168457
Loss:  40.97906494140625
Loss:  40.99445343017578
Loss:  40.95103073120117
Loss:  40.90488052368164
Loss:  40.880462646484375
Loss:  40.81462860107422
Loss:  40.803741455078125
Loss:  40.77534484863281
Loss:  40.76937484741211
Loss:  40.723838806152344
Loss:  40.663822174072266
Loss:  40.62059783935547
Loss:  40.630435943603516
Loss:  40.62378692626953
Loss:  40.59602355957031
Loss:  40.56977462768555
Loss:  40.53301239013672
Loss:  40.529136657714844
Loss:  40.46010971069336
Loss:  40.45585632324219
Loss:  40.4569206237793
Loss:  40.410762786865234
Loss:  40.35680389404297
Loss:  40.37723922729492
Loss:  40.36681365966797
Loss:  40.33636474609375
Loss:  40.328514099121094
Loss:  40.29001998901367
Loss:  40.28008270263672
Loss:  40.278831481933594
Loss:  40.262454986572266
Loss:  40.256221771240234
Loss:  40.22321319580078
Loss:  40.23090362548828
Loss:  40.174285888671875
Loss:  40.18391799926758
Loss:  40.17982864379883
Loss:  40.15841293334961
Loss:  40.115882873535156
Loss:  40.099159240722656
Loss:  40.10410690307617
Loss:  40.085975646972656
Loss:  40.05773162841797
Loss:  40.06890869140625
Loss:  40.056793212890625
Loss:  40.01140213012695
Loss:  40.02009201049805
Loss:  40.06674575805664
Loss:  39.98841857910156
Loss:  39.992332458496094
Loss:  39.953575134277344
Loss:  39.96009063720703
Loss:  39.9532356262207
Loss:  39.916316986083984
Loss:  39.914974212646484
Loss:  39.92561340332031
Loss:  39.932403564453125
Loss:  39.88560104370117
Loss:  39.87324142456055
Loss:  39.8185920715332
Loss:  39.8317756652832
Loss:  39.80745315551758
Loss:  39.80473709106445
Loss:  39.816864013671875
Loss:  39.81586456298828
Loss:  39.752994537353516
Loss:  39.76768493652344
Loss:  39.76652908325195
Loss:  39.745338439941406
Loss:  39.750667572021484
Loss:  39.71415328979492
Loss:  39.724483489990234
Loss:  39.70186996459961
Loss:  39.69977951049805
Loss:  39.665618896484375
Loss:  39.68583679199219
Loss:  39.68867874145508
Loss:  39.60376739501953
Loss:  39.64950180053711
Loss:  39.644527435302734
Loss:  39.59022521972656
Loss:  39.62355422973633
Loss:  39.59860610961914
Loss:  39.54975509643555
Loss:  39.58821105957031
Loss:  39.50144577026367
Loss:  39.51349639892578
Loss:  39.49202346801758
Loss:  39.47285461425781
Loss:  39.47789001464844
Loss:  39.470054626464844
Loss:  39.49028778076172
Loss:  39.46778869628906
Loss:  39.47190475463867
Loss:  39.46196746826172
Loss:  39.42347717285156
Loss:  39.359764099121094
Loss:  39.401611328125
Loss:  39.323020935058594
Loss:  39.35972595214844
Loss:  39.3226318359375
Loss:  39.30293273925781
Loss:  39.32441711425781
Loss:  39.29521179199219
Loss:  39.32008743286133
Loss:  39.29247283935547
Loss:  39.26858901977539
Loss:  39.22272491455078
Loss:  39.233306884765625
Loss:  39.20819854736328
Loss:  39.23918151855469
Loss:  39.192996978759766
Loss:  39.24226760864258
Loss:  39.15312957763672
Loss:  39.16533279418945
Loss:  39.16241455078125
Loss:  39.116668701171875
Loss:  39.11748123168945
Loss:  39.100948333740234
Loss:  39.13445281982422
Loss:  39.10220718383789
Loss:  39.05373001098633
Loss:  39.08052062988281
Loss:  39.1070442199707
Loss:  39.02982711791992
Loss:  38.99745559692383
Loss:  39.0084228515625
Loss:  38.94448471069336
Loss:  38.978179931640625
Loss:  38.9639778137207
Loss:  38.983036041259766
Loss:  38.88408660888672
Loss:  38.951744079589844
Loss:  38.88564682006836
Loss:  38.9019660949707
Loss:  38.89118957519531
Loss:  38.86555862426758
Loss:  38.86729431152344
Loss:  38.83733367919922
Loss:  38.843048095703125
Loss:  38.7929801940918
Loss:  38.76185989379883
Loss:  38.784942626953125
Loss:  38.74156188964844
Loss:  38.75225067138672
Loss:  38.72343826293945
Your samples are ready and waiting for you here: 
outputs/psld-samples-center-bip 
 
Enjoy.
Job finished: Wed Apr 15 09:37:35 EDT 2026
