Job started: Tue Apr 14 18:24:38 EDT 2026
Running on node: rg32102
GPU(s): 0
Loading model from models/ldm/stable-diffusion-v1/model.ckpt
Global Step: 470000
LatentDiffusion: Running in eps-prediction mode
DiffusionWrapper has 859.52 M params.
making attention of type 'vanilla' with 512 in_channels
Working with z of shape (1, 4, 32, 32) = 4096 dimensions.
making attention of type 'vanilla' with 512 in_channels
Creating invisible watermark encoder (see https://github.com/ShieldMnt/invisible-watermark)...
Subtracting 1 from DDIM time indices to match the dimension.
Data shape for DDIM sampling is (1, 4, 64, 64), eta 0.0
Running DDIM Sampling with 1000 timesteps
Loss:  349.61651611328125
Loss:  558.0809936523438
Loss:  486.9462890625
Loss:  422.93359375
Loss:  455.86297607421875
Loss:  471.1724548339844
Loss:  466.6249084472656
Loss:  436.1036682128906
Loss:  386.13580322265625
Loss:  452.9525146484375
Loss:  450.8056640625
Loss:  446.27960205078125
Loss:  400.4087219238281
Loss:  416.9013671875
Loss:  399.12933349609375
Loss:  458.58209228515625
Loss:  354.9302673339844
Loss:  349.8287658691406
Loss:  445.7160949707031
Loss:  445.2590637207031
Loss:  323.77484130859375
Loss:  327.36663818359375
Loss:  409.232666015625
Loss:  423.8559265136719
Loss:  296.13641357421875
Loss:  300.5205993652344
Loss:  362.3282470703125
Loss:  377.654296875
Loss:  270.77838134765625
Loss:  290.4151916503906
Loss:  356.8896789550781
Loss:  327.326904296875
Loss:  233.8276824951172
Loss:  297.4526062011719
Loss:  310.6361999511719
Loss:  312.0205993652344
Loss:  236.84423828125
Loss:  294.58001708984375
Loss:  285.3671569824219
Loss:  299.62237548828125
Loss:  226.4167938232422
Loss:  287.7504577636719
Loss:  257.50848388671875
Loss:  293.3736572265625
Loss:  237.3544464111328
Loss:  274.32244873046875
Loss:  246.68577575683594
Loss:  297.7184143066406
Loss:  219.52987670898438
Loss:  245.24667358398438
Loss:  272.8818359375
Loss:  286.4564208984375
Loss:  194.90562438964844
Loss:  248.15902709960938
Loss:  267.845458984375
Loss:  268.3553771972656
Loss:  209.1246795654297
Loss:  258.20220947265625
Loss:  239.01658630371094
Loss:  255.4783477783203
Loss:  221.62347412109375
Loss:  255.09799194335938
Loss:  221.65257263183594
Loss:  263.1938781738281
Loss:  212.08644104003906
Loss:  225.91400146484375
Loss:  241.65206909179688
Loss:  261.0408630371094
Loss:  192.21974182128906
Loss:  229.12950134277344
Loss:  247.79629516601562
Loss:  237.8464813232422
Loss:  197.35536193847656
Loss:  238.384521484375
Loss:  219.06036376953125
Loss:  227.55889892578125
Loss:  205.20333862304688
Loss:  234.14517211914062
Loss:  206.34066772460938
Loss:  238.04644775390625
Loss:  195.3931121826172
Loss:  213.36245727539062
Loss:  210.17007446289062
Loss:  237.41087341308594
Loss:  187.109130859375
Loss:  206.1665802001953
Loss:  211.75335693359375
Loss:  225.1413116455078
Loss:  185.76454162597656
Loss:  210.3990478515625
Loss:  203.76744079589844
Loss:  212.32000732421875
Loss:  186.63558959960938
Loss:  212.2763671875
Loss:  193.87713623046875
Loss:  205.59974670410156
Loss:  186.00929260253906
Loss:  208.06341552734375
Loss:  189.1875762939453
Loss:  200.29945373535156
Loss:  185.65440368652344
Loss:  202.31268310546875
Loss:  183.5762176513672
Loss:  197.10414123535156
Loss:  184.0723419189453
Loss:  196.57640075683594
Loss:  179.22848510742188
Loss:  194.45587158203125
Loss:  180.31869506835938
Loss:  190.93621826171875
Loss:  177.20834350585938
Loss:  191.33692932128906
Loss:  175.81602478027344
Loss:  186.1735076904297
Loss:  175.3179473876953
Loss:  186.33148193359375
Loss:  172.0299530029297
Loss:  183.1720733642578
Loss:  172.24794006347656
Loss:  181.45968627929688
Loss:  169.88890075683594
Loss:  179.69671630859375
Loss:  168.993408203125
Loss:  177.3340606689453
Loss:  167.4419403076172
Loss:  175.84567260742188
Loss:  165.60159301757812
Loss:  173.76165771484375
Loss:  164.4169921875
Loss:  171.90447998046875
Loss:  162.797119140625
Loss:  169.88536071777344
Loss:  161.4547882080078
Loss:  168.20391845703125
Loss:  160.0480499267578
Loss:  166.06703186035156
Loss:  158.66595458984375
Loss:  164.27047729492188
Loss:  157.24501037597656
Loss:  162.2432403564453
Loss:  156.17222595214844
Loss:  160.6279754638672
Loss:  154.5197296142578
Loss:  158.89805603027344
Loss:  153.02960205078125
Loss:  157.0655517578125
Loss:  151.598388671875
Loss:  155.12208557128906
Loss:  150.38877868652344
Loss:  153.4217071533203
Loss:  149.14715576171875
Loss:  151.44192504882812
Loss:  148.2113494873047
Loss:  148.90380859375
Loss:  145.8213348388672
Loss:  146.88624572753906
Loss:  145.17518615722656
Loss:  147.1494140625
Loss:  143.58615112304688
Loss:  146.4697723388672
Loss:  142.4352569580078
Loss:  145.07476806640625
Loss:  141.15020751953125
Loss:  143.3782958984375
Loss:  140.12405395507812
Loss:  142.08448791503906
Loss:  139.4388427734375
Loss:  140.5426788330078
Loss:  139.758544921875
Loss:  138.93356323242188
Loss:  134.4254608154297
Loss:  135.77049255371094
Loss:  135.7094268798828
Loss:  135.85687255859375
Loss:  135.29229736328125
Loss:  134.56561279296875
Loss:  133.77520751953125
Loss:  133.26564025878906
Loss:  132.40121459960938
Loss:  132.02767944335938
Loss:  131.4427947998047
Loss:  130.8684539794922
Loss:  130.20509338378906
Loss:  129.89183044433594
Loss:  129.16770935058594
Loss:  128.59390258789062
Loss:  127.64318084716797
Loss:  127.49134063720703
Loss:  127.17000579833984
Loss:  126.60846710205078
Loss:  126.3653335571289
Loss:  125.44082641601562
Loss:  125.21240234375
Loss:  124.35318756103516
Loss:  124.35201263427734
Loss:  123.98050689697266
Loss:  124.54666900634766
Loss:  122.13606262207031
Loss:  121.9107666015625
Loss:  121.9327392578125
Loss:  121.61614990234375
Loss:  121.30821990966797
Loss:  120.89741516113281
Loss:  120.78079986572266
Loss:  118.36487579345703
Loss:  118.87004089355469
Loss:  119.32595825195312
Loss:  117.91799926757812
Loss:  118.16154479980469
Loss:  119.65715789794922
Loss:  120.77701568603516
Loss:  116.69970703125
Loss:  115.4710922241211
Loss:  116.30711364746094
Loss:  117.09626770019531
Loss:  115.90584564208984
Loss:  115.9837646484375
Loss:  115.52841186523438
Loss:  115.70747375488281
Loss:  115.26504516601562
Loss:  114.02938842773438
Loss:  112.58385467529297
Loss:  113.16096496582031
Loss:  112.1684341430664
Loss:  111.43277740478516
Loss:  110.5398941040039
Loss:  110.99842834472656
Loss:  111.12373352050781
Loss:  110.97412109375
Loss:  110.4410629272461
Loss:  110.64508056640625
Loss:  110.01678466796875
Loss:  109.8508529663086
Loss:  109.92700958251953
Loss:  110.13035583496094
Loss:  109.26985931396484
Loss:  108.11264038085938
Loss:  107.91555786132812
Loss:  107.95181274414062
Loss:  107.34288024902344
Loss:  107.29138946533203
Loss:  106.71263122558594
Loss:  106.33023071289062
Loss:  106.21977996826172
Loss:  106.8987045288086
Loss:  105.3505859375
Loss:  104.5085678100586
Loss:  104.2076187133789
Loss:  104.02180480957031
Loss:  103.84967803955078
Loss:  104.43363189697266
Loss:  105.22472381591797
Loss:  104.82502746582031
Loss:  103.82025909423828
Loss:  104.10559844970703
Loss:  103.87486267089844
Loss:  102.68434143066406
Loss:  101.74645233154297
Loss:  101.7415771484375
Loss:  101.4035873413086
Loss:  101.92835998535156
Loss:  101.54276275634766
Loss:  100.73851776123047
Loss:  100.1480484008789
Loss:  100.1881103515625
Loss:  99.97274780273438
Loss:  100.20403289794922
Loss:  100.08790588378906
Loss:  99.29562377929688
Loss:  98.94120025634766
Loss:  99.0163345336914
Loss:  99.08128356933594
Loss:  98.65951538085938
Loss:  98.29500579833984
Loss:  98.3084716796875
Loss:  98.20881652832031
Loss:  97.57613372802734
Loss:  97.29203033447266
Loss:  97.29663848876953
Loss:  97.17443084716797
Loss:  97.11004638671875
Loss:  96.88018035888672
Loss:  96.52275085449219
Loss:  96.54512023925781
Loss:  96.23375701904297
Loss:  96.2048568725586
Loss:  95.87134552001953
Loss:  95.66381072998047
Loss:  95.55912017822266
Loss:  95.42131042480469
Loss:  95.18978118896484
Loss:  95.02304077148438
Loss:  94.90887451171875
Loss:  94.78997802734375
Loss:  94.68233489990234
Loss:  94.31480407714844
Loss:  94.24794006347656
Loss:  94.10772705078125
Loss:  94.01329040527344
Loss:  93.76191711425781
Loss:  93.71194458007812
Loss:  93.61101531982422
Loss:  93.51532745361328
Loss:  93.47775268554688
Loss:  93.37323760986328
Loss:  93.23119354248047
Loss:  93.02696990966797
Loss:  93.09512329101562
Loss:  92.94863891601562
Loss:  92.88603210449219
Loss:  92.6357650756836
Loss:  92.45967864990234
Loss:  92.49268341064453
Loss:  92.3370361328125
Loss:  92.19010162353516
Loss:  92.24932861328125
Loss:  92.08748626708984
Loss:  91.98295593261719
Loss:  91.88886260986328
Loss:  91.9367904663086
Loss:  91.7186279296875
Loss:  91.78663635253906
Loss:  91.57759094238281
Loss:  91.5906753540039
Loss:  91.47953033447266
Loss:  91.775390625
Loss:  91.77275085449219
Loss:  92.50684356689453
Loss:  91.53237915039062
Loss:  91.22694396972656
Loss:  91.20186614990234
Loss:  91.37994384765625
Loss:  90.91546630859375
Loss:  91.00714874267578
Loss:  90.80427551269531
Loss:  91.01270294189453
Loss:  90.75774383544922
Loss:  90.74457550048828
Loss:  90.56106567382812
Loss:  90.54216766357422
Loss:  90.36488342285156
Loss:  90.44931030273438
Loss:  90.18588256835938
Loss:  90.2737808227539
Loss:  90.12156677246094
Loss:  90.16033935546875
Loss:  89.99317932128906
Loss:  89.97502136230469
Loss:  89.83399963378906
Loss:  89.82708740234375
Loss:  89.66600799560547
Loss:  89.7428207397461
Loss:  89.530517578125
Loss:  89.61901092529297
Loss:  89.5273208618164
Loss:  89.4096908569336
Loss:  89.43656158447266
Loss:  89.37602233886719
Loss:  89.30058288574219
Loss:  89.23197174072266
Loss:  89.13177490234375
Loss:  89.20216369628906
Loss:  89.14049530029297
Loss:  89.14125061035156
Loss:  88.97766876220703
Loss:  88.87873840332031
Loss:  88.88235473632812
Loss:  88.86865997314453
Loss:  88.79655456542969
Loss:  88.79100799560547
Loss:  88.68202209472656
Loss:  88.5677490234375
Loss:  88.60230255126953
Loss:  88.50769805908203
Loss:  88.50861358642578
Loss:  88.47419738769531
Loss:  88.31175231933594
Loss:  88.35025024414062
Loss:  88.2694320678711
Loss:  88.27635192871094
Loss:  88.20716857910156
Loss:  88.1667251586914
Loss:  88.0782241821289
Loss:  88.10591888427734
Loss:  87.97821807861328
Loss:  87.9857177734375
Loss:  87.89737701416016
Loss:  87.96827697753906
Loss:  87.79547119140625
Loss:  87.84608459472656
Loss:  87.79534912109375
Loss:  87.734619140625
Loss:  87.77182006835938
Loss:  87.7159652709961
Loss:  87.59027099609375
Loss:  87.53363037109375
Loss:  87.57249450683594
Loss:  87.48858642578125
Loss:  87.4056625366211
Loss:  87.4112777709961
Loss:  87.4026107788086
Loss:  87.28662872314453
Loss:  87.243896484375
Loss:  87.22984313964844
Loss:  87.19888305664062
Loss:  87.13131713867188
Loss:  87.19918060302734
Loss:  87.06275939941406
Loss:  87.07563781738281
Loss:  87.09756469726562
Loss:  86.99030303955078
Loss:  86.99380493164062
Loss:  86.90384674072266
Loss:  86.9734878540039
Loss:  86.8199462890625
Loss:  86.83024597167969
Loss:  86.7908706665039
Loss:  86.70103454589844
Loss:  86.71266174316406
Loss:  86.67852020263672
Loss:  86.60110473632812
Loss:  86.54766082763672
Loss:  86.50382232666016
Loss:  86.59188079833984
Loss:  86.33240509033203
Loss:  86.4186019897461
Loss:  86.38976287841797
Loss:  86.3458251953125
Loss:  86.3416748046875
Loss:  86.41145324707031
Loss:  86.33331298828125
Loss:  86.27708435058594
Loss:  86.2503433227539
Loss:  86.13900756835938
Loss:  86.16636657714844
Loss:  86.10591125488281
Loss:  85.96762084960938
Loss:  86.00563049316406
Loss:  85.97642517089844
Loss:  85.81644439697266
Loss:  85.82118225097656
Loss:  85.7918930053711
Loss:  85.7251968383789
Loss:  85.69078826904297
Loss:  85.70897674560547
Loss:  85.66049194335938
Loss:  85.60476684570312
Loss:  85.57563018798828
Loss:  85.62948608398438
Loss:  85.50435638427734
Loss:  85.49307250976562
Loss:  85.49609375
Loss:  85.32708740234375
Loss:  85.29560089111328
Loss:  85.4051513671875
Loss:  85.33846282958984
Loss:  85.26998138427734
Loss:  85.24430847167969
Loss:  85.06279754638672
Loss:  85.11724853515625
Loss:  85.16325378417969
Loss:  85.07803344726562
Loss:  85.01585388183594
Loss:  85.01801300048828
Loss:  85.08441925048828
Loss:  84.96150207519531
Loss:  84.91410827636719
Loss:  84.85796356201172
Loss:  84.82156372070312
Loss:  84.81133270263672
Loss:  84.80341339111328
Loss:  84.74458312988281
Loss:  84.64157104492188
Loss:  84.70137786865234
Loss:  84.6464614868164
Loss:  84.5647201538086
Loss:  84.62936401367188
Loss:  84.53459930419922
Loss:  84.49819946289062
Loss:  84.46919250488281
Loss:  84.45863342285156
Loss:  84.46638488769531
Loss:  84.36213684082031
Loss:  84.38265228271484
Loss:  84.28178405761719
Loss:  84.41763305664062
Loss:  84.31497192382812
Loss:  84.31481170654297
Loss:  84.20085906982422
Loss:  84.18074035644531
Loss:  84.11906433105469
Loss:  84.16983795166016
Loss:  84.00872039794922
Loss:  84.01978302001953
Loss:  84.0027084350586
Loss:  84.0054702758789
Loss:  84.01577758789062
Loss:  83.99185943603516
Loss:  83.91357421875
Loss:  83.97430419921875
Loss:  83.87580871582031
Loss:  83.84988403320312
Loss:  83.83989715576172
Loss:  83.77610778808594
Loss:  83.71751403808594
Loss:  83.74293518066406
Loss:  83.65797424316406
Loss:  83.68952178955078
Loss:  83.7200698852539
Loss:  83.68177032470703
Loss:  83.63672637939453
Loss:  83.5306625366211
Loss:  83.69387817382812
Loss:  83.52677154541016
Loss:  83.55667877197266
Loss:  83.53109741210938
Loss:  83.4306640625
Loss:  83.38449096679688
Loss:  83.40677642822266
Loss:  83.37281799316406
Loss:  83.30010986328125
Loss:  83.36141204833984
Loss:  83.33534240722656
Loss:  83.40200805664062
Loss:  83.28964233398438
Loss:  83.28466033935547
Loss:  83.21905517578125
Loss:  83.14190673828125
Loss:  83.2568588256836
Loss:  83.19877624511719
Loss:  83.10370635986328
Loss:  83.1021499633789
Loss:  83.13105773925781
Loss:  83.10674285888672
Loss:  83.11270141601562
Loss:  83.03401947021484
Loss:  82.95872497558594
Loss:  82.9941635131836
Loss:  83.04400634765625
Loss:  82.97022247314453
Loss:  82.96406555175781
Loss:  82.932861328125
Loss:  82.89546203613281
Loss:  82.86651611328125
Loss:  82.86402893066406
Loss:  82.74961853027344
Loss:  82.78704833984375
Loss:  82.7341537475586
Loss:  82.77693939208984
Loss:  82.74657440185547
Loss:  82.73222351074219
Loss:  82.66557312011719
Loss:  82.67647552490234
Loss:  82.51358795166016
Loss:  82.68146514892578
Loss:  82.59689331054688
Loss:  82.70216369628906
Loss:  82.56785583496094
Loss:  82.53594207763672
Loss:  82.56684112548828
Loss:  82.51326751708984
Loss:  82.47257995605469
Loss:  82.41630554199219
Loss:  82.48167419433594
Loss:  82.3912124633789
Loss:  82.4583740234375
Loss:  82.31018829345703
Loss:  82.3553237915039
Loss:  82.36431884765625
Loss:  82.2269287109375
Loss:  82.26702880859375
Loss:  82.23322296142578
Loss:  82.22981262207031
Loss:  82.22415161132812
Loss:  82.2828140258789
Loss:  82.14151763916016
Loss:  82.16497802734375
Loss:  82.22763061523438
Loss:  82.06298065185547
Loss:  82.1809310913086
Loss:  82.10816192626953
Loss:  82.03282928466797
Loss:  82.08271026611328
Loss:  81.9219741821289
Loss:  81.95486450195312
Loss:  82.03765106201172
Loss:  81.92476654052734
Loss:  81.97769165039062
Loss:  81.98494720458984
Loss:  81.96287536621094
Loss:  81.86920166015625
Loss:  81.86856842041016
Loss:  81.8516845703125
Loss:  81.80508422851562
Loss:  81.8385238647461
Loss:  81.83967590332031
Loss:  81.83455657958984
Loss:  81.68429565429688
Loss:  81.72109985351562
Loss:  81.7406005859375
Loss:  81.74254608154297
Loss:  81.64850616455078
Loss:  81.67414093017578
Loss:  81.66529083251953
Loss:  81.7044906616211
Loss:  81.76284790039062
Loss:  81.60250854492188
Loss:  81.59208679199219
Loss:  81.58827209472656
Loss:  81.52281188964844
Loss:  81.53336334228516
Loss:  81.55626678466797
Loss:  81.47080993652344
Loss:  81.5058822631836
Loss:  81.3839111328125
Loss:  81.45478820800781
Loss:  81.48268127441406
Loss:  81.35243225097656
Loss:  81.3555908203125
Loss:  81.38825988769531
Loss:  81.30039978027344
Loss:  81.31694793701172
Loss:  81.39431762695312
Loss:  81.34320068359375
Loss:  81.27142333984375
Loss:  81.27653503417969
Loss:  81.25170135498047
Loss:  81.27205657958984
Loss:  81.18966674804688
Loss:  81.21327209472656
Loss:  81.1435317993164
Loss:  81.22672271728516
Loss:  81.14786529541016
Loss:  81.1662826538086
Loss:  81.06785583496094
Loss:  81.0964126586914
Loss:  81.0751724243164
Loss:  81.02852630615234
Loss:  81.0897216796875
Loss:  81.09201049804688
Loss:  80.966552734375
Loss:  81.01866912841797
Loss:  80.93212890625
Loss:  80.93110656738281
Loss:  81.02930450439453
Loss:  80.9632568359375
Loss:  80.81473541259766
Loss:  80.83028411865234
Loss:  80.8586654663086
Loss:  80.97740936279297
Loss:  80.78741455078125
Loss:  80.81672668457031
Loss:  80.80938720703125
Loss:  80.70979309082031
Loss:  80.76329803466797
Loss:  80.73507690429688
Loss:  80.76065826416016
Loss:  80.69165802001953
Loss:  80.72679138183594
Loss:  80.69035339355469
Loss:  80.7002182006836
Loss:  80.69083404541016
Loss:  80.74087524414062
Loss:  80.62533569335938
Loss:  80.53307342529297
Loss:  80.56822967529297
Loss:  80.56871032714844
Loss:  80.50299072265625
Loss:  80.5295639038086
Loss:  80.60082244873047
Loss:  80.4455337524414
Loss:  80.48188018798828
Loss:  80.55828094482422
Loss:  80.53868103027344
Loss:  80.34021759033203
Loss:  80.35389709472656
Loss:  80.3974838256836
Loss:  80.400146484375
Loss:  80.3330307006836
Loss:  80.39118194580078
Loss:  80.42261505126953
Loss:  80.34793853759766
Loss:  80.23888397216797
Loss:  80.35597229003906
Loss:  80.25160217285156
Loss:  80.2300796508789
Loss:  80.26029205322266
Loss:  80.22868347167969
Loss:  80.2314453125
Loss:  80.15552520751953
Loss:  80.07398223876953
Loss:  80.19464111328125
Loss:  80.15107727050781
Loss:  80.17687225341797
Loss:  80.12098693847656
Loss:  80.1456527709961
Loss:  80.12517547607422
Loss:  80.08113098144531
Loss:  80.02017974853516
Loss:  80.13142395019531
Loss:  80.0146484375
Loss:  80.07603454589844
Loss:  79.9559326171875
Loss:  79.98190307617188
Loss:  80.02582550048828
Loss:  80.005126953125
Loss:  80.01545715332031
Loss:  79.95228576660156
Loss:  79.93355560302734
Loss:  79.99994659423828
Loss:  79.86073303222656
Loss:  79.87593078613281
Loss:  79.86164855957031
Loss:  79.9012451171875
Loss:  79.83734130859375
Loss:  79.85285949707031
Loss:  79.76136779785156
Loss:  79.73776245117188
Loss:  79.83482360839844
Loss:  79.82845306396484
Loss:  79.70856475830078
Loss:  79.78876495361328
Loss:  79.72574615478516
Loss:  79.71050262451172
Loss:  79.69552612304688
Loss:  79.72333526611328
Loss:  79.65335083007812
Loss:  79.6490478515625
Loss:  79.63398742675781
Loss:  79.64425659179688
Loss:  79.61726379394531
Loss:  79.55045318603516
Loss:  79.61355590820312
Loss:  79.5151138305664
Loss:  79.51909637451172
Loss:  79.47367858886719
Loss:  79.56741333007812
Loss:  79.51520538330078
Loss:  79.49993133544922
Loss:  79.52369689941406
Loss:  79.50799560546875
Loss:  79.42467498779297
Loss:  79.36051940917969
Loss:  79.4095458984375
Loss:  79.49824523925781
Loss:  79.3670654296875
Loss:  79.34580993652344
Loss:  79.34774780273438
Loss:  79.32672882080078
Loss:  79.26178741455078
Loss:  79.28911590576172
Loss:  79.34178924560547
Loss:  79.33570861816406
Loss:  79.25132751464844
Loss:  79.26951599121094
Loss:  79.19310760498047
Loss:  79.16051483154297
Loss:  79.25321960449219
Loss:  79.16880798339844
Loss:  79.14653778076172
Loss:  79.25830078125
Loss:  79.10194396972656
Loss:  79.09662628173828
Loss:  79.03199768066406
Loss:  79.12425994873047
Loss:  79.04728698730469
Loss:  79.03030395507812
Loss:  79.08023071289062
Loss:  79.05313873291016
Loss:  78.99140167236328
Loss:  79.01323699951172
Loss:  78.90409851074219
Loss:  78.95668029785156
Loss:  78.9696044921875
Loss:  78.90897369384766
Loss:  78.8942642211914
Loss:  78.93513488769531
Loss:  78.81346893310547
Loss:  78.93474578857422
Loss:  78.89555358886719
Loss:  78.7763900756836
Loss:  78.8487548828125
Loss:  78.84004211425781
Loss:  78.78124237060547
Loss:  78.737548828125
Loss:  78.80802154541016
Loss:  78.77513122558594
Loss:  78.82784271240234
Loss:  78.73127746582031
Loss:  78.68445587158203
Loss:  78.73568725585938
Loss:  78.56792449951172
Loss:  78.6873550415039
Loss:  78.58960723876953
Loss:  78.70929718017578
Loss:  78.54566192626953
Loss:  78.63964080810547
Loss:  78.51827239990234
Loss:  78.62297058105469
Loss:  78.56675720214844
Loss:  78.48779296875
Loss:  78.50833129882812
Loss:  78.61833953857422
Loss:  78.51850891113281
Loss:  78.46817779541016
Loss:  78.38249969482422
Loss:  78.44607543945312
Loss:  78.458984375
Loss:  78.38741302490234
Loss:  78.39324951171875
Loss:  78.36856842041016
Loss:  78.35763549804688
Loss:  78.37245178222656
Loss:  78.30338287353516
Loss:  78.3856430053711
Loss:  78.2779541015625
Loss:  78.32042694091797
Loss:  78.30934143066406
Loss:  78.32703399658203
Loss:  78.27501678466797
Loss:  78.25187683105469
Loss:  78.20612335205078
Loss:  78.20741271972656
Loss:  78.15309143066406
Loss:  78.16094207763672
Loss:  78.18900299072266
Loss:  78.08940124511719
Loss:  78.13455963134766
Loss:  78.06873321533203
Loss:  78.10340881347656
Loss:  78.06941223144531
Loss:  78.1130142211914
Loss:  78.09318542480469
Loss:  78.09346771240234
Loss:  78.02500915527344
Loss:  78.07234191894531
Loss:  78.050537109375
Loss:  78.0551986694336
Loss:  78.000244140625
Loss:  77.9090347290039
Loss:  78.01275634765625
Loss:  77.96809387207031
Loss:  77.94728088378906
Loss:  77.93093872070312
Loss:  77.91755676269531
Loss:  77.91865539550781
Loss:  77.90394592285156
Loss:  77.79655456542969
Loss:  77.8565902709961
Loss:  77.8083267211914
Loss:  77.80532836914062
Loss:  77.819580078125
Loss:  77.72332763671875
Loss:  77.83724212646484
Loss:  77.69950103759766
Loss:  77.74683380126953
Loss:  77.73894500732422
Loss:  77.70120239257812
Loss:  77.73017883300781
Loss:  77.6596450805664
Loss:  77.67256164550781
Loss:  77.64622497558594
Loss:  77.59777069091797
Loss:  77.65773010253906
Loss:  77.62499237060547
Loss:  77.5650634765625
Loss:  77.64771270751953
Loss:  77.5598373413086
Loss:  77.53033447265625
Loss:  77.45687866210938
Loss:  77.5230712890625
Loss:  77.54822540283203
Loss:  77.49321746826172
Loss:  77.47399139404297
Loss:  77.37993621826172
Loss:  77.36058807373047
Loss:  77.49730682373047
Loss:  77.43153381347656
Loss:  77.42719268798828
Loss:  77.35540771484375
Loss:  77.37882995605469
Loss:  77.45039367675781
Loss:  77.30096435546875
Loss:  77.34915924072266
Loss:  77.3280029296875
Loss:  77.30774688720703
Loss:  77.27828979492188
Loss:  77.22801208496094
Loss:  77.29737091064453
Loss:  77.24429321289062
Loss:  77.30426025390625
Loss:  77.17393493652344
Loss:  77.23587036132812
Loss:  77.20556640625
Loss:  77.13511657714844
Loss:  77.16436004638672
Loss:  77.1709213256836
Loss:  77.24536895751953
Loss:  77.10171508789062
Loss:  77.09493255615234
Loss:  77.08092498779297
Loss:  77.04004669189453
Loss:  77.07125091552734
Loss:  77.02375793457031
Loss:  77.04109191894531
Loss:  77.03157806396484
Loss:  77.05491638183594
Loss:  76.99491882324219
Loss:  77.00298309326172
Loss:  76.90458679199219
Loss:  76.91626739501953
Loss:  76.85708618164062
Loss:  76.90055084228516
Loss:  76.93710327148438
Loss:  76.97183227539062
Loss:  76.88878631591797
Loss:  76.89073181152344
Loss:  76.81898498535156
Loss:  76.83204650878906
Loss:  76.80319213867188
Loss:  76.80607604980469
Loss:  76.85694122314453
Loss:  76.75044250488281
Loss:  76.71229553222656
Loss:  76.7128677368164
Loss:  76.69721984863281
Loss:  76.64360046386719
Loss:  76.61814880371094
Loss:  76.5936508178711
Loss:  76.53653717041016
Loss:  76.62171936035156
Loss:  76.68286895751953
Loss:  76.59688568115234
Loss:  76.5876235961914
Loss:  76.59232330322266
Loss:  76.53482055664062
Loss:  76.53691864013672
Loss:  76.53900146484375
Loss:  76.49405670166016
Loss:  76.47930145263672
Loss:  76.37247467041016
Loss:  76.51460266113281
Loss:  76.4942398071289
Loss:  76.4405288696289
Loss:  76.34187316894531
Loss:  76.3947525024414
Loss:  76.3440170288086
Loss:  76.34758758544922
Loss:  76.27692413330078
Loss:  76.30913543701172
Loss:  76.39303588867188
Loss:  76.24549865722656
Loss:  76.2274398803711
Loss:  76.17311096191406
Loss:  76.19231414794922
Loss:  76.26996612548828
Loss:  76.20459747314453
Loss:  76.19981384277344
Loss:  76.0448989868164
Loss:  76.06220245361328
Loss:  76.06123352050781
Loss:  76.17726135253906
Loss:  76.04474639892578
Loss:  76.08233642578125
Loss:  76.02204132080078
Loss:  75.9774169921875
Loss:  75.9659423828125
Loss:  75.97432708740234
Loss:  75.97737121582031
Loss:  75.95047760009766
Loss:  75.85816192626953
Loss:  75.88488006591797
Loss:  75.81041717529297
Loss:  75.80548858642578
Loss:  75.87288665771484
Loss:  75.78150177001953
Loss:  75.78296661376953
Loss:  75.70552062988281
Loss:  75.7388687133789
Loss:  75.78010559082031
Loss:  75.71331024169922
Loss:  75.72019958496094
Loss:  75.69522094726562
Loss:  75.64745330810547
Loss:  75.5509033203125
Loss:  75.66838073730469
Loss:  75.56436157226562
Loss:  75.56214904785156
Loss:  75.50827026367188
Loss:  75.47864532470703
Loss:  75.53999328613281
Loss:  75.53975677490234
Loss:  75.41337585449219
Loss:  75.3905258178711
Loss:  75.44864654541016
Loss:  75.27681732177734
Loss:  75.30101013183594
Loss:  75.25434112548828
Loss:  75.19825744628906
Loss:  75.21146392822266
Your samples are ready and waiting for you here: 
outputs/psld-samples-rip 
 
Enjoy.
Job finished: Tue Apr 14 18:29:14 EDT 2026
