Job started: Tue Apr 14 18:57:39 EDT 2026
Running on node: rg31801
GPU(s): 0
Loading model from models/ldm/stable-diffusion-v1/model.ckpt
Global Step: 470000
LatentDiffusion: Running in eps-prediction mode
DiffusionWrapper has 859.52 M params.
making attention of type 'vanilla' with 512 in_channels
Working with z of shape (1, 4, 32, 32) = 4096 dimensions.
making attention of type 'vanilla' with 512 in_channels
Creating invisible watermark encoder (see https://github.com/ShieldMnt/invisible-watermark)...
Subtracting 1 from DDIM time indices to match the dimension.
Data shape for DDIM sampling is (1, 4, 64, 64), eta 0.0
Running DDIM Sampling with 1000 timesteps
Loss:  405.063232421875
Loss:  828.0858154296875
Loss:  669.1845703125
Loss:  544.3367309570312
Loss:  471.14324951171875
Loss:  598.4235229492188
Loss:  688.5623168945312
Loss:  595.2467651367188
Loss:  596.6353149414062
Loss:  518.6934814453125
Loss:  559.7951049804688
Loss:  645.4203491210938
Loss:  444.5450439453125
Loss:  481.9976806640625
Loss:  670.9783935546875
Loss:  515.2479248046875
Loss:  347.9667053222656
Loss:  354.2065734863281
Loss:  340.20184326171875
Loss:  382.8273620605469
Loss:  473.6236572265625
Loss:  334.1297302246094
Loss:  314.78216552734375
Loss:  375.3020935058594
Loss:  438.9361877441406
Loss:  304.10968017578125
Loss:  365.443603515625
Loss:  417.6631164550781
Loss:  480.8833923339844
Loss:  307.2984313964844
Loss:  283.864990234375
Loss:  411.3176574707031
Loss:  280.82720947265625
Loss:  348.56365966796875
Loss:  370.0263366699219
Loss:  421.38812255859375
Loss:  276.1489562988281
Loss:  288.8686218261719
Loss:  311.25384521484375
Loss:  347.7008056640625
Loss:  399.8616638183594
Loss:  364.39495849609375
Loss:  310.3988952636719
Loss:  353.36199951171875
Loss:  341.404541015625
Loss:  333.72711181640625
Loss:  296.5767822265625
Loss:  384.679443359375
Loss:  278.0195617675781
Loss:  275.61273193359375
Loss:  347.0452880859375
Loss:  312.8631591796875
Loss:  303.627197265625
Loss:  362.34869384765625
Loss:  285.58441162109375
Loss:  298.6552734375
Loss:  330.9041748046875
Loss:  382.038330078125
Loss:  227.05120849609375
Loss:  227.75498962402344
Loss:  284.41583251953125
Loss:  309.1285400390625
Loss:  299.3003234863281
Loss:  344.2100830078125
Loss:  250.065673828125
Loss:  297.5035400390625
Loss:  310.8869934082031
Loss:  315.5469970703125
Loss:  252.33738708496094
Loss:  291.501708984375
Loss:  270.73583984375
Loss:  321.1632080078125
Loss:  254.2396697998047
Loss:  260.2916564941406
Loss:  293.9259338378906
Loss:  307.77142333984375
Loss:  229.63209533691406
Loss:  273.3139953613281
Loss:  297.2400207519531
Loss:  283.0465087890625
Loss:  234.51853942871094
Loss:  288.1011962890625
Loss:  238.31983947753906
Loss:  285.8060607910156
Loss:  263.76470947265625
Loss:  250.9573974609375
Loss:  248.57826232910156
Loss:  296.5526428222656
Loss:  228.20523071289062
Loss:  238.8385772705078
Loss:  287.031494140625
Loss:  266.9842834472656
Loss:  220.845458984375
Loss:  259.69573974609375
Loss:  254.21282958984375
Loss:  252.78155517578125
Loss:  223.68270874023438
Loss:  271.2650146484375
Loss:  246.97763061523438
Loss:  213.29013061523438
Loss:  240.822509765625
Loss:  281.59893798828125
Loss:  204.78005981445312
Loss:  222.77975463867188
Loss:  281.0831604003906
Loss:  224.15809631347656
Loss:  204.7457733154297
Loss:  259.6199951171875
Loss:  207.6119384765625
Loss:  237.3304443359375
Loss:  262.0013122558594
Loss:  223.36756896972656
Loss:  196.56285095214844
Loss:  246.62832641601562
Loss:  223.25299072265625
Loss:  226.98683166503906
Loss:  223.79995727539062
Loss:  233.04420471191406
Loss:  216.44039916992188
Loss:  216.882568359375
Loss:  227.46371459960938
Loss:  235.9396209716797
Loss:  199.22061157226562
Loss:  215.8283233642578
Loss:  230.38641357421875
Loss:  210.97210693359375
Loss:  208.556640625
Loss:  214.5418701171875
Loss:  216.0831756591797
Loss:  219.6271514892578
Loss:  207.2451629638672
Loss:  210.32106018066406
Loss:  210.50621032714844
Loss:  204.2967071533203
Loss:  209.58616638183594
Loss:  212.0693359375
Loss:  195.52645874023438
Loss:  213.752685546875
Loss:  211.8089141845703
Loss:  190.82501220703125
Loss:  188.31591796875
Loss:  208.63327026367188
Loss:  203.58865356445312
Loss:  192.7385711669922
Loss:  202.62100219726562
Loss:  198.65216064453125
Loss:  204.72201538085938
Loss:  190.80149841308594
Loss:  189.50990295410156
Loss:  204.32699584960938
Loss:  196.5264434814453
Loss:  170.48806762695312
Loss:  193.40292358398438
Loss:  198.18756103515625
Loss:  189.0181884765625
Loss:  188.25546264648438
Loss:  189.08438110351562
Loss:  187.057861328125
Loss:  185.65924072265625
Loss:  183.47201538085938
Loss:  198.2731170654297
Loss:  179.56614685058594
Loss:  172.35153198242188
Loss:  182.9209442138672
Loss:  198.0129852294922
Loss:  168.4044952392578
Loss:  182.508544921875
Loss:  191.4683837890625
Loss:  157.4180908203125
Loss:  180.1358184814453
Loss:  191.68553161621094
Loss:  163.04464721679688
Loss:  180.25698852539062
Loss:  181.55224609375
Loss:  170.5800018310547
Loss:  171.22579956054688
Loss:  182.0200653076172
Loss:  170.81631469726562
Loss:  176.45364379882812
Loss:  172.72755432128906
Loss:  174.19947814941406
Loss:  168.94886779785156
Loss:  174.95558166503906
Loss:  164.70123291015625
Loss:  172.3709259033203
Loss:  159.97488403320312
Loss:  168.4378662109375
Loss:  165.2813262939453
Loss:  168.79197692871094
Loss:  165.87979125976562
Loss:  167.4616241455078
Loss:  164.1616668701172
Loss:  159.55056762695312
Loss:  162.22308349609375
Loss:  167.72579956054688
Loss:  160.1202392578125
Loss:  162.92886352539062
Loss:  157.4272003173828
Loss:  155.64939880371094
Loss:  158.8972930908203
Loss:  163.065673828125
Loss:  155.44366455078125
Loss:  159.26992797851562
Loss:  159.39398193359375
Loss:  156.39625549316406
Loss:  156.09182739257812
Loss:  157.88453674316406
Loss:  152.47463989257812
Loss:  153.54518127441406
Loss:  147.8180389404297
Loss:  153.998046875
Loss:  153.0108184814453
Loss:  152.02085876464844
Loss:  155.84384155273438
Loss:  158.0070037841797
Loss:  147.51699829101562
Loss:  148.48260498046875
Loss:  150.7867431640625
Loss:  152.61834716796875
Loss:  148.36785888671875
Loss:  151.09019470214844
Loss:  146.40396118164062
Loss:  146.4769287109375
Loss:  141.1300506591797
Loss:  143.46002197265625
Loss:  142.95204162597656
Loss:  144.87509155273438
Loss:  143.24888610839844
Loss:  145.1841583251953
Loss:  143.52981567382812
Loss:  143.75048828125
Loss:  145.76487731933594
Loss:  142.0070343017578
Loss:  135.6937255859375
Loss:  135.6177978515625
Loss:  139.9725799560547
Loss:  145.3023223876953
Loss:  139.0763397216797
Loss:  140.7188262939453
Loss:  138.30099487304688
Loss:  138.712646484375
Loss:  136.10052490234375
Loss:  137.26763916015625
Loss:  135.41433715820312
Loss:  136.8557891845703
Loss:  135.32400512695312
Loss:  136.6359100341797
Loss:  136.5343475341797
Loss:  138.50094604492188
Loss:  134.59042358398438
Loss:  131.7220916748047
Loss:  130.5099334716797
Loss:  131.7701416015625
Loss:  131.52960205078125
Loss:  133.8959197998047
Loss:  132.52659606933594
Loss:  136.4488983154297
Loss:  138.21299743652344
Loss:  128.45518493652344
Loss:  127.17322540283203
Loss:  128.71340942382812
Loss:  129.5367431640625
Loss:  130.4766082763672
Loss:  129.86373901367188
Loss:  129.8524169921875
Loss:  128.8959197998047
Loss:  128.75424194335938
Loss:  127.87641143798828
Loss:  127.68473052978516
Loss:  126.8438949584961
Loss:  126.91622161865234
Loss:  126.17569732666016
Loss:  126.22213745117188
Loss:  125.4237060546875
Loss:  126.1507797241211
Loss:  126.76426696777344
Loss:  124.14876556396484
Loss:  123.70550537109375
Loss:  121.3370132446289
Loss:  121.1837387084961
Loss:  120.93390655517578
Loss:  121.71053314208984
Loss:  119.5295181274414
Loss:  118.77568054199219
Loss:  119.81611633300781
Loss:  120.35527801513672
Loss:  120.28465270996094
Loss:  119.3802261352539
Loss:  120.58088684082031
Loss:  121.60668182373047
Loss:  125.16785430908203
Loss:  121.08712768554688
Loss:  120.57731628417969
Loss:  118.06265258789062
Loss:  117.17802429199219
Loss:  117.10609436035156
Loss:  117.75227355957031
Loss:  116.66848754882812
Loss:  116.7173843383789
Loss:  115.64686584472656
Loss:  116.02043914794922
Loss:  114.94573974609375
Loss:  115.25654602050781
Loss:  113.95563507080078
Loss:  113.8427505493164
Loss:  113.96424102783203
Loss:  114.89605712890625
Loss:  112.66934204101562
Loss:  112.13660430908203
Loss:  112.42768859863281
Loss:  113.39287567138672
Loss:  111.99906921386719
Loss:  112.28839111328125
Loss:  111.21672821044922
Loss:  111.81867980957031
Loss:  110.42311096191406
Loss:  110.90414428710938
Loss:  109.54515838623047
Loss:  110.05461883544922
Loss:  109.39512634277344
Loss:  110.46977233886719
Loss:  108.2476806640625
Loss:  107.90997314453125
Loss:  107.99931335449219
Loss:  109.27827453613281
Loss:  107.8946533203125
Loss:  108.33447265625
Loss:  107.19894409179688
Loss:  108.3968734741211
Loss:  106.57821655273438
Loss:  107.24031066894531
Loss:  105.77709197998047
Loss:  106.71133422851562
Loss:  105.47173309326172
Loss:  106.34869384765625
Loss:  104.85279846191406
Loss:  105.66552734375
Loss:  104.42171478271484
Loss:  105.29068756103516
Loss:  104.00248718261719
Loss:  105.48027801513672
Loss:  103.8556900024414
Loss:  104.24563598632812
Loss:  103.28837585449219
Loss:  104.86137390136719
Loss:  103.12510681152344
Loss:  103.61515045166016
Loss:  103.03356170654297
Loss:  105.07855224609375
Loss:  104.0081787109375
Loss:  104.5956802368164
Loss:  104.67489624023438
Loss:  105.83802032470703
Loss:  105.02500915527344
Loss:  104.90774536132812
Loss:  104.60374450683594
Loss:  105.80184173583984
Loss:  104.95633697509766
Loss:  104.6053466796875
Loss:  104.61886596679688
Loss:  105.39895629882812
Loss:  104.4164810180664
Loss:  103.88871002197266
Loss:  104.02042388916016
Loss:  104.75492858886719
Loss:  103.156982421875
Loss:  102.71546936035156
Loss:  102.82950592041016
Loss:  103.77812957763672
Loss:  101.78001403808594
Loss:  101.14697265625
Loss:  101.2708969116211
Loss:  102.53900909423828
Loss:  100.6578369140625
Loss:  100.35326385498047
Loss:  100.43106079101562
Loss:  101.70594787597656
Loss:  99.6256103515625
Loss:  99.08543395996094
Loss:  99.3187026977539
Loss:  100.4986801147461
Loss:  98.8875503540039
Loss:  98.8713150024414
Loss:  98.87950897216797
Loss:  100.02799987792969
Loss:  98.38833618164062
Loss:  98.26859283447266
Loss:  98.44273376464844
Loss:  99.46986389160156
Loss:  98.1904296875
Loss:  98.2920913696289
Loss:  98.22757720947266
Loss:  99.2145004272461
Loss:  98.15597534179688
Loss:  98.42839050292969
Loss:  98.12127685546875
Loss:  98.98641204833984
Loss:  97.9338150024414
Loss:  98.2691879272461
Loss:  97.93758392333984
Loss:  98.55252075195312
Loss:  97.61512756347656
Loss:  97.80811309814453
Loss:  97.37910461425781
Loss:  97.92579650878906
Loss:  97.07356262207031
Loss:  97.37151336669922
Loss:  96.83969116210938
Loss:  97.19882202148438
Loss:  96.55349731445312
Loss:  96.63175201416016
Loss:  96.22278594970703
Loss:  96.58263397216797
Loss:  96.04032897949219
Loss:  96.23236846923828
Loss:  95.81685638427734
Loss:  96.04257202148438
Loss:  95.44558715820312
Loss:  95.70995330810547
Loss:  95.33560180664062
Loss:  95.5290298461914
Loss:  95.05697631835938
Loss:  95.10243225097656
Loss:  94.92822265625
Loss:  94.86149597167969
Loss:  94.68519592285156
Loss:  94.88093566894531
Loss:  94.52619934082031
Loss:  94.74040222167969
Loss:  94.56612396240234
Loss:  94.82311248779297
Loss:  94.59445190429688
Loss:  94.7456283569336
Loss:  94.30412292480469
Loss:  94.33460998535156
Loss:  94.03130340576172
Loss:  93.8944091796875
Loss:  93.89454650878906
Loss:  93.91783905029297
Loss:  93.6164779663086
Loss:  93.73848724365234
Loss:  93.48613739013672
Loss:  93.55824279785156
Loss:  93.27207946777344
Loss:  93.45579528808594
Loss:  93.19793701171875
Loss:  93.262451171875
Loss:  93.18438720703125
Loss:  93.3397445678711
Loss:  92.98017120361328
Loss:  93.0079345703125
Loss:  92.77249908447266
Loss:  92.6593017578125
Loss:  92.4248275756836
Loss:  92.63069915771484
Loss:  92.46195983886719
Loss:  92.43679809570312
Loss:  92.24694061279297
Loss:  92.26261901855469
Loss:  92.07185363769531
Loss:  92.20213317871094
Loss:  91.94815826416016
Loss:  91.96502685546875
Loss:  91.85194396972656
Loss:  91.97516632080078
Loss:  91.79069519042969
Loss:  91.82559204101562
Loss:  91.64199829101562
Loss:  91.68834686279297
Loss:  91.51156616210938
Loss:  91.60977172851562
Loss:  91.43303680419922
Loss:  91.33723449707031
Loss:  91.33607482910156
Loss:  91.29231262207031
Loss:  91.13423156738281
Loss:  91.16901397705078
Loss:  91.00823974609375
Loss:  91.0418701171875
Loss:  90.89302062988281
Loss:  90.87440490722656
Loss:  90.79663848876953
Loss:  90.69084167480469
Loss:  90.65607452392578
Loss:  90.59358215332031
Loss:  90.6347427368164
Loss:  90.58775329589844
Loss:  90.38694763183594
Loss:  90.39009857177734
Loss:  90.37505340576172
Loss:  90.4014892578125
Loss:  90.29457092285156
Loss:  90.25811004638672
Loss:  90.1491470336914
Loss:  90.1649169921875
Loss:  90.06117248535156
Loss:  90.12804412841797
Loss:  90.07685852050781
Loss:  89.97618865966797
Loss:  89.97039031982422
Loss:  89.8237533569336
Loss:  89.74442291259766
Loss:  89.73036193847656
Loss:  89.62348175048828
Loss:  89.59444427490234
Loss:  89.53948974609375
Loss:  89.46117401123047
Loss:  89.44056701660156
Loss:  89.4218521118164
Loss:  89.36038970947266
Loss:  89.3082504272461
Loss:  89.22412872314453
Loss:  89.33157348632812
Loss:  89.0870361328125
Loss:  89.1685562133789
Loss:  89.07892608642578
Loss:  88.99993133544922
Loss:  88.93570709228516
Loss:  88.9041748046875
Loss:  88.870849609375
Loss:  88.80047607421875
Loss:  88.78324890136719
Loss:  88.81507110595703
Loss:  88.76404571533203
Loss:  88.71427917480469
Loss:  88.59210205078125
Loss:  88.59967803955078
Loss:  88.47657775878906
Loss:  88.61629486083984
Loss:  88.47476196289062
Loss:  88.42935180664062
Loss:  88.42894744873047
Loss:  88.38142395019531
Loss:  88.36334991455078
Loss:  88.31430053710938
Loss:  88.25519561767578
Loss:  88.19298553466797
Loss:  88.20088958740234
Loss:  88.23200225830078
Loss:  88.14275360107422
Loss:  88.12783813476562
Loss:  88.10723876953125
Loss:  87.98143005371094
Loss:  87.98422241210938
Loss:  88.0067138671875
Loss:  87.86621856689453
Loss:  87.82767486572266
Loss:  87.78448486328125
Loss:  87.80565643310547
Loss:  87.81104278564453
Loss:  87.72823333740234
Loss:  87.64493560791016
Loss:  87.6875228881836
Loss:  87.55056762695312
Loss:  87.67070770263672
Loss:  87.58043670654297
Loss:  87.6241455078125
Loss:  87.51713562011719
Loss:  87.46607971191406
Loss:  87.44834899902344
Loss:  87.41278076171875
Loss:  87.390380859375
Loss:  87.26714324951172
Loss:  87.36163330078125
Loss:  87.27510070800781
Loss:  87.31970977783203
Loss:  87.21317291259766
Loss:  87.28825378417969
Loss:  87.2057113647461
Loss:  87.0729751586914
Loss:  87.06698608398438
Loss:  87.052490234375
Loss:  87.00201416015625
Loss:  87.03905487060547
Loss:  87.04342651367188
Loss:  86.89480590820312
Loss:  86.94757843017578
Loss:  86.95503234863281
Loss:  86.8085708618164
Loss:  86.92311096191406
Loss:  86.78352355957031
Loss:  86.70564270019531
Loss:  86.77693176269531
Loss:  86.58917236328125
Loss:  86.6109619140625
Loss:  86.71485137939453
Loss:  86.56153869628906
Loss:  86.6319351196289
Loss:  86.609375
Loss:  86.55093383789062
Loss:  86.45332336425781
Loss:  86.45347595214844
Loss:  86.45303344726562
Loss:  86.4134521484375
Loss:  86.37393951416016
Loss:  86.42827606201172
Loss:  86.41426849365234
Loss:  86.24310302734375
Loss:  86.2906494140625
Loss:  86.30020141601562
Loss:  86.22599029541016
Loss:  86.18551635742188
Loss:  86.1654281616211
Loss:  86.13906860351562
Loss:  86.19718933105469
Loss:  86.24610900878906
Loss:  86.0792236328125
Loss:  86.03324127197266
Loss:  86.0278091430664
Loss:  85.99671173095703
Loss:  85.93852996826172
Loss:  85.97721862792969
Loss:  85.88842010498047
Loss:  85.90823364257812
Loss:  85.77281188964844
Loss:  85.89183807373047
Loss:  85.84701538085938
Loss:  85.76122283935547
Loss:  85.69618225097656
Loss:  85.80826568603516
Loss:  85.67780303955078
Loss:  85.667236328125
Loss:  85.71483612060547
Loss:  85.72415161132812
Loss:  85.6662826538086
Loss:  85.61898040771484
Loss:  85.58891296386719
Loss:  85.5780029296875
Loss:  85.50862884521484
Loss:  85.51244354248047
Loss:  85.45213317871094
Loss:  85.5457763671875
Loss:  85.40936279296875
Loss:  85.46851348876953
Loss:  85.32705688476562
Loss:  85.40867614746094
Loss:  85.3592300415039
Loss:  85.28820037841797
Loss:  85.37763214111328
Loss:  85.3253402709961
Loss:  85.26046752929688
Loss:  85.2442855834961
Loss:  85.19244384765625
Loss:  85.17296600341797
Loss:  85.23027801513672
Loss:  85.18219757080078
Loss:  85.012451171875
Loss:  85.08705139160156
Loss:  85.04191589355469
Loss:  85.12657928466797
Loss:  85.0158920288086
Loss:  85.03890228271484
Loss:  85.03982543945312
Loss:  84.96040344238281
Loss:  84.91668701171875
Loss:  84.92445373535156
Loss:  84.90843963623047
Loss:  84.90193176269531
Loss:  84.9343490600586
Loss:  84.85718536376953
Loss:  84.87184143066406
Loss:  84.8241195678711
Loss:  84.84464263916016
Loss:  84.8001480102539
Loss:  84.69139099121094
Loss:  84.70454406738281
Loss:  84.6982650756836
Loss:  84.62699890136719
Loss:  84.73593139648438
Loss:  84.74646759033203
Loss:  84.59476470947266
Loss:  84.57840728759766
Loss:  84.6990737915039
Loss:  84.68781280517578
Loss:  84.50177764892578
Loss:  84.45982360839844
Loss:  84.5117416381836
Loss:  84.51429748535156
Loss:  84.44550323486328
Loss:  84.48184204101562
Loss:  84.49663543701172
Loss:  84.47592163085938
Loss:  84.35458374023438
Loss:  84.37482452392578
Loss:  84.3348159790039
Loss:  84.3216552734375
Loss:  84.29266357421875
Loss:  84.29185485839844
Loss:  84.33039855957031
Loss:  84.23678588867188
Loss:  84.15497589111328
Loss:  84.23823547363281
Loss:  84.18909454345703
Loss:  84.23475646972656
Loss:  84.14152526855469
Loss:  84.18987274169922
Loss:  84.16917419433594
Loss:  84.12348937988281
Loss:  84.06974792480469
Loss:  84.1403579711914
Loss:  84.02027130126953
Loss:  84.06402587890625
Loss:  83.99313354492188
Loss:  83.96977996826172
Loss:  84.03472137451172
Loss:  84.0129165649414
Loss:  83.98473358154297
Loss:  84.0003662109375
Loss:  83.91879272460938
Loss:  83.9951171875
Loss:  83.8936538696289
Loss:  83.8541259765625
Loss:  83.84014129638672
Loss:  83.84008026123047
Loss:  83.80480194091797
Loss:  83.81350708007812
Loss:  83.71357727050781
Loss:  83.74877166748047
Loss:  83.81924438476562
Loss:  83.78401184082031
Loss:  83.6905288696289
Loss:  83.75098419189453
Loss:  83.68242645263672
Loss:  83.68769836425781
Loss:  83.6629867553711
Loss:  83.65701293945312
Loss:  83.58106231689453
Loss:  83.5682601928711
Loss:  83.57818603515625
Loss:  83.61454010009766
Loss:  83.54962921142578
Loss:  83.48149108886719
Loss:  83.57361602783203
Loss:  83.49168395996094
Loss:  83.49244689941406
Loss:  83.3993911743164
Loss:  83.50567626953125
Loss:  83.42231750488281
Loss:  83.44310760498047
Loss:  83.43125915527344
Loss:  83.39166259765625
Loss:  83.36470031738281
Loss:  83.30624389648438
Loss:  83.2955322265625
Loss:  83.38695526123047
Loss:  83.2768783569336
Loss:  83.21871185302734
Loss:  83.2758560180664
Loss:  83.20735931396484
Loss:  83.15408325195312
Loss:  83.21981048583984
Loss:  83.23509216308594
Loss:  83.26712036132812
Loss:  83.19786071777344
Loss:  83.15829467773438
Loss:  83.09053802490234
Loss:  83.11096954345703
Loss:  83.15653228759766
Loss:  83.06977081298828
Loss:  83.08648681640625
Loss:  83.11221313476562
Loss:  83.03406524658203
Loss:  82.99295043945312
Loss:  82.97122955322266
Loss:  82.9906997680664
Loss:  82.93247985839844
Loss:  82.92759704589844
Loss:  82.98155212402344
Loss:  82.93367767333984
Loss:  82.8412857055664
Loss:  82.92449951171875
Loss:  82.82479095458984
Loss:  82.8622055053711
Loss:  82.85911560058594
Loss:  82.81561279296875
Loss:  82.80088806152344
Loss:  82.7846908569336
Loss:  82.73076629638672
Loss:  82.80937957763672
Loss:  82.78092956542969
Loss:  82.66969299316406
Loss:  82.73738098144531
Loss:  82.70345306396484
Loss:  82.639892578125
Loss:  82.67787170410156
Loss:  82.64936828613281
Loss:  82.67933654785156
Loss:  82.67757415771484
Loss:  82.59445190429688
Loss:  82.5512466430664
Loss:  82.62073516845703
Loss:  82.47013854980469
Loss:  82.55439758300781
Loss:  82.50889587402344
Loss:  82.630859375
Loss:  82.45912170410156
Loss:  82.50547790527344
Loss:  82.39556884765625
Loss:  82.51421356201172
Loss:  82.3964614868164
Loss:  82.41485595703125
Loss:  82.40555572509766
Loss:  82.4651107788086
Loss:  82.39889526367188
Loss:  82.37776947021484
Loss:  82.33316040039062
Loss:  82.32714080810547
Loss:  82.30767059326172
Loss:  82.26567077636719
Loss:  82.28340148925781
Loss:  82.24175262451172
Loss:  82.21379852294922
Loss:  82.24596405029297
Loss:  82.21025085449219
Loss:  82.24127960205078
Loss:  82.12265014648438
Loss:  82.22959899902344
Loss:  82.1834487915039
Loss:  82.24262237548828
Loss:  82.15029907226562
Loss:  82.12828826904297
Loss:  82.12872314453125
Loss:  82.07658386230469
Loss:  82.0439453125
Loss:  82.02845764160156
Loss:  82.03468322753906
Loss:  81.9701156616211
Loss:  82.0185775756836
Loss:  81.99615478515625
Loss:  81.99446868896484
Loss:  81.9316177368164
Loss:  82.02351379394531
Loss:  81.97053527832031
Loss:  81.97588348388672
Loss:  81.90512084960938
Loss:  81.93206024169922
Loss:  81.93295288085938
Loss:  81.90469360351562
Loss:  81.91124725341797
Loss:  81.78831481933594
Loss:  81.9009780883789
Loss:  81.83453369140625
Loss:  81.80638122558594
Loss:  81.80789184570312
Loss:  81.76773834228516
Loss:  81.80552673339844
Loss:  81.7640609741211
Loss:  81.64138793945312
Loss:  81.72954559326172
Loss:  81.6613540649414
Loss:  81.68980407714844
Loss:  81.68895721435547
Loss:  81.66293334960938
Loss:  81.73052215576172
Loss:  81.60160827636719
Loss:  81.56956481933594
Loss:  81.55338287353516
Loss:  81.55042266845703
Loss:  81.58419036865234
Loss:  81.50286865234375
Loss:  81.5071792602539
Loss:  81.4968490600586
Loss:  81.42407989501953
Loss:  81.51615905761719
Loss:  81.45112609863281
Loss:  81.40957641601562
Loss:  81.53269958496094
Loss:  81.35881805419922
Loss:  81.36726379394531
Loss:  81.29766845703125
Loss:  81.37340545654297
Loss:  81.41878509521484
Loss:  81.33009338378906
Loss:  81.31813049316406
Loss:  81.20610046386719
Loss:  81.21762084960938
Loss:  81.32154846191406
Loss:  81.27674865722656
Loss:  81.23619842529297
Loss:  81.17007446289062
Loss:  81.20225524902344
Loss:  81.24887084960938
Loss:  81.15660858154297
Loss:  81.19837188720703
Loss:  81.18038940429688
Loss:  81.10533905029297
Loss:  81.12031555175781
Loss:  81.0601806640625
Loss:  81.12932586669922
Loss:  81.01469421386719
Loss:  81.12935638427734
Loss:  80.9738540649414
Loss:  81.00846862792969
Loss:  81.00193786621094
Loss:  80.92678833007812
Loss:  80.98564147949219
Loss:  80.91424560546875
Loss:  81.00926971435547
Loss:  80.88004302978516
Loss:  80.86060333251953
Loss:  80.8445816040039
Loss:  80.84669494628906
Loss:  80.81074523925781
Loss:  80.75843048095703
Loss:  80.74298095703125
Loss:  80.7859878540039
Loss:  80.79338073730469
Loss:  80.76685333251953
Loss:  80.71295166015625
Loss:  80.66197967529297
Loss:  80.72496032714844
Loss:  80.60768127441406
Loss:  80.62223815917969
Loss:  80.67072296142578
Loss:  80.6917495727539
Loss:  80.59242248535156
Loss:  80.607421875
Loss:  80.56015014648438
Loss:  80.53978729248047
Loss:  80.5011215209961
Loss:  80.50077819824219
Loss:  80.5193862915039
Loss:  80.50411224365234
Loss:  80.44676208496094
Loss:  80.35621643066406
Loss:  80.39056396484375
Loss:  80.35621643066406
Loss:  80.26158905029297
Loss:  80.30661010742188
Loss:  80.25152587890625
Loss:  80.2773208618164
Loss:  80.36503601074219
Loss:  80.2900390625
Loss:  80.26468658447266
Loss:  80.23845672607422
Loss:  80.16351318359375
Loss:  80.20945739746094
Loss:  80.1875991821289
Loss:  80.15663146972656
Loss:  80.16912078857422
Loss:  80.02642059326172
Loss:  80.16464233398438
Loss:  80.13341522216797
Loss:  80.07940673828125
Loss:  80.00091552734375
Loss:  80.02456665039062
Loss:  79.97423553466797
Loss:  79.99403381347656
Loss:  79.92102813720703
Loss:  79.95826721191406
Loss:  80.00704193115234
Loss:  79.8448486328125
Loss:  79.85259246826172
Loss:  79.82939910888672
Loss:  79.85143280029297
Loss:  79.87248992919922
Loss:  79.7906494140625
Loss:  79.84330749511719
Loss:  79.61554718017578
Loss:  79.65070343017578
Loss:  79.644287109375
Loss:  79.77204132080078
Loss:  79.64903259277344
Loss:  79.74307250976562
Loss:  79.60902404785156
Loss:  79.57052612304688
Loss:  79.55384063720703
Loss:  79.56826782226562
Loss:  79.58661651611328
Loss:  79.50425720214844
Loss:  79.39656066894531
Loss:  79.42483520507812
Loss:  79.392822265625
Loss:  79.3789291381836
Loss:  79.43089294433594
Loss:  79.34562683105469
Loss:  79.35317993164062
Loss:  79.26099395751953
Loss:  79.2999267578125
Loss:  79.3272933959961
Loss:  79.22464752197266
Loss:  79.26629638671875
Loss:  79.268310546875
Loss:  79.17662048339844
Loss:  79.07504272460938
Loss:  79.1673583984375
Loss:  79.10687255859375
Loss:  79.0912857055664
Loss:  79.04374694824219
Loss:  78.99421691894531
Loss:  79.04227447509766
Loss:  79.0119857788086
Loss:  78.85856628417969
Loss:  78.86911010742188
Loss:  78.92237854003906
Loss:  78.77108764648438
Loss:  78.81407928466797
Loss:  78.71742248535156
Loss:  78.6653060913086
Loss:  78.63037109375
Your samples are ready and waiting for you here: 
outputs/psld-samples-rip 
 
Enjoy.
Job finished: Tue Apr 14 19:02:46 EDT 2026
