Job started:  Wed Apr 15 11:13:25 EDT 2026
Node:         rg32102
Array task:   9  (seed=1  scale=1.0  eta=0.1)
Loading model from models/ldm/stable-diffusion-v1/model.ckpt
Global Step: 470000
LatentDiffusion: Running in eps-prediction mode
DiffusionWrapper has 859.52 M params.
making attention of type 'vanilla' with 512 in_channels
Working with z of shape (1, 4, 32, 32) = 4096 dimensions.
making attention of type 'vanilla' with 512 in_channels
Creating invisible watermark encoder (see https://github.com/ShieldMnt/invisible-watermark)...
Subtracting 1 from DDIM time indices to match the dimension.
Data shape for DDIM sampling is (1, 4, 64, 64), eta 0.1
Running DDIM Sampling with 1000 timesteps
Loss:  182.9484405517578
Loss:  439.7122802734375
Loss:  338.83319091796875
Loss:  288.15826416015625
Loss:  267.4091491699219
Loss:  258.37896728515625
Loss:  259.7527770996094
Loss:  281.096435546875
Loss:  258.5450134277344
Loss:  252.11477661132812
Loss:  245.4858856201172
Loss:  246.55160522460938
Loss:  226.5312042236328
Loss:  247.74063110351562
Loss:  203.37049865722656
Loss:  219.75692749023438
Loss:  219.89385986328125
Loss:  220.94570922851562
Loss:  185.267578125
Loss:  213.87840270996094
Loss:  196.66140747070312
Loss:  188.76426696777344
Loss:  187.02243041992188
Loss:  205.751708984375
Loss:  175.77903747558594
Loss:  172.5823211669922
Loss:  171.99781799316406
Loss:  179.30123901367188
Loss:  161.50723266601562
Loss:  160.11114501953125
Loss:  168.20260620117188
Loss:  167.8951416015625
Loss:  155.0765380859375
Loss:  141.10523986816406
Loss:  143.2200164794922
Loss:  147.57659912109375
Loss:  143.0591278076172
Loss:  149.38687133789062
Loss:  142.34495544433594
Loss:  131.3814697265625
Loss:  136.15370178222656
Loss:  120.52165985107422
Loss:  127.70731353759766
Loss:  142.78614807128906
Loss:  122.70368194580078
Loss:  124.06668853759766
Loss:  119.73467254638672
Loss:  129.587890625
Loss:  124.57398986816406
Loss:  115.91265869140625
Loss:  115.2557601928711
Loss:  120.49535369873047
Loss:  112.04703521728516
Loss:  118.72847747802734
Loss:  119.81978607177734
Loss:  117.41079711914062
Loss:  114.37796783447266
Loss:  116.02819061279297
Loss:  115.86671447753906
Loss:  116.05437469482422
Loss:  114.23776245117188
Loss:  109.02536010742188
Loss:  110.7874755859375
Loss:  112.866455078125
Loss:  108.63871765136719
Loss:  108.89430236816406
Loss:  108.04603576660156
Loss:  111.61726379394531
Loss:  104.47967529296875
Loss:  106.05144500732422
Loss:  100.59111785888672
Loss:  103.73889923095703
Loss:  104.18485260009766
Loss:  103.28478240966797
Loss:  101.07931518554688
Loss:  105.26178741455078
Loss:  105.95353698730469
Loss:  106.5936508178711
Loss:  93.2378921508789
Loss:  94.42890930175781
Loss:  100.34288024902344
Loss:  99.22877502441406
Loss:  100.33197021484375
Loss:  97.16310119628906
Loss:  96.36532592773438
Loss:  97.93537139892578
Loss:  95.98808288574219
Loss:  95.63407897949219
Loss:  93.00465393066406
Loss:  93.65570068359375
Loss:  92.80902862548828
Loss:  92.70679473876953
Loss:  91.63432312011719
Loss:  91.56571960449219
Loss:  90.38301849365234
Loss:  90.56454467773438
Loss:  89.61619567871094
Loss:  89.02481079101562
Loss:  87.86042785644531
Loss:  88.2387924194336
Loss:  87.84657287597656
Loss:  86.95426177978516
Loss:  85.97860717773438
Loss:  86.27287292480469
Loss:  86.54856872558594
Loss:  84.53755950927734
Loss:  83.63428497314453
Loss:  84.9683837890625
Loss:  85.59065246582031
Loss:  84.03488159179688
Loss:  82.95286560058594
Loss:  81.7030029296875
Loss:  81.46244049072266
Loss:  81.51863861083984
Loss:  82.00186920166016
Loss:  79.5448226928711
Loss:  79.23055267333984
Loss:  80.43270874023438
Loss:  81.42567443847656
Loss:  80.27489471435547
Loss:  79.20758056640625
Loss:  79.95354461669922
Loss:  80.82221221923828
Loss:  77.47888946533203
Loss:  77.0545883178711
Loss:  77.54584503173828
Loss:  80.90079498291016
Loss:  79.5713119506836
Loss:  74.70132446289062
Loss:  74.1950912475586
Loss:  76.82792663574219
Loss:  76.11946105957031
Loss:  76.81541442871094
Loss:  73.62073516845703
Loss:  73.58531188964844
Loss:  73.48876190185547
Loss:  73.06814575195312
Loss:  73.02449798583984
Loss:  71.77124786376953
Loss:  70.8833236694336
Loss:  71.70866394042969
Loss:  70.96826934814453
Loss:  71.25833129882812
Loss:  70.81729125976562
Loss:  70.56087493896484
Loss:  71.09659576416016
Loss:  68.20962524414062
Loss:  67.52068328857422
Loss:  68.0020751953125
Loss:  68.11024475097656
Loss:  68.37763214111328
Loss:  68.82183837890625
Loss:  69.7464370727539
Loss:  69.25296020507812
Loss:  68.92412567138672
Loss:  67.8271484375
Loss:  67.24653625488281
Loss:  66.83111572265625
Loss:  66.66195678710938
Loss:  66.13724517822266
Loss:  66.0514144897461
Loss:  65.42317199707031
Loss:  65.29801177978516
Loss:  64.95512390136719
Loss:  65.05318450927734
Loss:  64.40764617919922
Loss:  64.29371643066406
Loss:  63.9020881652832
Loss:  63.91530990600586
Loss:  63.48371505737305
Loss:  63.42576599121094
Loss:  63.06954574584961
Loss:  63.12405776977539
Loss:  62.64886474609375
Loss:  62.658058166503906
Loss:  62.308624267578125
Loss:  62.3425407409668
Loss:  61.813419342041016
Loss:  61.90898132324219
Loss:  61.581809997558594
Loss:  61.8571662902832
Loss:  61.57061004638672
Loss:  61.40548324584961
Loss:  61.22693634033203
Loss:  61.1068115234375
Loss:  60.836307525634766
Loss:  61.00960159301758
Loss:  60.658958435058594
Loss:  60.68855667114258
Loss:  60.186397552490234
Loss:  60.097171783447266
Loss:  59.877506256103516
Loss:  60.03401565551758
Loss:  59.75272750854492
Loss:  59.726261138916016
Loss:  59.43777084350586
Loss:  59.49717330932617
Loss:  59.30030059814453
Loss:  59.40517044067383
Loss:  59.09698486328125
Loss:  59.22651672363281
Loss:  58.92591094970703
Loss:  58.999393463134766
Loss:  58.73056411743164
Loss:  58.72412109375
Loss:  58.521156311035156
Loss:  58.5430908203125
Loss:  58.347381591796875
Loss:  58.31154251098633
Loss:  58.09254455566406
Loss:  58.08932113647461
Loss:  57.95658874511719
Loss:  58.12863540649414
Loss:  57.88330841064453
Loss:  57.93212890625
Loss:  57.567543029785156
Loss:  57.58462905883789
Loss:  57.328182220458984
Loss:  57.51906967163086
Loss:  57.40089797973633
Loss:  58.34708023071289
Loss:  57.92891311645508
Loss:  57.816566467285156
Loss:  56.68852615356445
Loss:  56.51578903198242
Loss:  56.3978271484375
Loss:  56.584808349609375
Loss:  56.494075775146484
Loss:  56.79711151123047
Loss:  56.32188415527344
Loss:  56.27857208251953
Loss:  56.00017166137695
Loss:  56.035396575927734
Loss:  55.93846893310547
Loss:  56.19114685058594
Loss:  55.75677490234375
Loss:  55.77910614013672
Loss:  55.475460052490234
Loss:  55.60885238647461
Loss:  55.39716339111328
Loss:  55.49341583251953
Loss:  55.18887710571289
Loss:  55.23026657104492
Loss:  54.963531494140625
Loss:  55.07658386230469
Loss:  54.93911361694336
Loss:  55.153831481933594
Loss:  54.7955436706543
Loss:  54.735687255859375
Loss:  54.57347869873047
Loss:  54.67200469970703
Loss:  54.45060348510742
Loss:  54.51100540161133
Loss:  54.251121520996094
Loss:  54.397064208984375
Loss:  54.11307144165039
Loss:  54.20280075073242
Loss:  54.09796905517578
Loss:  54.212825775146484
Loss:  53.96233367919922
Loss:  53.961036682128906
Loss:  53.80710983276367
Loss:  53.858116149902344
Loss:  53.806278228759766
Loss:  53.917198181152344
Loss:  53.58210372924805
Loss:  53.50961685180664
Loss:  53.43784713745117
Loss:  53.62256622314453
Loss:  53.297821044921875
Loss:  53.3730354309082
Loss:  53.10039520263672
Loss:  53.36062240600586
Loss:  53.02790832519531
Loss:  53.12055587768555
Loss:  52.64652633666992
Loss:  52.6338996887207
Loss:  52.603759765625
Loss:  52.81465530395508
Loss:  52.442874908447266
Loss:  52.38569259643555
Loss:  52.38247299194336
Loss:  52.54855728149414
Loss:  52.28761672973633
Loss:  52.30995559692383
Loss:  52.26707077026367
Loss:  52.348716735839844
Loss:  52.115089416503906
Loss:  52.12932205200195
Loss:  52.1107292175293
Loss:  52.172447204589844
Loss:  51.9298210144043
Loss:  51.9980354309082
Loss:  51.87788009643555
Loss:  52.016422271728516
Loss:  51.79533004760742
Loss:  51.931068420410156
Loss:  51.97411346435547
Loss:  51.99000549316406
Loss:  51.79686737060547
Loss:  51.750404357910156
Loss:  51.66432189941406
Loss:  51.63777160644531
Loss:  51.66606140136719
Loss:  51.57421875
Loss:  51.57564926147461
Loss:  51.461334228515625
Loss:  51.506935119628906
Loss:  51.34439468383789
Loss:  51.31337356567383
Loss:  51.201107025146484
Loss:  51.15265655517578
Loss:  51.10076904296875
Loss:  51.13286209106445
Loss:  51.021240234375
Loss:  51.08373260498047
Loss:  51.155845642089844
Loss:  50.886741638183594
Loss:  50.90492630004883
Loss:  50.85391616821289
Loss:  50.84199905395508
Loss:  50.72832489013672
Loss:  50.74003601074219
Loss:  50.68867111206055
Loss:  50.68220901489258
Loss:  50.62397384643555
Loss:  50.66162872314453
Loss:  50.49853515625
Loss:  50.54969787597656
Loss:  50.42804718017578
Loss:  50.397186279296875
Loss:  50.3729133605957
Loss:  50.35423278808594
Loss:  50.26636505126953
Loss:  50.221561431884766
Loss:  50.20832443237305
Loss:  50.164268493652344
Loss:  50.11851119995117
Loss:  50.14576721191406
Loss:  50.01473617553711
Loss:  50.061195373535156
Loss:  50.00070571899414
Loss:  49.983543395996094
Loss:  49.90859603881836
Loss:  49.89994812011719
Loss:  49.88755416870117
Loss:  49.797489166259766
Loss:  49.82203674316406
Loss:  49.75447463989258
Loss:  49.73411560058594
Loss:  49.68680953979492
Loss:  49.617431640625
Loss:  49.62208557128906
Loss:  49.597774505615234
Loss:  49.54922103881836
Loss:  49.517066955566406
Loss:  49.44096374511719
Loss:  49.38443374633789
Loss:  49.41919708251953
Loss:  49.348350524902344
Loss:  49.33823776245117
Loss:  49.297889709472656
Loss:  49.26118469238281
Loss:  49.25176239013672
Loss:  49.18461990356445
Loss:  49.10515594482422
Loss:  49.10406494140625
Loss:  49.06898498535156
Loss:  48.97107696533203
Loss:  48.957252502441406
Loss:  48.95231628417969
Loss:  48.91889953613281
Loss:  48.86111068725586
Loss:  48.82447052001953
Loss:  48.81514358520508
Loss:  48.71346664428711
Loss:  48.719871520996094
Loss:  48.681705474853516
Loss:  48.61861038208008
Loss:  48.62828826904297
Loss:  48.54958724975586
Loss:  48.52083969116211
Loss:  48.4744873046875
Loss:  48.45854949951172
Loss:  48.45111846923828
Loss:  48.43655014038086
Loss:  48.39604187011719
Loss:  48.34006881713867
Loss:  48.33548355102539
Loss:  48.285247802734375
Loss:  48.221466064453125
Loss:  48.20253372192383
Loss:  48.14678955078125
Loss:  48.17875289916992
Loss:  48.09542465209961
Loss:  48.079811096191406
Loss:  48.01200485229492
Loss:  48.00254440307617
Loss:  48.00875473022461
Loss:  47.970420837402344
Loss:  47.893882751464844
Loss:  47.84741973876953
Loss:  47.81169891357422
Loss:  47.80343246459961
Loss:  47.768959045410156
Loss:  47.782470703125
Loss:  47.656951904296875
Loss:  47.70000457763672
Loss:  47.70241928100586
Loss:  47.63728713989258
Loss:  47.638389587402344
Loss:  47.55579376220703
Loss:  47.57579040527344
Loss:  47.52058410644531
Loss:  47.491397857666016
Loss:  47.449989318847656
Loss:  47.40956497192383
Loss:  47.37974548339844
Loss:  47.327720642089844
Loss:  47.356163024902344
Loss:  47.32231521606445
Loss:  47.30835723876953
Loss:  47.2639045715332
Loss:  47.230247497558594
Loss:  47.147220611572266
Loss:  47.198307037353516
Loss:  47.153656005859375
Loss:  47.13489532470703
Loss:  47.04880905151367
Loss:  47.06087875366211
Loss:  47.02543640136719
Loss:  46.976463317871094
Loss:  46.96686935424805
Loss:  46.94521713256836
Loss:  46.95469665527344
Loss:  46.90823745727539
Loss:  46.90572738647461
Loss:  46.901634216308594
Loss:  46.8289794921875
Loss:  46.78664779663086
Loss:  46.81725311279297
Loss:  46.78022003173828
Loss:  46.72924041748047
Loss:  46.748985290527344
Loss:  46.70499801635742
Loss:  46.699527740478516
Loss:  46.63753890991211
Loss:  46.64250183105469
Loss:  46.57768249511719
Loss:  46.59854507446289
Loss:  46.552818298339844
Loss:  46.526588439941406
Loss:  46.54391860961914
Loss:  46.4960823059082
Loss:  46.4948844909668
Loss:  46.42786407470703
Loss:  46.472496032714844
Loss:  46.42466354370117
Loss:  46.36521911621094
Loss:  46.3874626159668
Loss:  46.330726623535156
Loss:  46.30845260620117
Loss:  46.337059020996094
Loss:  46.262916564941406
Loss:  46.22895050048828
Loss:  46.298377990722656
Loss:  46.258819580078125
Loss:  46.1737174987793
Loss:  46.201515197753906
Loss:  46.15216064453125
Loss:  46.12141036987305
Loss:  46.14221954345703
Loss:  46.07363510131836
Loss:  46.03965377807617
Loss:  46.028751373291016
Loss:  46.03617858886719
Loss:  46.03565216064453
Loss:  45.98228454589844
Loss:  45.97209930419922
Loss:  45.88664627075195
Loss:  45.99253463745117
Loss:  45.9366340637207
Loss:  45.88908386230469
Loss:  45.8786506652832
Loss:  45.838287353515625
Loss:  45.87600326538086
Loss:  45.84052276611328
Loss:  45.792484283447266
Loss:  45.79635238647461
Loss:  45.80572509765625
Loss:  45.76795196533203
Loss:  45.71628189086914
Loss:  45.7578010559082
Loss:  45.74464416503906
Loss:  45.723751068115234
Loss:  45.68349075317383
Loss:  45.64826202392578
Loss:  45.63667297363281
Loss:  45.62976837158203
Loss:  45.574607849121094
Loss:  45.60245895385742
Loss:  45.61620330810547
Loss:  45.53530502319336
Loss:  45.51263427734375
Loss:  45.504249572753906
Loss:  45.515750885009766
Loss:  45.4973258972168
Loss:  45.443695068359375
Loss:  45.42842102050781
Loss:  45.44577407836914
Loss:  45.426841735839844
Loss:  45.37507629394531
Loss:  45.3901481628418
Loss:  45.36893844604492
Loss:  45.325008392333984
Loss:  45.378028869628906
Loss:  45.31414794921875
Loss:  45.27727127075195
Loss:  45.297855377197266
Loss:  45.26591491699219
Loss:  45.22769546508789
Loss:  45.240360260009766
Loss:  45.24680709838867
Loss:  45.20651626586914
Loss:  45.186805725097656
Loss:  45.164615631103516
Loss:  45.14106750488281
Loss:  45.08413314819336
Loss:  45.14872360229492
Loss:  45.12944030761719
Loss:  45.07900619506836
Loss:  45.05193328857422
Loss:  45.06696701049805
Loss:  45.03474426269531
Loss:  45.019195556640625
Loss:  44.99433135986328
Loss:  45.01699447631836
Loss:  45.00798034667969
Loss:  44.94026565551758
Loss:  44.93355941772461
Loss:  44.948829650878906
Loss:  44.86481857299805
Loss:  44.855194091796875
Loss:  44.848915100097656
Loss:  44.906803131103516
Loss:  44.885093688964844
Loss:  44.86341857910156
Loss:  44.819332122802734
Loss:  44.80196762084961
Loss:  44.776912689208984
Loss:  44.75967788696289
Loss:  44.748653411865234
Loss:  44.74734878540039
Loss:  44.734962463378906
Loss:  44.70620346069336
Loss:  44.74187088012695
Loss:  44.68860626220703
Loss:  44.69865417480469
Loss:  44.69856643676758
Loss:  44.653892517089844
Loss:  44.615997314453125
Loss:  44.56312942504883
Loss:  44.57090377807617
Loss:  44.579925537109375
Loss:  44.51625061035156
Loss:  44.494449615478516
Loss:  44.47751998901367
Loss:  44.51398468017578
Loss:  44.536956787109375
Loss:  44.49582290649414
Loss:  44.451202392578125
Loss:  44.43104934692383
Loss:  44.41060256958008
Loss:  44.37054443359375
Loss:  44.41939926147461
Loss:  44.383949279785156
Loss:  44.376686096191406
Loss:  44.35597229003906
Loss:  44.305606842041016
Loss:  44.30059051513672
Loss:  44.29674530029297
Loss:  44.29517364501953
Loss:  44.24267578125
Loss:  44.261043548583984
Loss:  44.223182678222656
Loss:  44.220741271972656
Loss:  44.21811294555664
Loss:  44.16193389892578
Loss:  44.14453887939453
Loss:  44.14268493652344
Loss:  44.144493103027344
Loss:  44.124549865722656
Loss:  44.1185302734375
Loss:  44.116943359375
Loss:  44.024749755859375
Loss:  44.090118408203125
Loss:  44.04535675048828
Loss:  44.02919006347656
Loss:  44.0085334777832
Loss:  43.95550537109375
Loss:  43.962127685546875
Loss:  43.982261657714844
Loss:  44.00516128540039
Loss:  43.93683624267578
Loss:  43.94993591308594
Loss:  43.89460372924805
Loss:  43.89942169189453
Loss:  43.91107177734375
Loss:  43.89543533325195
Loss:  43.902095794677734
Loss:  43.87221908569336
Loss:  43.86741256713867
Loss:  43.829376220703125
Loss:  43.78423309326172
Loss:  43.7501106262207
Loss:  43.77555465698242
Loss:  43.76751708984375
Loss:  43.74882125854492
Loss:  43.767669677734375
Loss:  43.77121353149414
Loss:  43.720726013183594
Loss:  43.67933654785156
Loss:  43.67509841918945
Loss:  43.704307556152344
Loss:  43.68830490112305
Loss:  43.62261199951172
Loss:  43.63200378417969
Loss:  43.63450241088867
Loss:  43.574668884277344
Loss:  43.58811950683594
Loss:  43.55312728881836
Loss:  43.52668380737305
Loss:  43.53542709350586
Loss:  43.504417419433594
Loss:  43.51911926269531
Loss:  43.510013580322266
Loss:  43.48925018310547
Loss:  43.45789337158203
Loss:  43.42949295043945
Loss:  43.44626998901367
Loss:  43.46180725097656
Loss:  43.43271255493164
Loss:  43.36927032470703
Loss:  43.410640716552734
Loss:  43.435218811035156
Loss:  43.33872604370117
Loss:  43.32350158691406
Loss:  43.320430755615234
Loss:  43.305477142333984
Loss:  43.294212341308594
Loss:  43.312355041503906
Loss:  43.27510070800781
Loss:  43.25342559814453
Loss:  43.26811599731445
Loss:  43.24481201171875
Loss:  43.22915267944336
Loss:  43.24839782714844
Loss:  43.219417572021484
Loss:  43.180206298828125
Loss:  43.16748046875
Loss:  43.160831451416016
Loss:  43.17095184326172
Loss:  43.15110397338867
Loss:  43.09622573852539
Loss:  43.145164489746094
Loss:  43.08223342895508
Loss:  43.14244079589844
Loss:  43.0861701965332
Loss:  43.08924102783203
Loss:  43.037960052490234
Loss:  43.061824798583984
Loss:  42.99417495727539
Loss:  43.019775390625
Loss:  43.016273498535156
Loss:  42.99324417114258
Loss:  43.04789733886719
Loss:  42.96303176879883
Loss:  42.93671417236328
Loss:  42.89426040649414
Loss:  42.94987487792969
Loss:  42.86556625366211
Loss:  42.910343170166016
Loss:  42.926353454589844
Loss:  42.87862777709961
Loss:  42.85402297973633
Loss:  42.85183334350586
Loss:  42.861244201660156
Loss:  42.839576721191406
Loss:  42.890037536621094
Loss:  42.81279373168945
Loss:  42.7691535949707
Loss:  42.77931213378906
Loss:  42.79539108276367
Loss:  42.75102615356445
Loss:  42.750282287597656
Loss:  42.72771072387695
Loss:  42.73957824707031
Loss:  42.691864013671875
Loss:  42.68293762207031
Loss:  42.66054153442383
Loss:  42.699363708496094
Loss:  42.59665298461914
Loss:  42.666770935058594
Loss:  42.611759185791016
Loss:  42.6353874206543
Loss:  42.60800552368164
Loss:  42.59578323364258
Loss:  42.60789108276367
Loss:  42.59386444091797
Loss:  42.57197570800781
Loss:  42.542972564697266
Loss:  42.54912185668945
Loss:  42.54563903808594
Loss:  42.494285583496094
Loss:  42.51015853881836
Loss:  42.472679138183594
Loss:  42.489540100097656
Loss:  42.483543395996094
Loss:  42.42936706542969
Loss:  42.4809684753418
Loss:  42.49359893798828
Loss:  42.42349624633789
Loss:  42.45661926269531
Loss:  42.41402053833008
Loss:  42.38751983642578
Loss:  42.412559509277344
Loss:  42.418846130371094
Loss:  42.397132873535156
Loss:  42.381874084472656
Loss:  42.341407775878906
Loss:  42.34939193725586
Loss:  42.37894821166992
Loss:  42.302669525146484
Loss:  42.293006896972656
Loss:  42.321800231933594
Loss:  42.29126739501953
Loss:  42.28611373901367
Loss:  42.23917007446289
Loss:  42.21755599975586
Loss:  42.21205520629883
Loss:  42.20368194580078
Loss:  42.17933654785156
Loss:  42.19819259643555
Loss:  42.198604583740234
Loss:  42.175323486328125
Loss:  42.16318893432617
Loss:  42.13518524169922
Loss:  42.12944793701172
Loss:  42.119483947753906
Loss:  42.115028381347656
Loss:  42.18422317504883
Loss:  42.09712600708008
Loss:  42.08272171020508
Loss:  42.099273681640625
Loss:  42.08463668823242
Loss:  42.055320739746094
Loss:  42.050418853759766
Loss:  42.06008529663086
Loss:  42.04869842529297
Loss:  42.07201385498047
Loss:  42.026123046875
Loss:  42.006343841552734
Loss:  42.02212905883789
Loss:  42.00178146362305
Loss:  41.953372955322266
Loss:  41.97589111328125
Loss:  41.994285583496094
Loss:  41.912635803222656
Loss:  41.983123779296875
Loss:  41.95759582519531
Loss:  41.93398666381836
Loss:  41.92554473876953
Loss:  41.892391204833984
Loss:  41.90132522583008
Loss:  41.9207763671875
Loss:  41.88986587524414
Loss:  41.8759765625
Loss:  41.88429641723633
Loss:  41.86579513549805
Loss:  41.8469123840332
Loss:  41.79581832885742
Loss:  41.83857345581055
Loss:  41.83833694458008
Loss:  41.78595733642578
Loss:  41.8046989440918
Loss:  41.75905990600586
Loss:  41.774322509765625
Loss:  41.75875473022461
Loss:  41.73591613769531
Loss:  41.738380432128906
Loss:  41.743438720703125
Loss:  41.723472595214844
Loss:  41.650508880615234
Loss:  41.74016189575195
Loss:  41.72835922241211
Loss:  41.66230392456055
Loss:  41.676639556884766
Loss:  41.666664123535156
Loss:  41.69105529785156
Loss:  41.65214157104492
Loss:  41.61201858520508
Loss:  41.60983657836914
Loss:  41.61411666870117
Loss:  41.584068298339844
Loss:  41.57749938964844
Loss:  41.63042449951172
Loss:  41.57481002807617
Loss:  41.583492279052734
Loss:  41.57021713256836
Loss:  41.54254913330078
Loss:  41.601783752441406
Loss:  41.52936553955078
Loss:  41.5075569152832
Loss:  41.49586868286133
Loss:  41.50197219848633
Loss:  41.50746154785156
Loss:  41.485652923583984
Loss:  41.48511505126953
Loss:  41.48457336425781
Loss:  41.469940185546875
Loss:  41.48714065551758
Loss:  41.4489860534668
Loss:  41.4575309753418
Loss:  41.37818908691406
Loss:  41.40571212768555
Loss:  41.39888381958008
Loss:  41.40208053588867
Loss:  41.37879943847656
Loss:  41.43560028076172
Loss:  41.42597198486328
Loss:  41.33827209472656
Loss:  41.38427734375
Loss:  41.38520050048828
Loss:  41.35627746582031
Loss:  41.36164855957031
Loss:  41.35972213745117
Loss:  41.299346923828125
Loss:  41.31595230102539
Loss:  41.310447692871094
Loss:  41.290443420410156
Loss:  41.296722412109375
Loss:  41.28441619873047
Loss:  41.28490447998047
Loss:  41.29115676879883
Loss:  41.21855545043945
Loss:  41.25680160522461
Loss:  41.224403381347656
Loss:  41.26568603515625
Loss:  41.25782012939453
Loss:  41.17251205444336
Loss:  41.21678161621094
Loss:  41.19011306762695
Loss:  41.18695068359375
Loss:  41.138397216796875
Loss:  41.1242561340332
Loss:  41.15866470336914
Loss:  41.14375686645508
Loss:  41.13179397583008
Loss:  41.15471649169922
Loss:  41.16384506225586
Loss:  41.093624114990234
Loss:  41.12827682495117
Loss:  41.06328201293945
Loss:  41.08411407470703
Loss:  41.078704833984375
Loss:  41.09123229980469
Loss:  41.05231857299805
Loss:  41.042816162109375
Loss:  41.057132720947266
Loss:  41.03273391723633
Loss:  41.029293060302734
Loss:  41.011783599853516
Loss:  40.9901237487793
Loss:  40.99492263793945
Loss:  40.99675750732422
Loss:  40.98286056518555
Loss:  40.943992614746094
Loss:  40.95397186279297
Loss:  40.93000411987305
Loss:  40.95539855957031
Loss:  40.95716094970703
Loss:  40.955135345458984
Loss:  40.89491653442383
Loss:  40.944705963134766
Loss:  40.92070007324219
Loss:  40.9012451171875
Loss:  40.88129806518555
Loss:  40.881832122802734
Loss:  40.88129425048828
Loss:  40.84738540649414
Loss:  40.84788513183594
Loss:  40.85131072998047
Loss:  40.83894348144531
Loss:  40.84071731567383
Loss:  40.806983947753906
Loss:  40.78456497192383
Loss:  40.79964065551758
Loss:  40.79228591918945
Loss:  40.80322265625
Loss:  40.78573226928711
Loss:  40.75290298461914
Loss:  40.77885055541992
Loss:  40.77689743041992
Loss:  40.697505950927734
Loss:  40.69023132324219
Loss:  40.7090950012207
Loss:  40.729835510253906
Loss:  40.70213317871094
Loss:  40.68519973754883
Loss:  40.70606231689453
Loss:  40.67398452758789
Loss:  40.66360092163086
Loss:  40.63089370727539
Loss:  40.6469841003418
Loss:  40.63046646118164
Loss:  40.59490203857422
Loss:  40.614784240722656
Loss:  40.60163497924805
Loss:  40.58092498779297
Loss:  40.56938171386719
Loss:  40.53984832763672
Loss:  40.581871032714844
Loss:  40.54243850708008
Loss:  40.59540939331055
Loss:  40.54837417602539
Loss:  40.52018737792969
Loss:  40.48183059692383
Loss:  40.50418472290039
Loss:  40.48969268798828
Loss:  40.49633026123047
Loss:  40.46761703491211
Loss:  40.50422668457031
Loss:  40.44322204589844
Loss:  40.43943786621094
Loss:  40.41480255126953
Loss:  40.417625427246094
Loss:  40.431190490722656
Loss:  40.353084564208984
Loss:  40.40013122558594
Loss:  40.376609802246094
Loss:  40.34702682495117
Loss:  40.3473014831543
Loss:  40.310272216796875
Loss:  40.34809494018555
Loss:  40.323116302490234
Loss:  40.305171966552734
Loss:  40.30730438232422
Loss:  40.323116302490234
Loss:  40.26603698730469
Loss:  40.22505187988281
Loss:  40.23476791381836
Loss:  40.233341217041016
Loss:  40.21830749511719
Loss:  40.2033805847168
Loss:  40.19440460205078
Loss:  40.16553497314453
Loss:  40.1728515625
Loss:  40.136234283447266
Loss:  40.11699676513672
Loss:  40.179168701171875
Loss:  40.10426712036133
Loss:  40.08488464355469
Loss:  40.08388137817383
Loss:  40.08079147338867
Loss:  40.08350372314453
Loss:  40.026126861572266
Loss:  40.001800537109375
Loss:  40.00888442993164
Loss:  40.03822326660156
Loss:  39.981937408447266
Loss:  39.973690032958984
Loss:  39.941139221191406
Loss:  39.925167083740234
Loss:  39.951133728027344
Loss:  39.981075286865234
Loss:  39.85689163208008
Loss:  39.893638610839844
Loss:  39.851951599121094
Loss:  39.83397674560547
Loss:  39.83099365234375
Loss:  39.87199020385742
Loss:  39.82915496826172
Loss:  39.79278564453125
Loss:  39.798606872558594
Loss:  39.747657775878906
Loss:  39.74203109741211
Loss:  39.73067855834961
Loss:  39.73593521118164
Loss:  39.68974685668945
Loss:  39.71935272216797
Loss:  39.658111572265625
Loss:  39.66244888305664
Loss:  39.627113342285156
Loss:  39.634613037109375
Loss:  39.59123611450195
Loss:  39.622337341308594
Loss:  39.586936950683594
Loss:  39.51301574707031
Loss:  39.500694274902344
Loss:  39.47872543334961
Your samples are ready and waiting for you here: 
outputs/psld-samples-center-bip 
 
Enjoy.
Job finished: Wed Apr 15 11:16:29 EDT 2026
