The following modules were not unloaded:
  (Use "module --force purge" to unload all):

  1) CCconfig        6)  ucx/1.14.1         11) flexiblas/3.3.1
  2) gentoo/2023     7)  libfabric/1.18.0   12) aocl-blas/5.1
  3) gcccore/.12.3   8)  pmix/4.2.4         13) aocl-lapack/5.1
  4) gcc/12.3        9)  ucc/1.2.0          14) StdEnv/2023
  5) hwloc/2.9.1     10) openmpi/4.1.5
/lustre10/scratch/sammys15/PSLD/psld_env/lib/python3.11/site-packages/lightning_fabric/__init__.py:29: UserWarning: pkg_resources is deprecated as an API. See https://setuptools.pypa.io/en/latest/pkg_resources.html. The pkg_resources package is slated for removal as early as 2025-11-30. Refrain from using this package or pin to Setuptools<81.
  __import__("pkg_resources").declare_namespace(__name__)
'[Errno 101] Network is unreachable' thrown while requesting HEAD https://huggingface.co/CompVis/stable-diffusion-safety-checker/resolve/main/processor_config.json
Retrying in 1s [Retry 1/5].
Traceback (most recent call last):
  File "/lustre10/scratch/sammys15/PSLD/psld_env/lib/python3.11/site-packages/transformers/feature_extraction_utils.py", line 477, in get_feature_extractor_dict
    resolved_processor_file = cached_file(
                              ^^^^^^^^^^^^
  File "/lustre10/scratch/sammys15/PSLD/psld_env/lib/python3.11/site-packages/transformers/utils/hub.py", line 278, in cached_file
    file = cached_files(path_or_repo_id=path_or_repo_id, filenames=[filename], **kwargs)
           ^^^^^^^^^^^^^^^^^^^^^^^^^^^^^^^^^^^^^^^^^^^^^^^^^^^^^^^^^^^^^^^^^^^^^^^^^^^^^
  File "/lustre10/scratch/sammys15/PSLD/psld_env/lib/python3.11/site-packages/transformers/utils/hub.py", line 512, in cached_files
    raise e
  File "/lustre10/scratch/sammys15/PSLD/psld_env/lib/python3.11/site-packages/transformers/utils/hub.py", line 422, in cached_files
    hf_hub_download(
  File "/lustre10/scratch/sammys15/PSLD/psld_env/lib/python3.11/site-packages/huggingface_hub/utils/_validators.py", line 88, in _inner_fn
    return fn(*args, **kwargs)
           ^^^^^^^^^^^^^^^^^^^
  File "/lustre10/scratch/sammys15/PSLD/psld_env/lib/python3.11/site-packages/huggingface_hub/file_download.py", line 997, in hf_hub_download
    return _hf_hub_download_to_cache_dir(
           ^^^^^^^^^^^^^^^^^^^^^^^^^^^^^^
  File "/lustre10/scratch/sammys15/PSLD/psld_env/lib/python3.11/site-packages/huggingface_hub/file_download.py", line 1130, in _hf_hub_download_to_cache_dir
    _get_metadata_or_catch_error(
  File "/lustre10/scratch/sammys15/PSLD/psld_env/lib/python3.11/site-packages/huggingface_hub/file_download.py", line 1669, in _get_metadata_or_catch_error
    metadata = get_hf_file_metadata(
               ^^^^^^^^^^^^^^^^^^^^^
  File "/lustre10/scratch/sammys15/PSLD/psld_env/lib/python3.11/site-packages/huggingface_hub/utils/_validators.py", line 88, in _inner_fn
    return fn(*args, **kwargs)
           ^^^^^^^^^^^^^^^^^^^
  File "/lustre10/scratch/sammys15/PSLD/psld_env/lib/python3.11/site-packages/huggingface_hub/file_download.py", line 1591, in get_hf_file_metadata
    response = _httpx_follow_relative_redirects_with_backoff(
               ^^^^^^^^^^^^^^^^^^^^^^^^^^^^^^^^^^^^^^^^^^^^^^
  File "/lustre10/scratch/sammys15/PSLD/psld_env/lib/python3.11/site-packages/huggingface_hub/utils/_http.py", line 685, in _httpx_follow_relative_redirects_with_backoff
    response = http_backoff(
               ^^^^^^^^^^^^^
  File "/lustre10/scratch/sammys15/PSLD/psld_env/lib/python3.11/site-packages/huggingface_hub/utils/_http.py", line 559, in http_backoff
    return next(
           ^^^^^
  File "/lustre10/scratch/sammys15/PSLD/psld_env/lib/python3.11/site-packages/huggingface_hub/utils/_http.py", line 467, in _http_backoff_base
    response = client.request(method=method, url=url, **kwargs)
               ^^^^^^^^^^^^^^^^^^^^^^^^^^^^^^^^^^^^^^^^^^^^^^^^
  File "/lustre10/scratch/sammys15/PSLD/psld_env/lib/python3.11/site-packages/httpx/_client.py", line 825, in request
    return self.send(request, auth=auth, follow_redirects=follow_redirects)
           ^^^^^^^^^^^^^^^^^^^^^^^^^^^^^^^^^^^^^^^^^^^^^^^^^^^^^^^^^^^^^^^^
  File "/lustre10/scratch/sammys15/PSLD/psld_env/lib/python3.11/site-packages/httpx/_client.py", line 901, in send
    raise RuntimeError("Cannot send a request, as the client has been closed.")
RuntimeError: Cannot send a request, as the client has been closed.

During handling of the above exception, another exception occurred:

Traceback (most recent call last):
  File "/lustre10/scratch/sammys15/PSLD/stable-diffusion/scripts/inverse.py", line 30, in <module>
    safety_feature_extractor = AutoFeatureExtractor.from_pretrained(safety_model_id)
                               ^^^^^^^^^^^^^^^^^^^^^^^^^^^^^^^^^^^^^^^^^^^^^^^^^^^^^
  File "/lustre10/scratch/sammys15/PSLD/psld_env/lib/python3.11/site-packages/transformers/models/auto/feature_extraction_auto.py", line 319, in from_pretrained
    config_dict, _ = FeatureExtractionMixin.get_feature_extractor_dict(pretrained_model_name_or_path, **kwargs)
                     ^^^^^^^^^^^^^^^^^^^^^^^^^^^^^^^^^^^^^^^^^^^^^^^^^^^^^^^^^^^^^^^^^^^^^^^^^^^^^^^^^^^^^^^^^^
  File "/lustre10/scratch/sammys15/PSLD/psld_env/lib/python3.11/site-packages/transformers/feature_extraction_utils.py", line 509, in get_feature_extractor_dict
    raise OSError(
OSError: Can't load feature extractor for 'CompVis/stable-diffusion-safety-checker'. If you were trying to load it from 'https://huggingface.co/models', make sure you don't have a local directory with the same name. Otherwise, make sure 'CompVis/stable-diffusion-safety-checker' is the correct path to a directory containing a preprocessor_config.json file
