The following modules were not unloaded:
  (Use "module --force purge" to unload all):

  1) CCconfig        6)  ucx/1.14.1         11) flexiblas/3.3.1
  2) gentoo/2023     7)  libfabric/1.18.0   12) aocl-blas/5.1
  3) gcccore/.12.3   8)  pmix/4.2.4         13) aocl-lapack/5.1
  4) gcc/12.3        9)  ucc/1.2.0          14) StdEnv/2023
  5) hwloc/2.9.1     10) openmpi/4.1.5
/lustre10/scratch/sammys15/PSLD/psld_env/lib/python3.11/site-packages/lightning_fabric/__init__.py:29: UserWarning: pkg_resources is deprecated as an API. See https://setuptools.pypa.io/en/latest/pkg_resources.html. The pkg_resources package is slated for removal as early as 2025-11-30. Refrain from using this package or pin to Setuptools<81.
  __import__("pkg_resources").declare_namespace(__name__)
[rank: 0] Global seed set to 42
/lustre10/scratch/sammys15/PSLD/psld_env/lib/python3.11/site-packages/pytorch_lightning/utilities/distributed.py:258: LightningDeprecationWarning: `pytorch_lightning.utilities.distributed.rank_zero_only` has been deprecated in v1.8.1 and will be removed in v2.0.0. You can import it from `pytorch_lightning.utilities` instead.
  rank_zero_deprecation(
Traceback (most recent call last):
  File "/lustre10/scratch/sammys15/PSLD/psld_env/lib/python3.11/site-packages/transformers/utils/hub.py", line 422, in cached_files
    hf_hub_download(
  File "/lustre10/scratch/sammys15/PSLD/psld_env/lib/python3.11/site-packages/huggingface_hub/utils/_validators.py", line 88, in _inner_fn
    return fn(*args, **kwargs)
           ^^^^^^^^^^^^^^^^^^^
  File "/lustre10/scratch/sammys15/PSLD/psld_env/lib/python3.11/site-packages/huggingface_hub/file_download.py", line 997, in hf_hub_download
    return _hf_hub_download_to_cache_dir(
           ^^^^^^^^^^^^^^^^^^^^^^^^^^^^^^
  File "/lustre10/scratch/sammys15/PSLD/psld_env/lib/python3.11/site-packages/huggingface_hub/file_download.py", line 1148, in _hf_hub_download_to_cache_dir
    _raise_on_head_call_error(head_call_error, force_download, local_files_only)
  File "/lustre10/scratch/sammys15/PSLD/psld_env/lib/python3.11/site-packages/huggingface_hub/file_download.py", line 1773, in _raise_on_head_call_error
    raise LocalEntryNotFoundError(
huggingface_hub.errors.LocalEntryNotFoundError: Cannot find the requested files in the disk cache and outgoing traffic has been disabled. To enable hf.co look-ups and downloads online, set 'local_files_only' to False.

The above exception was the direct cause of the following exception:

Traceback (most recent call last):
  File "/lustre10/scratch/sammys15/PSLD/stable-diffusion/scripts/inverse.py", line 559, in <module>
    main()
  File "/lustre10/scratch/sammys15/PSLD/stable-diffusion/scripts/inverse.py", line 322, in main
    model = load_model_from_config(config, f"{opt.ckpt}")
            ^^^^^^^^^^^^^^^^^^^^^^^^^^^^^^^^^^^^^^^^^^^^^
  File "/lustre10/scratch/sammys15/PSLD/stable-diffusion/scripts/inverse.py", line 57, in load_model_from_config
    model = instantiate_from_config(config.model)
            ^^^^^^^^^^^^^^^^^^^^^^^^^^^^^^^^^^^^^
  File "/home/sammys15/links/scratch/PSLD/stable-diffusion/ldm/util.py", line 85, in instantiate_from_config
    return get_obj_from_str(config["target"])(**config.get("params", dict()))
           ^^^^^^^^^^^^^^^^^^^^^^^^^^^^^^^^^^^^^^^^^^^^^^^^^^^^^^^^^^^^^^^^^^
  File "/home/sammys15/links/scratch/PSLD/stable-diffusion/ldm/models/diffusion/ddpm.py", line 461, in __init__
    self.instantiate_cond_stage(cond_stage_config)
  File "/home/sammys15/links/scratch/PSLD/stable-diffusion/ldm/models/diffusion/ddpm.py", line 519, in instantiate_cond_stage
    model = instantiate_from_config(config)
            ^^^^^^^^^^^^^^^^^^^^^^^^^^^^^^^
  File "/home/sammys15/links/scratch/PSLD/stable-diffusion/ldm/util.py", line 85, in instantiate_from_config
    return get_obj_from_str(config["target"])(**config.get("params", dict()))
           ^^^^^^^^^^^^^^^^^^^^^^^^^^^^^^^^^^^^^^^^^^^^^^^^^^^^^^^^^^^^^^^^^^
  File "/home/sammys15/links/scratch/PSLD/stable-diffusion/ldm/modules/encoders/modules.py", line 142, in __init__
    self.transformer = CLIPTextModel.from_pretrained(version)
                       ^^^^^^^^^^^^^^^^^^^^^^^^^^^^^^^^^^^^^^
  File "/lustre10/scratch/sammys15/PSLD/psld_env/lib/python3.11/site-packages/transformers/modeling_utils.py", line 4007, in from_pretrained
    config, model_kwargs = cls.config_class.from_pretrained(
                           ^^^^^^^^^^^^^^^^^^^^^^^^^^^^^^^^^
  File "/lustre10/scratch/sammys15/PSLD/psld_env/lib/python3.11/site-packages/transformers/configuration_utils.py", line 629, in from_pretrained
    config_dict, kwargs = cls.get_config_dict(pretrained_model_name_or_path, **kwargs)
                          ^^^^^^^^^^^^^^^^^^^^^^^^^^^^^^^^^^^^^^^^^^^^^^^^^^^^^^^^^^^^
  File "/lustre10/scratch/sammys15/PSLD/psld_env/lib/python3.11/site-packages/transformers/configuration_utils.py", line 670, in get_config_dict
    config_dict, kwargs = cls._get_config_dict(pretrained_model_name_or_path, **kwargs)
                          ^^^^^^^^^^^^^^^^^^^^^^^^^^^^^^^^^^^^^^^^^^^^^^^^^^^^^^^^^^^^^
  File "/lustre10/scratch/sammys15/PSLD/psld_env/lib/python3.11/site-packages/transformers/configuration_utils.py", line 725, in _get_config_dict
    resolved_config_file = cached_file(
                           ^^^^^^^^^^^^
  File "/lustre10/scratch/sammys15/PSLD/psld_env/lib/python3.11/site-packages/transformers/utils/hub.py", line 278, in cached_file
    file = cached_files(path_or_repo_id=path_or_repo_id, filenames=[filename], **kwargs)
           ^^^^^^^^^^^^^^^^^^^^^^^^^^^^^^^^^^^^^^^^^^^^^^^^^^^^^^^^^^^^^^^^^^^^^^^^^^^^^
  File "/lustre10/scratch/sammys15/PSLD/psld_env/lib/python3.11/site-packages/transformers/utils/hub.py", line 498, in cached_files
    raise OSError(
OSError: We couldn't connect to 'https://huggingface.co' to load the files, and couldn't find them in the cached files.
Check your internet connection or see how to run the library in offline mode at 'https://huggingface.co/docs/transformers/installation#offline-mode'.
