Array task: 0
Save dir:   results/psld_g0.01_w0.5_eta0.0_sc7.5_N100_apt
ddim_steps=1000  scale=7.5  gamma=0.01  omega=0.5
LatentDiffusion: Running in eps-prediction mode
DiffusionWrapper has 859.52 M params.
making attention of type 'vanilla' with 512 in_channels
Working with z of shape (1, 4, 32, 32) = 4096 dimensions.
making attention of type 'vanilla' with 512 in_channels
Task 0: saved shared tensors (gt, yn, mask).
Subtracting 1 from DDIM time indices to match the dimension.
Data shape for DDIM sampling is (1, 4, 64, 64), eta 0.0
Running DDIM Sampling with 1000 timesteps
Loss:  157.0533905029297
Loss:  460.49249267578125
Loss:  450.32403564453125
Loss:  438.3913879394531
Loss:  418.2469787597656
Loss:  385.5857238769531
Loss:  349.1171875
Loss:  312.74261474609375
Loss:  284.6847229003906
Loss:  261.8710632324219
Loss:  239.41452026367188
Loss:  218.49530029296875
Loss:  199.8714141845703
Loss:  182.78689575195312
Loss:  172.43350219726562
Loss:  177.4593048095703
Loss:  274.4220275878906
Loss:  302.4388122558594
Loss:  179.03248596191406
Loss:  159.80648803710938
Loss:  147.37753295898438
Loss:  167.66946411132812
Loss:  246.8808135986328
Loss:  155.7159423828125
Loss:  173.43698120117188
Loss:  165.8473358154297
Loss:  196.05018615722656
Loss:  147.89938354492188
Loss:  166.5174102783203
Loss:  155.73509216308594
Loss:  172.53616333007812
Loss:  143.47706604003906
Loss:  162.08956909179688
Loss:  145.8247833251953
Loss:  163.0050811767578
Loss:  135.09725952148438
Loss:  144.80984497070312
Loss:  141.019287109375
Loss:  157.5145721435547
Loss:  127.09559631347656
Loss:  137.92190551757812
Loss:  137.20260620117188
Loss:  156.01095581054688
Loss:  118.8952407836914
Loss:  128.28367614746094
Loss:  131.21337890625
Loss:  158.73953247070312
Loss:  112.07710266113281
Loss:  142.08607482910156
Loss:  103.51150512695312
Loss:  114.96539306640625
Loss:  119.36097717285156
Loss:  145.43295288085938
Loss:  99.78024291992188
Loss:  124.33455657958984
Loss:  101.34651184082031
Loss:  122.70295715332031
Loss:  102.36006164550781
Loss:  123.65471649169922
Loss:  100.31417846679688
Loss:  118.12982177734375
Loss:  99.03203582763672
Loss:  110.87833404541016
Loss:  99.58051300048828
Loss:  113.9632568359375
Loss:  94.1509017944336
Loss:  116.30733489990234
Loss:  87.52983093261719
Loss:  102.76049041748047
Loss:  101.48056030273438
Loss:  112.76089477539062
Loss:  88.2509994506836
Loss:  86.85315704345703
Loss:  95.14273071289062
Loss:  110.69638061523438
Loss:  87.61481475830078
Loss:  92.83821105957031
Loss:  90.05049896240234
Loss:  102.70733642578125
Loss:  84.25679779052734
Loss:  91.02506256103516
Loss:  88.70852661132812
Loss:  98.2711181640625
Loss:  83.96897888183594
Loss:  84.05131530761719
Loss:  86.56393432617188
Loss:  97.2898178100586
Loss:  80.4525375366211
Loss:  86.67208862304688
Loss:  82.93714904785156
Loss:  88.93232727050781
Loss:  81.2075424194336
Loss:  88.07608795166016
Loss:  80.40811157226562
Loss:  84.3547134399414
Loss:  79.4911117553711
Loss:  86.46109771728516
Loss:  78.36927795410156
Loss:  83.4825439453125
Loss:  78.7835464477539
Loss:  83.30830383300781
Loss:  79.09119415283203
Loss:  84.27459716796875
Loss:  75.37738037109375
Loss:  79.69760131835938
Loss:  78.2350082397461
Loss:  81.52190399169922
Loss:  75.70914459228516
Loss:  81.20296478271484
Loss:  75.88345336914062
Loss:  79.81021881103516
Loss:  73.75641632080078
Loss:  77.7870864868164
Loss:  76.41172790527344
Loss:  81.87460327148438
Loss:  72.2369384765625
Loss:  75.94882202148438
Loss:  73.6790542602539
Loss:  76.4345703125
Loss:  72.14181518554688
Loss:  75.32218933105469
Loss:  72.55537414550781
Loss:  73.82854461669922
Loss:  70.76892852783203
Loss:  71.77384185791016
Loss:  71.6081771850586
Loss:  70.91609954833984
Loss:  69.88319396972656
Loss:  71.8239974975586
Loss:  70.2433853149414
Loss:  69.72906494140625
Loss:  68.68450927734375
Loss:  71.64387512207031
Loss:  67.37349700927734
Loss:  69.84725952148438
Loss:  66.01944732666016
Loss:  67.66204071044922
Loss:  66.98480224609375
Loss:  69.7168197631836
Loss:  64.5181655883789
Loss:  65.61678314208984
Loss:  64.9574966430664
Loss:  66.34375
Loss:  65.35970306396484
Loss:  65.16915130615234
Loss:  66.83706665039062
Loss:  65.89488220214844
Loss:  61.74344253540039
Loss:  62.733951568603516
Loss:  62.419090270996094
Loss:  63.77409744262695
Loss:  65.33409118652344
Loss:  64.7413330078125
Loss:  60.74501037597656
Loss:  60.672630310058594
Loss:  61.304893493652344
Loss:  63.78030014038086
Loss:  60.940696716308594
Loss:  61.15888977050781
Loss:  59.84922790527344
Loss:  61.25069046020508
Loss:  59.43474578857422
Loss:  60.28825759887695
Loss:  59.33399200439453
Loss:  61.24474334716797
Loss:  59.047210693359375
Loss:  59.60662078857422
Loss:  57.90843200683594
Loss:  58.31507110595703
Loss:  57.82716369628906
Loss:  58.71055221557617
Loss:  57.63411331176758
Loss:  58.33518981933594
Loss:  56.96182632446289
Loss:  57.3665885925293
Loss:  56.66188430786133
Loss:  57.51725769042969
Loss:  56.39794158935547
Loss:  56.59962463378906
Loss:  55.82374572753906
Loss:  56.31314468383789
Loss:  55.64640808105469
Loss:  55.81890869140625
Loss:  55.32304000854492
Loss:  55.543212890625
Loss:  54.86906051635742
Loss:  54.91114807128906
Loss:  54.47477340698242
Loss:  54.621559143066406
Loss:  54.10732650756836
Loss:  54.286170959472656
Loss:  53.72751235961914
Loss:  53.84623336791992
Loss:  53.38622283935547
Loss:  53.44680404663086
Loss:  53.010467529296875
Loss:  53.05305862426758
Loss:  52.6699104309082
Loss:  52.82560729980469
Loss:  52.34781265258789
Loss:  52.417137145996094
Loss:  52.0836296081543
Loss:  52.30879211425781
Loss:  51.69662857055664
Loss:  51.511741638183594
Loss:  51.353084564208984
Loss:  51.66545867919922
Loss:  51.1527214050293
Loss:  51.20276641845703
Loss:  50.99935531616211
Loss:  51.417293548583984
Loss:  50.64455795288086
Loss:  50.40129852294922
Loss:  50.240570068359375
Loss:  50.28035354614258
Loss:  50.19743347167969
Loss:  50.48285675048828
Loss:  49.95820236206055
Loss:  50.16584396362305
Loss:  49.70806121826172
Loss:  49.708457946777344
Loss:  49.75046157836914
Loss:  50.1174430847168
Loss:  49.409332275390625
Loss:  49.181861877441406
Loss:  49.08234786987305
Loss:  48.957916259765625
Loss:  48.89250564575195
Loss:  49.060028076171875
Loss:  48.860076904296875
Loss:  49.144775390625
Loss:  48.7414665222168
Loss:  48.902000427246094
Loss:  48.73157501220703
Loss:  49.14204025268555
Loss:  48.48178482055664
Loss:  48.36009979248047
Loss:  48.53649139404297
Loss:  49.10608673095703
Loss:  48.45584487915039
Loss:  48.184146881103516
Loss:  48.14447784423828
Loss:  48.37144088745117
Loss:  48.431095123291016
Loss:  48.95119857788086
Loss:  48.12853240966797
Loss:  47.873931884765625
Loss:  47.9029426574707
Loss:  47.65739440917969
Loss:  47.69264602661133
Loss:  48.04074478149414
Loss:  48.169063568115234
Loss:  48.9076042175293
Loss:  47.84712219238281
Loss:  47.6898307800293
Loss:  47.8929328918457
Loss:  47.66971206665039
Loss:  47.54556655883789
Loss:  47.39590072631836
Loss:  47.307098388671875
Loss:  47.56691360473633
Loss:  48.334747314453125
Loss:  47.4432258605957
Loss:  47.21233367919922
Loss:  47.215484619140625
Loss:  47.141292572021484
Loss:  47.198543548583984
Loss:  47.88946533203125
Loss:  47.702335357666016
Loss:  48.34005355834961
Loss:  47.48308181762695
Loss:  47.2032585144043
Loss:  47.32608413696289
Loss:  47.79545974731445
Loss:  47.3193244934082
Loss:  47.48469924926758
Loss:  47.746559143066406
Loss:  47.90159606933594
Loss:  47.38980484008789
Loss:  47.29832458496094
Loss:  47.083946228027344
Loss:  47.149085998535156
Loss:  47.340980529785156
Loss:  47.67122268676758
Loss:  46.971927642822266
Loss:  46.78959655761719
Loss:  47.03950119018555
Loss:  47.1692008972168
Loss:  46.923187255859375
Loss:  46.98551559448242
Loss:  46.87997817993164
Loss:  46.81897735595703
Loss:  46.867515563964844
Loss:  46.64817810058594
Loss:  46.71217346191406
Loss:  46.42458724975586
Loss:  46.46736145019531
Loss:  46.37277603149414
Loss:  46.324153900146484
Loss:  46.24168014526367
Loss:  46.26565933227539
Loss:  46.18001174926758
Loss:  46.143001556396484
Loss:  46.11361312866211
Loss:  46.118064880371094
Loss:  46.095027923583984
Loss:  46.05253982543945
Loss:  46.031585693359375
Loss:  45.95981216430664
Loss:  45.96153259277344
Loss:  45.94349670410156
Loss:  45.90021896362305
Loss:  45.824981689453125
Loss:  45.8150749206543
Loss:  45.93585205078125
Loss:  45.80282974243164
Loss:  45.73398208618164
Loss:  45.660011291503906
Loss:  45.65760040283203
Loss:  45.791622161865234
Loss:  45.72184371948242
Loss:  45.91157531738281
Loss:  45.70804214477539
Loss:  45.69513702392578
Loss:  45.62635040283203
Loss:  45.73802185058594
Loss:  45.59907531738281
Loss:  45.59251022338867
Loss:  45.74168014526367
Loss:  45.51234436035156
Loss:  45.43666076660156
Loss:  45.43570327758789
Loss:  45.441131591796875
Loss:  45.56338882446289
Loss:  45.36524963378906
Loss:  45.40705871582031
Loss:  45.376346588134766
Loss:  45.38523483276367
Loss:  45.260108947753906
Loss:  45.21489334106445
Loss:  45.18489074707031
Loss:  45.297027587890625
Loss:  45.22045135498047
Loss:  45.40626525878906
Loss:  45.462135314941406
Loss:  45.2573356628418
Loss:  45.139991760253906
Loss:  45.054664611816406
Loss:  45.09822082519531
Loss:  45.00107192993164
Loss:  44.99229431152344
Loss:  45.01637268066406
Loss:  44.90437698364258
Loss:  44.88395690917969
Loss:  44.88056564331055
Loss:  44.84268569946289
Loss:  44.75267028808594
Loss:  44.67149353027344
Loss:  44.69620895385742
Loss:  45.03116226196289
Loss:  44.89033889770508
Loss:  44.68757247924805
Loss:  44.55427932739258
Loss:  44.48405456542969
Loss:  44.469608306884766
Loss:  44.45005416870117
Loss:  44.4593620300293
Loss:  44.5877571105957
Loss:  44.25544357299805
Loss:  44.205078125
Loss:  44.125728607177734
Loss:  44.16756820678711
Loss:  44.3321418762207
Loss:  45.54998779296875
Loss:  45.31326675415039
Loss:  44.582069396972656
Loss:  44.31340789794922
Loss:  44.182334899902344
Loss:  44.127262115478516
Loss:  44.117332458496094
Loss:  44.105133056640625
Loss:  44.05870819091797
Loss:  44.02067184448242
Loss:  43.99393844604492
Loss:  43.9588737487793
Loss:  43.93177795410156
Loss:  43.8927116394043
Loss:  43.93217468261719
Loss:  43.82710647583008
Loss:  43.79644775390625
Loss:  43.82858657836914
Loss:  43.7437629699707
Loss:  43.71405792236328
Loss:  43.6821403503418
Loss:  43.64303970336914
Loss:  43.602787017822266
Loss:  43.63124084472656
Loss:  43.508968353271484
Loss:  43.550559997558594
Loss:  43.51065444946289
Loss:  43.541744232177734
Loss:  43.450767517089844
Loss:  43.489322662353516
Loss:  43.3799934387207
Loss:  43.40571975708008
Loss:  43.34918975830078
Loss:  43.402191162109375
Loss:  43.309505462646484
Loss:  43.29606246948242
Loss:  43.27459716796875
Loss:  43.2105827331543
Loss:  43.2055778503418
Loss:  43.17709732055664
Loss:  43.17677307128906
Loss:  43.13068771362305
Loss:  43.15133285522461
Loss:  43.12068557739258
Loss:  43.140541076660156
Loss:  43.120906829833984
Loss:  43.21306228637695
Loss:  43.018402099609375
Loss:  42.99717330932617
Loss:  42.96461868286133
Loss:  43.082672119140625
Loss:  42.88370895385742
Loss:  42.902099609375
Loss:  42.863983154296875
Loss:  42.93411636352539
Loss:  42.78896713256836
Loss:  42.83767318725586
Loss:  42.792476654052734
Loss:  42.975730895996094
Loss:  42.72887420654297
Loss:  42.61914825439453
Loss:  42.61298370361328
Loss:  42.63188552856445
Loss:  42.63933563232422
Loss:  43.08845520019531
Loss:  42.73094940185547
Loss:  42.56171417236328
Loss:  42.53239822387695
Loss:  42.47553634643555
Loss:  42.45280075073242
Loss:  42.53641128540039
Loss:  42.44310760498047
Loss:  42.688629150390625
Loss:  42.41233444213867
Loss:  42.317203521728516
Loss:  42.31996536254883
Loss:  42.51369857788086
Loss:  42.31041717529297
Loss:  42.4203987121582
Loss:  42.68647766113281
Loss:  43.424354553222656
Loss:  43.081207275390625
Loss:  42.70290756225586
Loss:  42.59440612792969
Loss:  42.47564697265625
Loss:  42.329769134521484
Loss:  42.30238342285156
Loss:  42.24196243286133
Loss:  42.18878173828125
Loss:  42.18036651611328
Loss:  42.166507720947266
Loss:  42.16843032836914
Loss:  42.04949951171875
Loss:  41.93497085571289
Loss:  41.88298797607422
Loss:  41.884376525878906
Loss:  41.81889343261719
Loss:  41.88750457763672
Loss:  41.8434944152832
Loss:  41.91836166381836
Loss:  41.82020568847656
Loss:  41.81649398803711
Loss:  41.7635383605957
Loss:  42.00674819946289
Loss:  41.70364761352539
Loss:  41.57478713989258
Loss:  41.62334442138672
Loss:  41.94309616088867
Loss:  41.51422119140625
Loss:  41.36615753173828
Loss:  41.376155853271484
Loss:  41.58659744262695
Loss:  41.64604949951172
Loss:  41.442317962646484
Loss:  41.29267501831055
Loss:  41.34465789794922
Loss:  41.478824615478516
Loss:  42.06795120239258
Loss:  41.55739212036133
Loss:  41.32694625854492
Loss:  41.22412109375
Loss:  41.191524505615234
Loss:  41.16775131225586
Loss:  41.254920959472656
Loss:  41.14094924926758
Loss:  41.18324279785156
Loss:  41.25996780395508
Loss:  41.2429313659668
Loss:  41.37141036987305
Loss:  41.0870475769043
Loss:  40.99955368041992
Loss:  40.950584411621094
Loss:  41.29066467285156
Loss:  41.44801330566406
Loss:  41.22572326660156
Loss:  41.102989196777344
Loss:  40.96134948730469
Loss:  40.94111633300781
Loss:  40.82932662963867
Loss:  40.84687423706055
Loss:  40.847251892089844
Loss:  40.894203186035156
Loss:  41.84474182128906
Loss:  41.85820388793945
Loss:  41.38014221191406
Loss:  41.100894927978516
Loss:  40.98320007324219
Loss:  40.92060470581055
Loss:  40.9074592590332
Loss:  40.86384201049805
Loss:  40.82822799682617
Loss:  40.79790496826172
Loss:  40.760684967041016
Loss:  40.74516296386719
Loss:  40.686988830566406
Loss:  40.75153732299805
Loss:  40.716773986816406
Loss:  40.690303802490234
Loss:  40.75325393676758
Loss:  40.80963897705078
Loss:  40.68052291870117
Loss:  40.68449020385742
Loss:  40.63633346557617
Loss:  40.67832946777344
Loss:  40.637786865234375
Loss:  40.643619537353516
Loss:  40.57817840576172
Loss:  40.63454818725586
Loss:  40.558509826660156
Loss:  40.52907943725586
Loss:  40.51918411254883
Loss:  40.49531555175781
Loss:  40.48230743408203
Loss:  40.456993103027344
Loss:  40.44194030761719
Loss:  40.43830108642578
Loss:  40.422882080078125
Loss:  40.38368225097656
Loss:  40.37785339355469
Loss:  40.34809875488281
Loss:  40.32993698120117
Loss:  40.331214904785156
Loss:  40.32487106323242
Loss:  40.32502365112305
Loss:  40.285240173339844
Loss:  40.21246337890625
Loss:  40.20317840576172
Loss:  40.16545104980469
Loss:  40.29399871826172
Loss:  40.14254379272461
Loss:  40.0741081237793
Loss:  40.020050048828125
Loss:  40.138450622558594
Loss:  40.15675354003906
Loss:  40.30924606323242
Loss:  40.103973388671875
Loss:  39.98043441772461
Loss:  40.04122543334961
Loss:  39.996700286865234
Loss:  39.9122314453125
Loss:  39.94038391113281
Loss:  39.921722412109375
Loss:  39.9303092956543
Loss:  39.99824523925781
Loss:  39.99034118652344
Loss:  39.840763092041016
Loss:  39.83547592163086
Loss:  39.844932556152344
Loss:  39.837398529052734
Loss:  39.82923126220703
Loss:  39.82343673706055
Loss:  39.760887145996094
Loss:  39.801185607910156
Loss:  39.76231002807617
Loss:  39.77839660644531
Loss:  39.80126953125
Loss:  39.800716400146484
Loss:  39.69122314453125
Loss:  39.73213195800781
Loss:  39.66780471801758
Loss:  39.67351150512695
Loss:  39.62718200683594
Loss:  39.59794998168945
Loss:  39.662410736083984
Loss:  39.53569030761719
Loss:  39.581695556640625
Loss:  39.600101470947266
Loss:  39.574066162109375
Loss:  39.53855514526367
Loss:  39.52518081665039
Loss:  39.497581481933594
Loss:  39.492164611816406
Loss:  39.52198028564453
Loss:  39.46622848510742
Loss:  39.44584274291992
Loss:  39.41823959350586
Loss:  39.38731384277344
Loss:  39.416805267333984
Loss:  39.36669921875
Loss:  39.33718490600586
Loss:  39.35920333862305
Loss:  39.320159912109375
Loss:  39.299522399902344
Loss:  39.34981155395508
Loss:  39.29505920410156
Loss:  39.24736404418945
Loss:  39.274898529052734
Loss:  39.245914459228516
Loss:  39.175254821777344
Loss:  39.23601531982422
Loss:  39.18579864501953
Loss:  39.15702438354492
Loss:  39.1235466003418
Loss:  39.14842224121094
Loss:  39.13360595703125
Loss:  39.13043212890625
Loss:  39.099266052246094
Loss:  39.04765319824219
Loss:  39.047203063964844
Loss:  39.03117752075195
Loss:  39.03333282470703
Loss:  39.034637451171875
Loss:  39.00326919555664
Loss:  38.94363784790039
Loss:  38.949684143066406
Loss:  38.941680908203125
Loss:  38.94064712524414
Loss:  38.90254211425781
Loss:  38.91834259033203
Loss:  38.86936950683594
Loss:  38.870094299316406
Loss:  38.92604064941406
Loss:  38.89664840698242
Loss:  38.81328582763672
Loss:  38.800498962402344
Loss:  38.83502197265625
Loss:  38.86067581176758
Loss:  38.80117416381836
Loss:  38.79367446899414
Loss:  38.793521881103516
Loss:  38.76882553100586
Loss:  38.7644157409668
Loss:  38.765193939208984
Loss:  38.73954391479492
Loss:  38.74506759643555
Loss:  38.72828674316406
Loss:  38.699012756347656
Loss:  38.738040924072266
Loss:  38.698577880859375
Loss:  38.70343017578125
Loss:  38.687801361083984
Loss:  38.64741897583008
Loss:  38.62818908691406
Loss:  38.61549758911133
Loss:  38.591957092285156
Loss:  38.618961334228516
Loss:  38.6331672668457
Loss:  38.55295944213867
Loss:  38.60386276245117
Loss:  38.606719970703125
Loss:  38.619319915771484
Loss:  38.5101318359375
Loss:  38.55519104003906
Loss:  38.552486419677734
Loss:  38.56395721435547
Loss:  38.53392028808594
Loss:  38.55055618286133
Loss:  38.529930114746094
Loss:  38.49856185913086
Loss:  38.48954772949219
Loss:  38.50984191894531
Loss:  38.47548294067383
Loss:  38.49431610107422
Loss:  38.42632293701172
Loss:  38.44358444213867
Loss:  38.4360237121582
Loss:  38.44004440307617
Loss:  38.37076187133789
Loss:  38.44383239746094
Loss:  38.388580322265625
Loss:  38.407039642333984
Loss:  38.387027740478516
Loss:  38.393863677978516
Loss:  38.379695892333984
Loss:  38.36775588989258
Loss:  38.329437255859375
Loss:  38.36198043823242
Loss:  38.32059097290039
Loss:  38.357975006103516
Loss:  38.31121063232422
Loss:  38.28563690185547
Loss:  38.302284240722656
Loss:  38.2996940612793
Loss:  38.29599380493164
Loss:  38.26380157470703
Loss:  38.22979736328125
Loss:  38.2911491394043
Loss:  38.245208740234375
Loss:  38.245059967041016
Loss:  38.204341888427734
Loss:  38.214473724365234
Loss:  38.19736099243164
Loss:  38.21048355102539
Loss:  38.14632797241211
Loss:  38.165000915527344
Loss:  38.18211364746094
Loss:  38.1926155090332
Loss:  38.14216613769531
Loss:  38.18508529663086
Loss:  38.15701675415039
Loss:  38.13161087036133
Loss:  38.14683532714844
Loss:  38.16093444824219
Loss:  38.113914489746094
Loss:  38.12235641479492
Loss:  38.111175537109375
Loss:  38.11067581176758
Loss:  38.12944793701172
Loss:  38.07463073730469
Loss:  38.1013298034668
Loss:  38.08457565307617
Loss:  38.040828704833984
Loss:  38.022281646728516
Loss:  38.0793342590332
Loss:  38.05205154418945
Loss:  38.073699951171875
Loss:  38.04802322387695
Loss:  38.055301666259766
Loss:  38.017547607421875
Loss:  37.99031066894531
Loss:  38.011558532714844
Loss:  38.033870697021484
Loss:  37.97614669799805
Loss:  37.98027038574219
Loss:  37.94898223876953
Loss:  37.99403381347656
Loss:  37.969139099121094
Loss:  37.970115661621094
Loss:  37.96117401123047
Loss:  38.0098991394043
Loss:  37.95286560058594
Loss:  37.96375274658203
Loss:  37.94773483276367
Loss:  37.915592193603516
Loss:  37.977108001708984
Loss:  37.921783447265625
Loss:  37.909061431884766
Loss:  37.936397552490234
Loss:  37.87940979003906
Loss:  37.887306213378906
Loss:  37.860267639160156
Loss:  37.92749786376953
Loss:  37.87010955810547
Loss:  37.87704849243164
Loss:  37.88807678222656
Loss:  37.87129211425781
Loss:  37.88520812988281
Loss:  37.864601135253906
Loss:  37.838890075683594
Loss:  37.83344268798828
Loss:  37.833553314208984
Loss:  37.82269287109375
Loss:  37.85255432128906
Loss:  37.85053253173828
Loss:  37.817970275878906
Loss:  37.83572769165039
Loss:  37.83387756347656
Loss:  37.756717681884766
Loss:  37.80900192260742
Loss:  37.809295654296875
Loss:  37.796939849853516
Loss:  37.77034378051758
Loss:  37.807857513427734
Loss:  37.773963928222656
Loss:  37.79623031616211
Loss:  37.75645065307617
Loss:  37.76761245727539
Loss:  37.78123092651367
Loss:  37.70051193237305
Loss:  37.775962829589844
Loss:  37.710269927978516
Loss:  37.77833557128906
Loss:  37.69073486328125
Loss:  37.7403450012207
Loss:  37.70610427856445
Loss:  37.755714416503906
Loss:  37.6949577331543
Loss:  37.68119812011719
Loss:  37.71221160888672
Loss:  37.72972869873047
Loss:  37.695430755615234
Loss:  37.69228744506836
Loss:  37.657711029052734
Loss:  37.6998176574707
Loss:  37.68511199951172
Loss:  37.657230377197266
Loss:  37.66522979736328
Loss:  37.649906158447266
Loss:  37.59628677368164
Loss:  37.64350128173828
Loss:  37.64387130737305
Loss:  37.648799896240234
Loss:  37.582115173339844
Loss:  37.618309020996094
Loss:  37.637779235839844
Loss:  37.647430419921875
Loss:  37.610809326171875
Loss:  37.61647415161133
Loss:  37.578948974609375
Loss:  37.56664276123047
Loss:  37.580989837646484
Loss:  37.59229278564453
Loss:  37.56925964355469
Loss:  37.55691909790039
Loss:  37.57794189453125
Loss:  37.56264114379883
Loss:  37.573951721191406
Loss:  37.53378677368164
Loss:  37.55617141723633
Loss:  37.5536003112793
Loss:  37.55369567871094
Loss:  37.50859832763672
Loss:  37.53425216674805
Loss:  37.542049407958984
Loss:  37.53815841674805
Loss:  37.49126434326172
Loss:  37.50505065917969
Loss:  37.45878982543945
Loss:  37.50736999511719
Loss:  37.494834899902344
Loss:  37.488529205322266
Loss:  37.43827819824219
Loss:  37.49781799316406
Loss:  37.45162582397461
Loss:  37.4608039855957
Loss:  37.472354888916016
Loss:  37.46892547607422
Loss:  37.46084213256836
Loss:  37.43718719482422
Loss:  37.42472839355469
Loss:  37.45551681518555
Loss:  37.392398834228516
Loss:  37.39780807495117
Loss:  37.42372512817383
Loss:  37.37281036376953
Loss:  37.38070297241211
Loss:  37.34878158569336
Loss:  37.3760986328125
Loss:  37.37350082397461
Loss:  37.3337287902832
Loss:  37.36442184448242
Loss:  37.310211181640625
Loss:  37.32236862182617
Loss:  37.38331604003906
Loss:  37.30156326293945
Loss:  37.303253173828125
Loss:  37.279109954833984
Loss:  37.315547943115234
Loss:  37.35820388793945
Loss:  37.31996154785156
Loss:  37.26266860961914
Loss:  37.28105926513672
Loss:  37.224098205566406
Loss:  37.294273376464844
Loss:  37.28791809082031
Loss:  37.27416229248047
Loss:  37.2147331237793
Loss:  37.24705505371094
Loss:  37.262516021728516
Loss:  37.25883483886719
Loss:  37.232994079589844
Loss:  37.243194580078125
Loss:  37.23434066772461
Loss:  37.19742965698242
Loss:  37.16876983642578
Loss:  37.207801818847656
Loss:  37.15030288696289
Loss:  37.21668243408203
Loss:  37.15930938720703
Loss:  37.19438934326172
Loss:  37.17597579956055
Loss:  37.15092086791992
Loss:  37.141387939453125
Loss:  37.16194152832031
Loss:  37.21101379394531
Loss:  37.144535064697266
Loss:  37.12084197998047
Loss:  37.13894271850586
Loss:  37.14533233642578
Loss:  37.11689758300781
Loss:  37.09651565551758
Loss:  37.11648178100586
Loss:  37.096954345703125
Loss:  37.12561798095703
Loss:  37.10211944580078
Loss:  37.10783767700195
Loss:  37.103782653808594
Loss:  37.103790283203125
Loss:  37.03220748901367
Loss:  37.03964614868164
Loss:  37.089813232421875
Loss:  37.094093322753906
Loss:  37.0643424987793
Loss:  37.06673812866211
Loss:  37.03263854980469
Loss:  37.043758392333984
Loss:  37.01935577392578
Loss:  37.03398895263672
Loss:  37.04647445678711
Loss:  36.994319915771484
Loss:  37.03732681274414
Loss:  37.00860595703125
Loss:  36.97024154663086
Loss:  36.9824333190918
Loss:  36.96214294433594
Loss:  36.94285202026367
Loss:  36.931339263916016
Loss:  36.949623107910156
Loss:  36.94670486450195
Loss:  36.957035064697266
Loss:  36.97662353515625
Loss:  36.96559524536133
Loss:  36.93783187866211
Loss:  36.944366455078125
Loss:  36.92173767089844
Loss:  36.91548538208008
Loss:  36.918792724609375
Loss:  36.881446838378906
Loss:  36.94377136230469
Loss:  36.936370849609375
Loss:  36.905635833740234
Loss:  36.86067581176758
Loss:  36.9015007019043
Loss:  36.86606979370117
Loss:  36.86582565307617
Loss:  36.85584259033203
Loss:  36.909915924072266
Loss:  36.899898529052734
Loss:  36.862525939941406
Loss:  36.847293853759766
Loss:  36.83587646484375
Loss:  36.820709228515625
Loss:  36.83940124511719
Loss:  36.79643249511719
Loss:  36.84919357299805
Loss:  36.752845764160156
Loss:  36.76524353027344
Loss:  36.78404235839844
Loss:  36.83610534667969
Loss:  36.809974670410156
Loss:  36.8343505859375
Loss:  36.768489837646484
Loss:  36.76170349121094
Loss:  36.73966979980469
Loss:  36.771339416503906
Loss:  36.76179122924805
Loss:  36.786705017089844
Loss:  36.722877502441406
Loss:  36.71437454223633
Loss:  36.71306610107422
Loss:  36.69852066040039
Loss:  36.761940002441406
Loss:  36.73688507080078
Loss:  36.696205139160156
Loss:  36.67755126953125
Loss:  36.70947265625
Loss:  36.73828125
Loss:  36.65704345703125
Loss:  36.661163330078125
Loss:  36.69389343261719
Loss:  36.65846633911133
Loss:  36.61158752441406
Loss:  36.6561279296875
Loss:  36.624210357666016
Loss:  36.65380859375
Loss:  36.62919998168945
Loss:  36.60343933105469
Loss:  36.621585845947266
Loss:  36.623111724853516
Loss:  36.55513000488281
Loss:  36.575469970703125
Loss:  36.59966278076172
Loss:  36.551265716552734
Loss:  36.557884216308594
Loss:  36.52743148803711
Loss:  36.5137939453125
Loss:  36.51387023925781
Saved sample 000 → results/psld_g0.01_w0.5_eta0.0_sc7.5_N100_apt/samples/sample_000.pt
Task 0 done: Thu Apr 16 18:05:49 EDT 2026
