Job started:  Wed Apr 15 11:57:41 EDT 2026
Node:         rg32102
Array task:   15  (seed=1  scale=7.5  eta=0.5)
Loading model from models/ldm/stable-diffusion-v1/model.ckpt
Global Step: 470000
LatentDiffusion: Running in eps-prediction mode
DiffusionWrapper has 859.52 M params.
making attention of type 'vanilla' with 512 in_channels
Working with z of shape (1, 4, 32, 32) = 4096 dimensions.
making attention of type 'vanilla' with 512 in_channels
Creating invisible watermark encoder (see https://github.com/ShieldMnt/invisible-watermark)...
Subtracting 1 from DDIM time indices to match the dimension.
Data shape for DDIM sampling is (1, 4, 64, 64), eta 0.5
Running DDIM Sampling with 1000 timesteps
Loss:  182.63180541992188
Loss:  435.974853515625
Loss:  328.4671630859375
Loss:  286.6553649902344
Loss:  268.3819885253906
Loss:  266.8804626464844
Loss:  259.55133056640625
Loss:  253.1008758544922
Loss:  278.8644104003906
Loss:  319.79248046875
Loss:  302.8736267089844
Loss:  293.2511901855469
Loss:  271.59344482421875
Loss:  270.01788330078125
Loss:  259.9275817871094
Loss:  240.5687255859375
Loss:  233.14321899414062
Loss:  247.19284057617188
Loss:  248.36204528808594
Loss:  224.06155395507812
Loss:  211.60501098632812
Loss:  215.6588134765625
Loss:  216.5094757080078
Loss:  210.77139282226562
Loss:  173.7738494873047
Loss:  163.74497985839844
Loss:  180.89697265625
Loss:  174.74752807617188
Loss:  134.86241149902344
Loss:  158.627197265625
Loss:  126.9404067993164
Loss:  161.98973083496094
Loss:  137.06561279296875
Loss:  123.76406860351562
Loss:  138.3164825439453
Loss:  152.42555236816406
Loss:  122.78541564941406
Loss:  113.22846221923828
Loss:  120.36919403076172
Loss:  131.74624633789062
Loss:  116.21946716308594
Loss:  146.39622497558594
Loss:  100.9326400756836
Loss:  101.04714965820312
Loss:  115.75148010253906
Loss:  139.97735595703125
Loss:  118.49229431152344
Loss:  105.9895248413086
Loss:  122.8409652709961
Loss:  129.9227294921875
Loss:  104.13333129882812
Loss:  109.90859985351562
Loss:  108.014404296875
Loss:  106.48194885253906
Loss:  115.09561920166016
Loss:  125.10177612304688
Loss:  105.70926666259766
Loss:  103.96812438964844
Loss:  115.83108520507812
Loss:  111.64555358886719
Loss:  99.0906982421875
Loss:  109.26164245605469
Loss:  103.74763488769531
Loss:  108.33653259277344
Loss:  103.07337951660156
Loss:  102.5186996459961
Loss:  102.2648696899414
Loss:  106.9160385131836
Loss:  101.47819519042969
Loss:  101.97075653076172
Loss:  100.52610778808594
Loss:  101.16494750976562
Loss:  98.61030578613281
Loss:  100.36957550048828
Loss:  95.7397689819336
Loss:  100.08423614501953
Loss:  93.6275634765625
Loss:  96.61658477783203
Loss:  93.12541961669922
Loss:  97.04192352294922
Loss:  93.43387603759766
Loss:  93.38334655761719
Loss:  94.34060668945312
Loss:  93.25806427001953
Loss:  88.92053985595703
Loss:  92.38539123535156
Loss:  90.90138244628906
Loss:  92.85858917236328
Loss:  88.96493530273438
Loss:  87.78263092041016
Loss:  84.27721405029297
Loss:  88.32256317138672
Loss:  89.7236557006836
Loss:  85.6263427734375
Loss:  86.14823913574219
Loss:  85.3388900756836
Loss:  86.47496795654297
Loss:  84.50061798095703
Loss:  84.19962310791016
Loss:  87.240478515625
Loss:  83.68569946289062
Loss:  81.7900390625
Loss:  78.32701873779297
Loss:  81.48041534423828
Loss:  85.6805191040039
Loss:  81.205322265625
Loss:  81.30101013183594
Loss:  82.79685974121094
Loss:  80.60664367675781
Loss:  80.84837341308594
Loss:  79.39000701904297
Loss:  78.45709991455078
Loss:  79.10002899169922
Loss:  78.25593566894531
Loss:  80.38072204589844
Loss:  77.77425384521484
Loss:  75.17261505126953
Loss:  77.51618957519531
Loss:  79.80852508544922
Loss:  76.0250244140625
Loss:  75.56938934326172
Loss:  74.8718032836914
Loss:  73.68829345703125
Loss:  74.02471923828125
Loss:  74.59300231933594
Loss:  72.50989532470703
Loss:  74.73851013183594
Loss:  71.25577545166016
Loss:  71.12408447265625
Loss:  71.41693878173828
Loss:  74.09932708740234
Loss:  73.85834503173828
Loss:  71.758544921875
Loss:  71.08543395996094
Loss:  70.27214813232422
Loss:  70.67658233642578
Loss:  70.06722259521484
Loss:  70.03999328613281
Loss:  69.7662582397461
Loss:  70.17194366455078
Loss:  70.20005798339844
Loss:  69.42154693603516
Loss:  70.00531005859375
Loss:  67.46060943603516
Loss:  67.45015716552734
Loss:  67.0650863647461
Loss:  67.66012573242188
Loss:  67.17218780517578
Loss:  68.35049438476562
Loss:  68.26278686523438
Loss:  66.59756469726562
Loss:  66.27115631103516
Loss:  65.36177062988281
Loss:  64.997802734375
Loss:  64.0794677734375
Loss:  63.609798431396484
Loss:  63.11272430419922
Loss:  63.39121627807617
Loss:  63.08631134033203
Loss:  63.439292907714844
Loss:  63.4202995300293
Loss:  63.28790283203125
Loss:  63.913387298583984
Loss:  61.885765075683594
Loss:  61.96961975097656
Loss:  62.03289794921875
Loss:  62.36716079711914
Loss:  62.16203308105469
Loss:  63.23453140258789
Loss:  60.918663024902344
Loss:  60.496360778808594
Loss:  60.3726806640625
Loss:  60.89780044555664
Loss:  60.3478889465332
Loss:  60.49754333496094
Loss:  59.746665954589844
Loss:  59.56306457519531
Loss:  59.02202606201172
Loss:  59.23119354248047
Loss:  59.211761474609375
Loss:  59.14347457885742
Loss:  59.316871643066406
Loss:  59.690372467041016
Loss:  59.60687255859375
Loss:  59.406368255615234
Loss:  59.771705627441406
Loss:  60.21339797973633
Loss:  59.80441665649414
Loss:  59.55725860595703
Loss:  59.524600982666016
Loss:  59.32982635498047
Loss:  58.92692565917969
Loss:  59.005882263183594
Loss:  58.98353576660156
Loss:  58.85211944580078
Loss:  58.596946716308594
Loss:  57.9637451171875
Loss:  57.79882049560547
Loss:  57.57912826538086
Loss:  57.32605743408203
Loss:  56.995445251464844
Loss:  56.65561294555664
Loss:  56.528076171875
Loss:  56.09067153930664
Loss:  56.13056945800781
Loss:  55.955501556396484
Loss:  55.98427200317383
Loss:  55.94292068481445
Loss:  55.929969787597656
Loss:  56.242427825927734
Loss:  55.568756103515625
Loss:  55.22761917114258
Loss:  54.95167541503906
Loss:  54.87871551513672
Loss:  54.78164291381836
Loss:  54.871700286865234
Loss:  54.94729995727539
Loss:  55.065704345703125
Loss:  54.96969223022461
Loss:  54.96432113647461
Loss:  54.909236907958984
Loss:  54.77250671386719
Loss:  54.72965621948242
Loss:  54.812599182128906
Loss:  54.55982971191406
Loss:  54.509239196777344
Loss:  54.114013671875
Loss:  53.86259841918945
Loss:  53.82115936279297
Loss:  53.89469909667969
Loss:  53.85411071777344
Loss:  53.7299690246582
Loss:  53.5465202331543
Loss:  53.34990310668945
Loss:  53.30392837524414
Loss:  53.1198844909668
Loss:  53.06147766113281
Loss:  53.114994049072266
Loss:  53.089271545410156
Loss:  53.268638610839844
Loss:  53.08686447143555
Loss:  53.29119873046875
Loss:  52.936222076416016
Loss:  52.752838134765625
Loss:  52.6028938293457
Loss:  52.46913146972656
Loss:  52.38624572753906
Loss:  52.37376403808594
Loss:  52.209327697753906
Loss:  52.259071350097656
Loss:  52.276878356933594
Loss:  52.52864074707031
Loss:  52.20586013793945
Loss:  52.26076126098633
Loss:  51.96705627441406
Loss:  51.889617919921875
Loss:  51.843902587890625
Loss:  51.895450592041016
Loss:  51.82194137573242
Loss:  51.97559356689453
Loss:  51.810062408447266
Loss:  51.81404113769531
Loss:  51.61017990112305
Loss:  51.52285385131836
Loss:  51.531044006347656
Loss:  51.57849884033203
Loss:  51.590553283691406
Loss:  51.51032638549805
Loss:  51.36305618286133
Loss:  51.142940521240234
Loss:  51.069488525390625
Loss:  51.01560974121094
Loss:  50.97556686401367
Loss:  50.97492599487305
Loss:  50.888397216796875
Loss:  50.92555618286133
Loss:  50.96491622924805
Loss:  50.95342254638672
Loss:  50.80897903442383
Loss:  50.82041931152344
Loss:  50.648040771484375
Loss:  50.571876525878906
Loss:  50.58799362182617
Loss:  50.74807357788086
Loss:  50.46550750732422
Loss:  50.405094146728516
Loss:  50.273590087890625
Loss:  50.28561782836914
Loss:  50.216094970703125
Loss:  50.22621536254883
Loss:  50.136722564697266
Loss:  50.10346984863281
Loss:  50.08306884765625
Loss:  50.114830017089844
Loss:  50.07149887084961
Loss:  50.03435134887695
Loss:  49.90208435058594
Loss:  49.89208221435547
Loss:  49.84447479248047
Loss:  49.831581115722656
Loss:  49.71981430053711
Loss:  49.64886474609375
Loss:  49.5711669921875
Loss:  49.55422592163086
Loss:  49.46998596191406
Loss:  49.47793197631836
Loss:  49.409889221191406
Loss:  49.43378448486328
Loss:  49.339759826660156
Loss:  49.34278869628906
Loss:  49.283416748046875
Loss:  49.19391632080078
Loss:  49.198055267333984
Loss:  49.17018508911133
Loss:  49.048038482666016
Loss:  49.12635803222656
Loss:  49.0601806640625
Loss:  48.97852325439453
Loss:  48.92430877685547
Loss:  48.88534927368164
Loss:  48.82356643676758
Loss:  48.79602813720703
Loss:  48.78342819213867
Loss:  48.833248138427734
Loss:  48.77997589111328
Loss:  48.747737884521484
Loss:  48.73028564453125
Loss:  48.64117431640625
Loss:  48.63895034790039
Loss:  48.60743713378906
Loss:  48.501060485839844
Loss:  48.50743103027344
Loss:  48.420230865478516
Loss:  48.39377975463867
Loss:  48.274505615234375
Loss:  48.310646057128906
Loss:  48.230472564697266
Loss:  48.22650146484375
Loss:  48.22934341430664
Loss:  48.12692642211914
Loss:  48.17027282714844
Loss:  48.159034729003906
Loss:  48.11433029174805
Loss:  48.048248291015625
Loss:  48.037906646728516
Loss:  48.02922821044922
Loss:  47.93324661254883
Loss:  47.985023498535156
Loss:  47.92026901245117
Loss:  47.91405487060547
Loss:  47.85978317260742
Loss:  47.79661178588867
Loss:  47.81018829345703
Loss:  47.82633972167969
Loss:  47.81547164916992
Loss:  47.78317642211914
Loss:  47.702232360839844
Loss:  47.68867492675781
Loss:  47.671138763427734
Loss:  47.60589599609375
Loss:  47.64768600463867
Loss:  47.568641662597656
Loss:  47.536231994628906
Loss:  47.52382278442383
Loss:  47.4727668762207
Loss:  47.41819763183594
Loss:  47.47120666503906
Loss:  47.41969299316406
Loss:  47.31485366821289
Loss:  47.319393157958984
Loss:  47.342010498046875
Loss:  47.343421936035156
Loss:  47.31330871582031
Loss:  47.32487869262695
Loss:  47.21950149536133
Loss:  47.18623733520508
Loss:  47.18845748901367
Loss:  47.162837982177734
Loss:  47.094520568847656
Loss:  47.0855827331543
Loss:  47.0314826965332
Loss:  47.02138137817383
Loss:  46.96075439453125
Loss:  46.948272705078125
Loss:  46.94510269165039
Loss:  46.943790435791016
Loss:  46.90487289428711
Loss:  46.86052703857422
Loss:  46.87950134277344
Loss:  46.85868453979492
Loss:  46.79153823852539
Loss:  46.800777435302734
Loss:  46.76166915893555
Loss:  46.79985046386719
Loss:  46.72050476074219
Loss:  46.73097229003906
Loss:  46.67292022705078
Loss:  46.6743278503418
Loss:  46.674346923828125
Loss:  46.656707763671875
Loss:  46.5801887512207
Loss:  46.54450607299805
Loss:  46.515445709228516
Loss:  46.524478912353516
Loss:  46.473140716552734
Loss:  46.50425720214844
Loss:  46.392478942871094
Loss:  46.464256286621094
Loss:  46.4566535949707
Loss:  46.409706115722656
Loss:  46.43743133544922
Loss:  46.35939025878906
Loss:  46.36951446533203
Loss:  46.34819793701172
Loss:  46.30770492553711
Loss:  46.29295349121094
Loss:  46.2517204284668
Loss:  46.234188079833984
Loss:  46.2194709777832
Loss:  46.25079345703125
Loss:  46.21514892578125
Loss:  46.19038009643555
Loss:  46.14743423461914
Loss:  46.143672943115234
Loss:  46.05215835571289
Loss:  46.133426666259766
Loss:  46.0979118347168
Loss:  46.07211685180664
Loss:  45.957672119140625
Loss:  45.980899810791016
Loss:  45.96770477294922
Loss:  45.91740417480469
Loss:  45.9111213684082
Loss:  45.894657135009766
Loss:  45.949623107910156
Loss:  45.91010665893555
Loss:  45.90843200683594
Loss:  45.9095344543457
Loss:  45.80799102783203
Loss:  45.78512954711914
Loss:  45.81746292114258
Loss:  45.791072845458984
Loss:  45.761680603027344
Loss:  45.77583312988281
Loss:  45.735191345214844
Loss:  45.73593521118164
Loss:  45.672149658203125
Loss:  45.67423629760742
Loss:  45.59762954711914
Loss:  45.643951416015625
Loss:  45.580841064453125
Loss:  45.53448486328125
Loss:  45.58245849609375
Loss:  45.53239440917969
Loss:  45.55411148071289
Loss:  45.49372482299805
Loss:  45.521026611328125
Loss:  45.469520568847656
Loss:  45.41151809692383
Loss:  45.4380989074707
Loss:  45.38617706298828
Loss:  45.38417434692383
Loss:  45.40123748779297
Loss:  45.33675765991211
Loss:  45.32241439819336
Loss:  45.38208770751953
Loss:  45.33393096923828
Loss:  45.24739074707031
Loss:  45.25700759887695
Loss:  45.219749450683594
Loss:  45.21101760864258
Loss:  45.23955535888672
Loss:  45.15922164916992
Loss:  45.13563919067383
Loss:  45.13105773925781
Loss:  45.132808685302734
Loss:  45.13202667236328
Loss:  45.086097717285156
Loss:  45.078834533691406
Loss:  44.99094009399414
Loss:  45.097877502441406
Loss:  45.04513168334961
Loss:  45.01043701171875
Loss:  44.986717224121094
Loss:  44.954097747802734
Loss:  44.97651290893555
Loss:  44.97007751464844
Loss:  44.93376159667969
Loss:  44.942138671875
Loss:  44.93572998046875
Loss:  44.909950256347656
Loss:  44.85141372680664
Loss:  44.910072326660156
Loss:  44.89255142211914
Loss:  44.876190185546875
Loss:  44.809139251708984
Loss:  44.78131866455078
Loss:  44.7749137878418
Loss:  44.77317428588867
Loss:  44.72262191772461
Loss:  44.744754791259766
Loss:  44.77431106567383
Loss:  44.66733932495117
Loss:  44.64886474609375
Loss:  44.65803909301758
Loss:  44.67120361328125
Loss:  44.66347122192383
Loss:  44.60801696777344
Loss:  44.59620666503906
Loss:  44.60795211791992
Loss:  44.58084487915039
Loss:  44.55259704589844
Loss:  44.54191207885742
Loss:  44.525299072265625
Loss:  44.50489044189453
Loss:  44.56349182128906
Loss:  44.49048614501953
Loss:  44.48765182495117
Loss:  44.49736404418945
Loss:  44.46994400024414
Loss:  44.41376495361328
Loss:  44.41393280029297
Loss:  44.42138671875
Loss:  44.37085723876953
Loss:  44.36599349975586
Loss:  44.355525970458984
Loss:  44.34040451049805
Loss:  44.254844665527344
Loss:  44.340824127197266
Loss:  44.31589126586914
Loss:  44.262977600097656
Loss:  44.23796844482422
Loss:  44.271453857421875
Loss:  44.24575424194336
Loss:  44.22151565551758
Loss:  44.20109176635742
Loss:  44.22412872314453
Loss:  44.21685791015625
Loss:  44.13656997680664
Loss:  44.14514923095703
Loss:  44.15000915527344
Loss:  44.063323974609375
Loss:  44.061458587646484
Loss:  44.04640579223633
Loss:  44.125919342041016
Loss:  44.08795166015625
Loss:  44.06698226928711
Loss:  44.043907165527344
Loss:  44.02729797363281
Loss:  44.007781982421875
Loss:  43.97471618652344
Loss:  43.986106872558594
Loss:  43.989410400390625
Loss:  43.98000717163086
Loss:  43.953304290771484
Loss:  43.98434829711914
Loss:  43.9473762512207
Loss:  43.96421813964844
Loss:  43.96721649169922
Loss:  43.92229461669922
Loss:  43.88127136230469
Loss:  43.849700927734375
Loss:  43.851715087890625
Loss:  43.873416900634766
Loss:  43.78357696533203
Loss:  43.76810836791992
Loss:  43.769927978515625
Loss:  43.813743591308594
Loss:  43.82203674316406
Loss:  43.778011322021484
Loss:  43.73988342285156
Loss:  43.725379943847656
Loss:  43.702720642089844
Loss:  43.675540924072266
Loss:  43.726192474365234
Loss:  43.695213317871094
Loss:  43.67734909057617
Loss:  43.66721725463867
Loss:  43.618980407714844
Loss:  43.64205551147461
Loss:  43.62034606933594
Loss:  43.627044677734375
Loss:  43.582176208496094
Loss:  43.60092544555664
Loss:  43.559906005859375
Loss:  43.56627655029297
Loss:  43.56009292602539
Loss:  43.511837005615234
Loss:  43.51596450805664
Loss:  43.519107818603516
Loss:  43.523372650146484
Loss:  43.519405364990234
Loss:  43.50526809692383
Loss:  43.50773239135742
Loss:  43.40764617919922
Loss:  43.48392105102539
Loss:  43.425575256347656
Loss:  43.410499572753906
Loss:  43.391719818115234
Loss:  43.33034133911133
Loss:  43.33531188964844
Loss:  43.36427688598633
Loss:  43.38787841796875
Loss:  43.31794738769531
Loss:  43.3367805480957
Loss:  43.275787353515625
Loss:  43.29045104980469
Loss:  43.29942321777344
Loss:  43.2955322265625
Loss:  43.286476135253906
Loss:  43.252342224121094
Loss:  43.258087158203125
Loss:  43.223167419433594
Loss:  43.179443359375
Loss:  43.137901306152344
Loss:  43.150169372558594
Loss:  43.133636474609375
Loss:  43.113365173339844
Loss:  43.151878356933594
Loss:  43.161827087402344
Loss:  43.11294937133789
Loss:  43.06285858154297
Loss:  43.061676025390625
Loss:  43.08863067626953
Loss:  43.08474349975586
Loss:  43.01791000366211
Loss:  43.03595733642578
Loss:  43.026710510253906
Loss:  42.972537994384766
Loss:  42.98889923095703
Loss:  42.94917678833008
Loss:  42.91234588623047
Loss:  42.9278564453125
Loss:  42.89914321899414
Loss:  42.926918029785156
Loss:  42.91838836669922
Loss:  42.898197174072266
Loss:  42.85101318359375
Loss:  42.83101272583008
Loss:  42.860618591308594
Loss:  42.8771858215332
Loss:  42.84370803833008
Loss:  42.766334533691406
Loss:  42.8180046081543
Loss:  42.846527099609375
Loss:  42.752845764160156
Loss:  42.72905731201172
Loss:  42.732540130615234
Loss:  42.72262954711914
Loss:  42.69921875
Loss:  42.704307556152344
Loss:  42.68364715576172
Loss:  42.65151596069336
Loss:  42.67604446411133
Loss:  42.64356994628906
Loss:  42.63652038574219
Loss:  42.65711212158203
Loss:  42.625274658203125
Loss:  42.5887565612793
Loss:  42.5697135925293
Loss:  42.568084716796875
Loss:  42.58351135253906
Loss:  42.552146911621094
Loss:  42.49998092651367
Loss:  42.55147933959961
Loss:  42.495059967041016
Loss:  42.56736755371094
Loss:  42.49639129638672
Loss:  42.50840377807617
Loss:  42.46338653564453
Loss:  42.49394226074219
Loss:  42.418216705322266
Loss:  42.440921783447266
Loss:  42.43851089477539
Loss:  42.40652847290039
Loss:  42.4669189453125
Loss:  42.39067840576172
Loss:  42.36522674560547
Loss:  42.312320709228516
Loss:  42.384578704833984
Loss:  42.30007553100586
Loss:  42.338356018066406
Loss:  42.3545036315918
Loss:  42.33402633666992
Loss:  42.29155349731445
Loss:  42.30266571044922
Loss:  42.3170280456543
Loss:  42.30923843383789
Loss:  42.34919357299805
Loss:  42.27415466308594
Loss:  42.24684524536133
Loss:  42.24808883666992
Loss:  42.274044036865234
Loss:  42.231849670410156
Loss:  42.21656799316406
Loss:  42.20490264892578
Loss:  42.220462799072266
Loss:  42.18177032470703
Loss:  42.15700149536133
Loss:  42.136619567871094
Loss:  42.179134368896484
Loss:  42.07569885253906
Loss:  42.15073776245117
Loss:  42.10340118408203
Loss:  42.12811279296875
Loss:  42.098045349121094
Loss:  42.09355545043945
Loss:  42.10887908935547
Loss:  42.08738327026367
Loss:  42.06391906738281
Loss:  42.02164077758789
Loss:  42.030303955078125
Loss:  42.04665756225586
Loss:  41.994022369384766
Loss:  42.00974655151367
Loss:  41.969966888427734
Loss:  42.002193450927734
Loss:  42.00646209716797
Loss:  41.945682525634766
Loss:  42.01087188720703
Loss:  42.032649993896484
Loss:  41.946083068847656
Loss:  41.981903076171875
Loss:  41.922279357910156
Loss:  41.90462112426758
Loss:  41.92931365966797
Loss:  41.9352912902832
Loss:  41.905860900878906
Loss:  41.88357162475586
Loss:  41.85842514038086
Loss:  41.85773849487305
Loss:  41.88479232788086
Loss:  41.81380844116211
Loss:  41.78160858154297
Loss:  41.819820404052734
Loss:  41.800296783447266
Loss:  41.78361892700195
Loss:  41.74824142456055
Loss:  41.723541259765625
Loss:  41.736671447753906
Loss:  41.719234466552734
Loss:  41.70574188232422
Loss:  41.72171401977539
Loss:  41.73052215576172
Loss:  41.71412658691406
Loss:  41.6994514465332
Loss:  41.6654052734375
Loss:  41.65885543823242
Loss:  41.65394592285156
Loss:  41.65629196166992
Loss:  41.73225021362305
Loss:  41.636268615722656
Loss:  41.630916595458984
Loss:  41.63900375366211
Loss:  41.621089935302734
Loss:  41.60203552246094
Loss:  41.595703125
Loss:  41.60221862792969
Loss:  41.58640670776367
Loss:  41.60968017578125
Loss:  41.565120697021484
Loss:  41.547096252441406
Loss:  41.572505950927734
Loss:  41.54096984863281
Loss:  41.50160598754883
Loss:  41.5092887878418
Loss:  41.529876708984375
Loss:  41.45722961425781
Loss:  41.51352310180664
Loss:  41.499786376953125
Loss:  41.470436096191406
Loss:  41.461856842041016
Loss:  41.418701171875
Loss:  41.434410095214844
Loss:  41.45113754272461
Loss:  41.438358306884766
Loss:  41.41510009765625
Loss:  41.41220474243164
Loss:  41.40155029296875
Loss:  41.38795852661133
Loss:  41.330284118652344
Loss:  41.37453842163086
Loss:  41.38834762573242
Loss:  41.33662033081055
Loss:  41.34157943725586
Loss:  41.30812072753906
Loss:  41.31718826293945
Loss:  41.30381393432617
Loss:  41.27663803100586
Loss:  41.280967712402344
Loss:  41.2938117980957
Loss:  41.27092361450195
Loss:  41.19911575317383
Loss:  41.280738830566406
Loss:  41.28169250488281
Loss:  41.202545166015625
Loss:  41.22101593017578
Loss:  41.215850830078125
Loss:  41.242340087890625
Loss:  41.20915603637695
Loss:  41.17018508911133
Loss:  41.1612663269043
Loss:  41.16086196899414
Loss:  41.1219482421875
Loss:  41.128875732421875
Loss:  41.186302185058594
Loss:  41.13021469116211
Loss:  41.14310836791992
Loss:  41.11492156982422
Loss:  41.091346740722656
Loss:  41.15387725830078
Loss:  41.07102966308594
Loss:  41.05475997924805
Loss:  41.0450325012207
Loss:  41.05824279785156
Loss:  41.06143569946289
Loss:  41.05508804321289
Loss:  41.04833221435547
Loss:  41.05290985107422
Loss:  41.02958297729492
Loss:  41.0555305480957
Loss:  41.013702392578125
Loss:  41.02099609375
Loss:  40.94606399536133
Loss:  40.97642517089844
Loss:  40.96281433105469
Loss:  40.9713249206543
Loss:  40.95475387573242
Loss:  40.99915313720703
Loss:  40.987735748291016
Loss:  40.902496337890625
Loss:  40.957088470458984
Loss:  40.95784378051758
Loss:  40.92928695678711
Loss:  40.929542541503906
Loss:  40.93039321899414
Loss:  40.88667297363281
Loss:  40.8994026184082
Loss:  40.89402389526367
Loss:  40.88142013549805
Loss:  40.87381362915039
Loss:  40.86952590942383
Loss:  40.86246109008789
Loss:  40.85609436035156
Loss:  40.788902282714844
Loss:  40.82341384887695
Loss:  40.7970085144043
Loss:  40.834415435791016
Loss:  40.82931900024414
Loss:  40.76259994506836
Loss:  40.79560089111328
Loss:  40.76529312133789
Loss:  40.7655143737793
Loss:  40.71771240234375
Loss:  40.696502685546875
Loss:  40.71904754638672
Loss:  40.710811614990234
Loss:  40.70951461791992
Loss:  40.724464416503906
Loss:  40.738460540771484
Loss:  40.646812438964844
Loss:  40.69210433959961
Loss:  40.628578186035156
Loss:  40.63312530517578
Loss:  40.649330139160156
Loss:  40.650508880615234
Loss:  40.603599548339844
Loss:  40.59342956542969
Loss:  40.61174774169922
Loss:  40.599884033203125
Loss:  40.59225845336914
Loss:  40.58809280395508
Loss:  40.5458869934082
Loss:  40.5611572265625
Loss:  40.55949020385742
Loss:  40.54631423950195
Loss:  40.49660110473633
Loss:  40.504302978515625
Loss:  40.489044189453125
Loss:  40.50758743286133
Loss:  40.50914001464844
Loss:  40.51691818237305
Loss:  40.44178771972656
Loss:  40.49131393432617
Loss:  40.47150802612305
Loss:  40.45297622680664
Loss:  40.435813903808594
Loss:  40.43744659423828
Loss:  40.43284225463867
Loss:  40.405330657958984
Loss:  40.404808044433594
Loss:  40.40549850463867
Loss:  40.398902893066406
Loss:  40.386566162109375
Loss:  40.35517501831055
Loss:  40.35383605957031
Loss:  40.3626594543457
Loss:  40.356689453125
Loss:  40.3594970703125
Loss:  40.34415817260742
Loss:  40.313453674316406
Loss:  40.33587646484375
Loss:  40.3366813659668
Loss:  40.25064468383789
Loss:  40.244041442871094
Loss:  40.278011322021484
Loss:  40.28207778930664
Loss:  40.27070617675781
Loss:  40.24093246459961
Loss:  40.26877975463867
Loss:  40.23936080932617
Loss:  40.22151184082031
Loss:  40.205543518066406
Loss:  40.22489547729492
Loss:  40.20232009887695
Loss:  40.16695785522461
Loss:  40.18256759643555
Loss:  40.176456451416016
Loss:  40.14521408081055
Loss:  40.14148712158203
Loss:  40.1151008605957
Loss:  40.156131744384766
Loss:  40.11616897583008
Loss:  40.1565055847168
Loss:  40.125732421875
Loss:  40.09403991699219
Loss:  40.05746841430664
Loss:  40.07904052734375
Loss:  40.06148147583008
Loss:  40.074424743652344
Loss:  40.04909133911133
Loss:  40.077091217041016
Loss:  40.02070236206055
Loss:  40.01841354370117
Loss:  40.008304595947266
Loss:  39.98834991455078
Loss:  40.0154914855957
Loss:  39.93904113769531
Loss:  40.00033950805664
Loss:  39.949493408203125
Loss:  39.92826843261719
Loss:  39.92831039428711
Loss:  39.89430618286133
Loss:  39.9393424987793
Loss:  39.911617279052734
Loss:  39.897579193115234
Loss:  39.891883850097656
Loss:  39.9167594909668
Loss:  39.85469055175781
Loss:  39.810333251953125
Loss:  39.813777923583984
Loss:  39.80797576904297
Loss:  39.80175018310547
Loss:  39.78504180908203
Loss:  39.77698516845703
Loss:  39.74132537841797
Loss:  39.759761810302734
Loss:  39.715919494628906
Loss:  39.709991455078125
Loss:  39.775062561035156
Loss:  39.6918830871582
Loss:  39.68470764160156
Loss:  39.68226623535156
Loss:  39.666316986083984
Loss:  39.67911148071289
Loss:  39.634002685546875
Loss:  39.6071662902832
Loss:  39.6187858581543
Loss:  39.638023376464844
Loss:  39.59086990356445
Loss:  39.576290130615234
Loss:  39.5549430847168
Loss:  39.5349235534668
Loss:  39.55284881591797
Loss:  39.59513854980469
Loss:  39.474063873291016
Loss:  39.51029968261719
Loss:  39.46479034423828
Loss:  39.45101547241211
Loss:  39.45334243774414
Loss:  39.49187469482422
Loss:  39.44091033935547
Loss:  39.40962219238281
Loss:  39.42422866821289
Loss:  39.3705940246582
Loss:  39.36555099487305
Loss:  39.340545654296875
Loss:  39.35993576049805
Loss:  39.30626678466797
Loss:  39.34685134887695
Loss:  39.2694091796875
Loss:  39.280033111572266
Loss:  39.25325012207031
Loss:  39.24829864501953
Loss:  39.215240478515625
Loss:  39.22742462158203
Loss:  39.1959228515625
Loss:  39.11268997192383
Loss:  39.10186004638672
Loss:  39.06760025024414
Your samples are ready and waiting for you here: 
outputs/psld-samples-center-bip 
 
Enjoy.
Job finished: Wed Apr 15 12:01:13 EDT 2026
