The following modules were not unloaded:
  (Use "module --force purge" to unload all):

  1) CCconfig        6)  ucx/1.14.1         11) flexiblas/3.3.1
  2) gentoo/2023     7)  libfabric/1.18.0   12) aocl-blas/5.1
  3) gcccore/.12.3   8)  pmix/4.2.4         13) aocl-lapack/5.1
  4) gcc/12.3        9)  ucc/1.2.0          14) StdEnv/2023
  5) hwloc/2.9.1     10) openmpi/4.1.5
/lustre10/scratch/sammys15/PSLD/psld_env/lib/python3.11/site-packages/lightning_fabric/__init__.py:29: UserWarning: pkg_resources is deprecated as an API. See https://setuptools.pypa.io/en/latest/pkg_resources.html. The pkg_resources package is slated for removal as early as 2025-11-30. Refrain from using this package or pin to Setuptools<81.
  __import__("pkg_resources").declare_namespace(__name__)
[rank: 0] Global seed set to 42
Traceback (most recent call last):
  File "/lustre10/scratch/sammys15/PSLD/stable-diffusion/scripts/inverse.py", line 559, in <module>
    main()
  File "/lustre10/scratch/sammys15/PSLD/stable-diffusion/scripts/inverse.py", line 322, in main
    model = load_model_from_config(config, f"{opt.ckpt}")
            ^^^^^^^^^^^^^^^^^^^^^^^^^^^^^^^^^^^^^^^^^^^^^
  File "/lustre10/scratch/sammys15/PSLD/stable-diffusion/scripts/inverse.py", line 53, in load_model_from_config
    pl_sd = torch.load(ckpt, map_location="cpu")
            ^^^^^^^^^^^^^^^^^^^^^^^^^^^^^^^^^^^^
  File "/lustre10/scratch/sammys15/PSLD/psld_env/lib/python3.11/site-packages/torch/serialization.py", line 1578, in load
    raise pickle.UnpicklingError(_get_wo_message(str(e))) from None
_pickle.UnpicklingError: Weights only load failed. This file can still be loaded, to do so you have two options, [1mdo those steps only if you trust the source of the checkpoint[0m. 
	(1) In PyTorch 2.6, we changed the default value of the `weights_only` argument in `torch.load` from `False` to `True`. Re-running `torch.load` with `weights_only` set to `False` will likely succeed, but it can result in arbitrary code execution. Do it only if you got the file from a trusted source.
	(2) Alternatively, to load with `weights_only=True` please check the recommended steps in the following error message.
	WeightsUnpickler error: Unsupported global: GLOBAL pytorch_lightning.callbacks.model_checkpoint.ModelCheckpoint was not an allowed global by default. Please use `torch.serialization.add_safe_globals([pytorch_lightning.callbacks.model_checkpoint.ModelCheckpoint])` or the `torch.serialization.safe_globals([pytorch_lightning.callbacks.model_checkpoint.ModelCheckpoint])` context manager to allowlist this global if you trust this class/function.

Check the documentation of torch.load to learn more about types accepted by default with weights_only https://pytorch.org/docs/stable/generated/torch.load.html.
